--------------------------------------------------------------------------------
    Blast+
--------------------------------------------------------------------------------
JobId          : Pauling-0-623bbfd8
Name           : prime_blast_run1_Tmp_23Mar2022_2039_43048
Program        : Blast+
Host           : Pauling
Dir            : /home/adgnann/Documents/simulations/pcp2_hom_mod_checking_20220323
HostEntry      : localhost
JobHost        : Pauling
JobDir         : /home/adgnann/tmp/adgnann/prime_blast_run1_Tmp_23Mar2022_2039_43048
JobSchrodinger : /home/adgnann/schrodinger2020-4
Commandline    : /home/adgnann/schrodinger2020-4/blast -HOST localhost prime_blast_run1_Tmp_23Mar2022_2039_43048
StartTime      : 2022-03-23-20:48:25
--------------------------------------------------------------------------------
--------------------------------------------------------------------------------

Using blast version 2.9.0
running blastp via web query
Found 19 hits 
Getting Full Sequences
removed 0 hits due to missing/non-matching ncbi entries
Expanded to 58 hits
Completed Query
Total Time Elapsed (hours:minutes:seconds)    0:01:02
[running at reduced cpu priority]
