 
[running at reduced cpu priority]
 JobID: Pauling-0-617c104f
 BatchMin V13.0    Build  130144  Starting Time 29-Oct-2021 11:16:52
 MacroModel. Copyright Schrodinger, LLC.
 All rights reserved.

 Input filename:  mmod_mini_7jtj_warmed_5ns_merge_repframe4334_negeigwatremoved_prcg_to_grad_0p0418kjmol.mae
 Output filename: mmod_mini_7jtj_warmed_5ns_merge_repframe4334_negeigwatremoved_prcg_to_grad_0p0418kjmol-out.maegz
 Turning on debug switch          55
 Atom-type file: /home/adgnann/schrodinger2020-4/mmshare-v5.2/bin/Linux-x86_64/../../data/atom.typ
 No FFLD_OPLS3_PRINT license found. Forcefield parameters will not be revealed.
 Force field: /home/adgnann/schrodinger2020-4/macromodel-v13.0/bin/Linux-x86_64/../../data/f16.fld
 Read  7590 atoms. Structure name, if any, appears on next line: 
 7JTJ - H-minimized - minimized - no peg - distant surface water removed - no active site sodium - charge offset with sodium in bulk - Frame 4334 - neg eig water removed
 Substructure minimization
     Number of unconstrained atoms        7590
     Number of constrained atoms             0
     Number of frozen atoms                  0
     Number of ignored atoms                 0
WARNING: Optimization of SUBS atoms without additional shells of Fixed or Frozen atoms may lead to exaggerated bonds in the output 
structure.
 Quality of Force Field Parameters in Use:
   Numbers of high, medium and low quality stretch parameters = 7462    0    0
   Numbers of high, medium and low quality bend parameters    =12885    0    0
   Numbers of high, medium and low quality torsion parameters =18684    0    0
   Interactions examined:      39031 of      39031 total, including unused params.
      Stretch total=     7462   constrained=        0
         Bend total=    12885   constrained=        0        linear=        0
      Torsion total=    20163   constrained=        0  out-of-plane=     1479
    Nonbonded total=  8850155      H-bonded=        0      ordinary=  8850155
  Nonbonded cutoffs: CutVdw=   8.00    ;  CutEs=   20.0    
 Solvent file: /home/adgnann/schrodinger2020-4/macromodel-v13.0/bin/Linux-x86_64/../../data/water.slv
    Block specifies desired NFIELD -- accepting block
 Starting conjugate gradient minimization.
                   Total Energy =   -68936.6094 kJ/mol
                        Stretch =     8841.7539 kJ/mol
                           Bend =    16070.2266 kJ/mol
                        Torsion =     5047.9370 kJ/mol
               Improper Torsion =      907.2094 kJ/mol
                            VDW =    -3470.6519 kJ/mol
                  Electrostatic =   -86002.4766 kJ/mol
        Explicit Hydrogen Bonds =        0.0000 kJ/mol
                    Cross Terms =        0.0000 kJ/mol
                    Solvation =   -10330.6094 kJ/mol
  
 T.E. for cross-checking:    -68936.6094 kJ/mol
Iter=    10  Move(A)=  0.588572 E(kJ/mol)=  -92357.38     Grad=   25.56457    
Iter=    20  Move(A)=  0.412229 E(kJ/mol)=  -94487.73     Grad=   13.29660    
Iter=    30  Move(A)=  0.392779 E(kJ/mol)=  -95489.13     Grad=   11.19733    
Iter=    40  Move(A)=  0.371560 E(kJ/mol)=  -96109.50     Grad=   8.642525    
Iter=    50  Move(A)=  0.332523 E(kJ/mol)=  -96511.38     Grad=   7.406516    
Iter=    60  Move(A)=  0.312008 E(kJ/mol)=  -96807.39     Grad=   6.156516    
Iter=    70  Move(A)=  0.304630 E(kJ/mol)=  -97038.02     Grad=   6.006842    
Iter=    80  Move(A)=  0.300200 E(kJ/mol)=  -97226.36     Grad=   4.800667    
Iter=    90  Move(A)=  0.251175 E(kJ/mol)=  -97364.98     Grad=   4.570958    
Iter=   100  Move(A)=  0.256558 E(kJ/mol)=  -97483.44     Grad=   3.978499    
Iter=   110  Move(A)=  0.229712 E(kJ/mol)=  -97578.02     Grad=   3.623157    
Iter=   120  Move(A)=  0.226129 E(kJ/mol)=  -97660.62     Grad=   3.516832    
Iter=   130  Move(A)=  0.238734 E(kJ/mol)=  -97737.35     Grad=   3.180408    
Iter=   140  Move(A)=  0.206762 E(kJ/mol)=  -97799.47     Grad=   3.104981    
Iter=   150  Move(A)=  0.202530 E(kJ/mol)=  -97849.11     Grad=   2.995758    
Iter=   160  Move(A)=  0.192132 E(kJ/mol)=  -97896.98     Grad=   2.546597    
Iter=   170  Move(A)=  0.172519 E(kJ/mol)=  -97937.29     Grad=   2.398209    
Iter=   180  Move(A)=  0.170918 E(kJ/mol)=  -97973.43     Grad=   2.322167    
Iter=   190  Move(A)=  0.164818 E(kJ/mol)=  -98005.40     Grad=   2.305632    
Iter=   200  Move(A)=  0.159489 E(kJ/mol)=  -98034.62     Grad=   2.082681    
Iter=   210  Move(A)=  0.159110 E(kJ/mol)=  -98058.89     Grad=   2.047002    
Iter=   220  Move(A)=  0.158025 E(kJ/mol)=  -98084.26     Grad=   1.852509    
Iter=   230  Move(A)=  0.143934 E(kJ/mol)=  -98105.84     Grad=   1.767040    
Iter=   240  Move(A)=  0.140163 E(kJ/mol)=  -98126.34     Grad=   1.792465    
Iter=   250  Move(A)=  0.144924 E(kJ/mol)=  -98145.39     Grad=   1.717257    
Iter=   260  Move(A)=  0.130487 E(kJ/mol)=  -98162.17     Grad=   1.654903    
Iter=   270  Move(A)=  0.130560 E(kJ/mol)=  -98178.24     Grad=   1.627872    
Iter=   280  Move(A)=  0.131289 E(kJ/mol)=  -98193.79     Grad=   1.567804    
Iter=   290  Move(A)=  0.127523 E(kJ/mol)=  -98208.35     Grad=   1.623576    
Iter=   300  Move(A)=  0.140790 E(kJ/mol)=  -98223.38     Grad=   1.570860    
Iter=   310  Move(A)=  0.133068 E(kJ/mol)=  -98237.52     Grad=   1.549351    
Iter=   320  Move(A)=  0.111862 E(kJ/mol)=  -98247.89     Grad=   1.390959    
Iter=   330  Move(A)=  0.115581 E(kJ/mol)=  -98259.94     Grad=   1.386866    
Iter=   340  Move(A)=  0.117078 E(kJ/mol)=  -98271.54     Grad=   1.383533    
Iter=   350  Move(A)=  0.107227 E(kJ/mol)=  -98281.30     Grad=   1.230297    
Iter=   360  Move(A)=  0.095960 E(kJ/mol)=  -98289.80     Grad=   1.181173    
Iter=   370  Move(A)=  0.099028 E(kJ/mol)=  -98298.20     Grad=   1.182974    
Iter=   380  Move(A)=  0.092782 E(kJ/mol)=  -98305.76     Grad=   1.057294    
Iter=   390  Move(A)=  0.091792 E(kJ/mol)=  -98312.88     Grad=   1.129303    
Iter=   400  Move(A)=  0.089303 E(kJ/mol)=  -98317.22     Grad=   1.027558    
Iter=   410  Move(A)=  0.082424 E(kJ/mol)=  -98323.25     Grad=  0.9956536    
Iter=   420  Move(A)=  0.094260 E(kJ/mol)=  -98327.95     Grad=   1.075791    
Iter=   430  Move(A)=  0.095353 E(kJ/mol)=  -98334.09     Grad=   1.051109    
Iter=   440  Move(A)=  0.096304 E(kJ/mol)=  -98340.24     Grad=   1.029586    
Iter=   450  Move(A)=  0.099613 E(kJ/mol)=  -98346.59     Grad=   1.032012    
Iter=   460  Move(A)=  0.092977 E(kJ/mol)=  -98352.89     Grad=   1.022087    
Iter=   470  Move(A)=  0.094585 E(kJ/mol)=  -98359.11     Grad=   1.025236    
Iter=   480  Move(A)=  0.098878 E(kJ/mol)=  -98365.11     Grad=   1.130022    
Iter=   490  Move(A)=  0.105831 E(kJ/mol)=  -98372.45     Grad=   1.172404    
Iter=   500  Move(A)=  0.093635 E(kJ/mol)=  -98380.28     Grad=   1.073387    
Iter=   510  Move(A)=  0.080817 E(kJ/mol)=  -98386.59     Grad=   1.006286    
Iter=   520  Move(A)=  0.082398 E(kJ/mol)=  -98392.39     Grad=  0.9751495    
Iter=   530  Move(A)=  0.075103 E(kJ/mol)=  -98397.44     Grad=  0.8660870    
Iter=   540  Move(A)=  0.065390 E(kJ/mol)=  -98401.67     Grad=  0.8959906    
Iter=   550  Move(A)=  0.067950 E(kJ/mol)=  -98405.99     Grad=  0.8655773    
Iter=   560  Move(A)=  0.067691 E(kJ/mol)=  -98410.07     Grad=  0.8178264    
Iter=   570  Move(A)=  0.060833 E(kJ/mol)=  -98413.68     Grad=  0.7674679    
Iter=   580  Move(A)=  0.068712 E(kJ/mol)=  -98417.52     Grad=  0.8819002    
Iter=   590  Move(A)=  0.066522 E(kJ/mol)=  -98421.39     Grad=  0.7976316    
Iter=   600  Move(A)=  0.061735 E(kJ/mol)=  -98425.16     Grad=  0.7777358    
Iter=   610  Move(A)=  0.058717 E(kJ/mol)=  -98428.26     Grad=  0.7174862    
Iter=   620  Move(A)=  0.053143 E(kJ/mol)=  -98430.83     Grad=  0.6428463    
Iter=   630  Move(A)=  0.049096 E(kJ/mol)=  -98433.25     Grad=  0.6731994    
Iter=   640  Move(A)=  0.051262 E(kJ/mol)=  -98435.63     Grad=  0.6983991    
Iter=   650  Move(A)=  0.054338 E(kJ/mol)=  -98438.18     Grad=  0.6361701    
Iter=   660  Move(A)=  0.055356 E(kJ/mol)=  -98440.55     Grad=  0.6929836    
Iter=   670  Move(A)=  0.052037 E(kJ/mol)=  -98442.74     Grad=  0.6607350    
Iter=   680  Move(A)=  0.059679 E(kJ/mol)=  -98445.48     Grad=  0.6992145    
Iter=   690  Move(A)=  0.070881 E(kJ/mol)=  -98448.88     Grad=  0.7431489    
Iter=   700  Move(A)=  0.059562 E(kJ/mol)=  -98451.27     Grad=  0.6114530    
Iter=   710  Move(A)=  0.046525 E(kJ/mol)=  -98453.46     Grad=  0.6197417    
Iter=   720  Move(A)=  0.046386 E(kJ/mol)=  -98455.57     Grad=  0.6418552    
Iter=   730  Move(A)=  0.045533 E(kJ/mol)=  -98457.53     Grad=  0.5633011    
Iter=   740  Move(A)=  0.042205 E(kJ/mol)=  -98459.12     Grad=  0.5400841    
Iter=   750  Move(A)=  0.036910 E(kJ/mol)=  -98460.61     Grad=  0.5308135    
Iter=   760  Move(A)=  0.041374 E(kJ/mol)=  -98462.19     Grad=  0.5407039    
Iter=   770  Move(A)=  0.042904 E(kJ/mol)=  -98463.64     Grad=  0.5287555    
Iter=   780  Move(A)=  0.042892 E(kJ/mol)=  -98465.80     Grad=  0.5289961    
Iter=   790  Move(A)=  0.043933 E(kJ/mol)=  -98467.16     Grad=  0.6389507    
Iter=   800  Move(A)=  0.037206 E(kJ/mol)=  -98468.81     Grad=  0.6382793    
Iter=   810  Move(A)=  0.036027 E(kJ/mol)=  -98470.30     Grad=  0.5134944    
Iter=   820  Move(A)=  0.035438 E(kJ/mol)=  -98471.71     Grad=  0.4672944    
Iter=   830  Move(A)=  0.035711 E(kJ/mol)=  -98473.02     Grad=  0.4601264    
Iter=   840  Move(A)=  0.033070 E(kJ/mol)=  -98474.12     Grad=  0.4591680    
Iter=   850  Move(A)=  0.030613 E(kJ/mol)=  -98475.14     Grad=  0.4322259    
Iter=   860  Move(A)=  0.033707 E(kJ/mol)=  -98476.18     Grad=  0.4323569    
Iter=   870  Move(A)=  0.037703 E(kJ/mol)=  -98476.94     Grad=  0.4968204    
Iter=   880  Move(A)=  0.038509 E(kJ/mol)=  -98478.20     Grad=  0.5239644    
Iter=   890  Move(A)=  0.050860 E(kJ/mol)=  -98479.67     Grad=  0.5698465    
Iter=   900  Move(A)=  0.104747 E(kJ/mol)=  -98480.55     Grad=   1.382039    
Iter=   910  Move(A)=  0.028756 E(kJ/mol)=  -98486.55     Grad=  0.7790922    
Iter=   920  Move(A)=  0.032468 E(kJ/mol)=  -98491.37     Grad=  0.7130917    
Iter=   930  Move(A)=  0.027059 E(kJ/mol)=  -98494.58     Grad=  0.7448243    
Iter=   940  Move(A)=  0.035808 E(kJ/mol)=  -98497.72     Grad=  0.8077416    
Iter=   950  Move(A)=  0.040376 E(kJ/mol)=  -98500.46     Grad=  0.6336029    
Iter=   960  Move(A)=  0.028924 E(kJ/mol)=  -98502.35     Grad=  0.5076452    
Iter=   970  Move(A)=  0.030460 E(kJ/mol)=  -98504.11     Grad=  0.5085247    
Iter=   980  Move(A)=  0.031009 E(kJ/mol)=  -98505.63     Grad=  0.5097548    
Iter=   990  Move(A)=  0.031479 E(kJ/mol)=  -98507.00     Grad=  0.4483860    
Iter=  1000  Move(A)=  0.029482 E(kJ/mol)=  -98508.21     Grad=  0.4156816    
Iter=  1010  Move(A)=  0.027777 E(kJ/mol)=  -98509.25     Grad=  0.4305173    
Iter=  1020  Move(A)=  0.035448 E(kJ/mol)=  -98510.44     Grad=  0.4995022    
Iter=  1030  Move(A)=  0.047166 E(kJ/mol)=  -98511.91     Grad=  0.5276933    
Iter=  1040  Move(A)=  0.048986 E(kJ/mol)=  -98513.66     Grad=  0.5836401    
Iter=  1050  Move(A)=  0.049805 E(kJ/mol)=  -98515.34     Grad=  0.5671346    
Iter=  1060  Move(A)=  0.042127 E(kJ/mol)=  -98516.98     Grad=  0.5671657    
Iter=  1070  Move(A)=  0.047043 E(kJ/mol)=  -98519.03     Grad=  0.6197292    
Iter=  1080  Move(A)=  0.110549 E(kJ/mol)=  -98523.78     Grad=  0.8218794    
Iter=  1090  Move(A)=  0.056022 E(kJ/mol)=  -98526.74     Grad=  0.6371987    
Iter=  1100  Move(A)=  0.044740 E(kJ/mol)=  -98529.37     Grad=  0.7235726    
Iter=  1110  Move(A)=  0.049355 E(kJ/mol)=  -98532.49     Grad=  0.6915691    
Iter=  1120  Move(A)=  0.042935 E(kJ/mol)=  -98535.03     Grad=  0.6145556    
Iter=  1130  Move(A)=  0.034516 E(kJ/mol)=  -98536.89     Grad=  0.5308576    
Iter=  1140  Move(A)=  0.026768 E(kJ/mol)=  -98538.30     Grad=  0.4730983    
Iter=  1150  Move(A)=  0.029954 E(kJ/mol)=  -98539.66     Grad=  0.4774396    
Iter=  1160  Move(A)=  0.031248 E(kJ/mol)=  -98540.95     Grad=  0.4465132    
Iter=  1170  Move(A)=  0.029419 E(kJ/mol)=  -98542.07     Grad=  0.4058829    
Iter=  1180  Move(A)=  0.029771 E(kJ/mol)=  -98543.03     Grad=  0.4689007    
Iter=  1190  Move(A)=  0.032764 E(kJ/mol)=  -98543.97     Grad=  0.4270328    
Iter=  1200  Move(A)=  0.024813 E(kJ/mol)=  -98544.81     Grad=  0.3561916    
Iter=  1210  Move(A)=  0.022838 E(kJ/mol)=  -98545.55     Grad=  0.3441799    
Iter=  1220  Move(A)=  0.019658 E(kJ/mol)=  -98546.14     Grad=  0.3263380    
Iter=  1230  Move(A)=  0.021781 E(kJ/mol)=  -98546.76     Grad=  0.3206869    
Iter=  1240  Move(A)=  0.021351 E(kJ/mol)=  -98547.30     Grad=  0.2947303    
Iter=  1250  Move(A)=  0.018244 E(kJ/mol)=  -98546.51     Grad=  0.2807757    
Iter=  1260  Move(A)=  0.018193 E(kJ/mol)=  -98546.89     Grad=  0.2637296    
Iter=  1270  Move(A)=  0.014766 E(kJ/mol)=  -98547.21     Grad=  0.2163491    
Iter=  1280  Move(A)=  0.015044 E(kJ/mol)=  -98547.52     Grad=  0.2288050    
Iter=  1290  Move(A)=  0.016015 E(kJ/mol)=  -98547.80     Grad=  0.2148318    
Iter=  1300  Move(A)=  0.014591 E(kJ/mol)=  -98548.06     Grad=  0.2133096    
Iter=  1310  Move(A)=  0.015355 E(kJ/mol)=  -98548.31     Grad=  0.1971025    
Iter=  1320  Move(A)=  0.014030 E(kJ/mol)=  -98548.53     Grad=  0.1838412    
Iter=  1330  Move(A)=  0.011990 E(kJ/mol)=  -98548.70     Grad=  0.1646350    
Iter=  1340  Move(A)=  0.011827 E(kJ/mol)=  -98548.85     Grad=  0.1590896    
Iter=  1350  Move(A)=  0.012567 E(kJ/mol)=  -98549.02     Grad=  0.1612851    
Iter=  1360  Move(A)=  0.013543 E(kJ/mol)=  -98549.17     Grad=  0.1570485    
Iter=  1370  Move(A)=  0.013343 E(kJ/mol)=  -98549.31     Grad=  0.1524619    
Iter=  1380  Move(A)=  0.013615 E(kJ/mol)=  -98549.45     Grad=  0.1600789    
Iter=  1390  Move(A)=  0.014453 E(kJ/mol)=  -98549.59     Grad=  0.1573852    
Iter=  1400  Move(A)=  0.016564 E(kJ/mol)=  -98549.74     Grad=  0.1624671    
Iter=  1410  Move(A)=  0.016201 E(kJ/mol)=  -98549.90     Grad=  0.1621196    
Iter=  1420  Move(A)=  0.017907 E(kJ/mol)=  -98550.07     Grad=  0.1663957    
Iter=  1430  Move(A)=  0.018877 E(kJ/mol)=  -98550.27     Grad=  0.1752549    
Iter=  1440  Move(A)=  0.021330 E(kJ/mol)=  -98550.47     Grad=  0.1962180    
Iter=  1450  Move(A)=  0.027630 E(kJ/mol)=  -98550.71     Grad=  0.2530268    
Iter=  1460  Move(A)=  0.035285 E(kJ/mol)=  -98551.12     Grad=  0.2629114    
Iter=  1470  Move(A)=  0.053570 E(kJ/mol)=  -98551.79     Grad=  0.3572465    
Iter=  1480  Move(A)=  0.053550 E(kJ/mol)=  -98552.14     Grad=  0.3242968    
Iter=  1490  Move(A)=  0.010390 E(kJ/mol)=  -98555.40     Grad=  0.3076341    
Iter=  1500  Move(A)=  0.012402 E(kJ/mol)=  -98556.01     Grad=  0.2909934    
Iter=  1510  Move(A)=  0.013996 E(kJ/mol)=  -98556.54     Grad=  0.2920987    
Iter=  1520  Move(A)=  0.013011 E(kJ/mol)=  -98556.97     Grad=  0.2614047    
Iter=  1530  Move(A)=  0.012623 E(kJ/mol)=  -98557.32     Grad=  0.2453356    
Iter=  1540  Move(A)=  0.012320 E(kJ/mol)=  -98557.62     Grad=  0.2261310    
Iter=  1550  Move(A)=  0.013441 E(kJ/mol)=  -98557.90     Grad=  0.2142405    
Iter=  1560  Move(A)=  0.013849 E(kJ/mol)=  -98558.15     Grad=  0.1958102    
Iter=  1570  Move(A)=  0.010878 E(kJ/mol)=  -98558.33     Grad=  0.1739889    
Iter=  1580  Move(A)=  0.009164 E(kJ/mol)=  -98558.48     Grad=  0.1601998    
Iter=  1590  Move(A)=  0.011183 E(kJ/mol)=  -98558.64     Grad=  0.1629793    
Iter=  1600  Move(A)=  0.010102 E(kJ/mol)=  -98558.77     Grad=  0.1462023    
Iter=  1610  Move(A)=  0.008908 E(kJ/mol)=  -98558.88     Grad=  0.1375094    
Iter=  1620  Move(A)=  0.008986 E(kJ/mol)=  -98558.99     Grad=  0.1306485    
Iter=  1630  Move(A)=  0.008742 E(kJ/mol)=  -98559.08     Grad=  0.1222298    
Iter=  1640  Move(A)=  0.008493 E(kJ/mol)=  -98559.16     Grad=  0.1286604    
Iter=  1650  Move(A)=  0.009121 E(kJ/mol)=  -98559.24     Grad=  0.1246157    
Iter=  1660  Move(A)=  0.010084 E(kJ/mol)=  -98559.34     Grad=  0.1209200    
Iter=  1670  Move(A)=  0.012053 E(kJ/mol)=  -98559.44     Grad=  0.1435683    
Iter=  1680  Move(A)=  0.015747 E(kJ/mol)=  -98559.56     Grad=  0.1759958    
Iter=  1690  Move(A)=  0.025654 E(kJ/mol)=  -98559.77     Grad=  0.2441232    
Iter=  1700  Move(A)=  0.051508 E(kJ/mol)=  -98560.36     Grad=  0.5502640    
Iter=  1710  Move(A)=  0.114411 E(kJ/mol)=  -98562.28     Grad=  0.4917950    
Iter=  1720  Move(A)=  0.008912 E(kJ/mol)=  -98563.14     Grad=  0.3456303    
Iter=  1730  Move(A)=  0.012138 E(kJ/mol)=  -98563.81     Grad=  0.2810688    
Iter=  1740  Move(A)=  0.011769 E(kJ/mol)=  -98564.30     Grad=  0.2820522    
Iter=  1750  Move(A)=  0.012840 E(kJ/mol)=  -98564.73     Grad=  0.2551889    
Iter=  1760  Move(A)=  0.011412 E(kJ/mol)=  -98565.04     Grad=  0.2315409    
Iter=  1770  Move(A)=  0.011749 E(kJ/mol)=  -98565.31     Grad=  0.1979234    
Iter=  1780  Move(A)=  0.010406 E(kJ/mol)=  -98565.53     Grad=  0.1784157    
Iter=  1790  Move(A)=  0.011179 E(kJ/mol)=  -98565.73     Grad=  0.1950285    
Iter=  1800  Move(A)=  0.012493 E(kJ/mol)=  -98565.93     Grad=  0.1843812    
Iter=  1810  Move(A)=  0.011982 E(kJ/mol)=  -98566.10     Grad=  0.1641711    
Iter=  1820  Move(A)=  0.012777 E(kJ/mol)=  -98566.28     Grad=  0.1803576    
Iter=  1830  Move(A)=  0.017013 E(kJ/mol)=  -98566.50     Grad=  0.2223590    
Iter=  1840  Move(A)=  0.019298 E(kJ/mol)=  -98566.75     Grad=  0.2208017    
Iter=  1850  Move(A)=  0.024159 E(kJ/mol)=  -98567.06     Grad=  0.2948312    
Iter=  1860  Move(A)=  0.027649 E(kJ/mol)=  -98567.52     Grad=  0.4107396    
Iter=  1870  Move(A)=  0.170146 E(kJ/mol)=  -98567.55     Grad=   2.177423    
Iter=  1880  Move(A)=  0.019827 E(kJ/mol)=  -98574.20     Grad=  0.9015074    
Iter=  1890  Move(A)=  0.019449 E(kJ/mol)=  -98577.04     Grad=  0.7511514    
Iter=  1900  Move(A)=  0.022779 E(kJ/mol)=  -98578.96     Grad=  0.4284706    
Iter=  1910  Move(A)=  0.011466 E(kJ/mol)=  -98580.05     Grad=  0.2923240    
Iter=  1920  Move(A)=  0.011964 E(kJ/mol)=  -98580.59     Grad=  0.2595426    
Iter=  1930  Move(A)=  0.010791 E(kJ/mol)=  -98580.96     Grad=  0.2522370    
Iter=  1940  Move(A)=  0.011991 E(kJ/mol)=  -98581.29     Grad=  0.2341029    
Iter=  1950  Move(A)=  0.013668 E(kJ/mol)=  -98581.60     Grad=  0.2079443    
Iter=  1960  Move(A)=  0.015304 E(kJ/mol)=  -98581.93     Grad=  0.2231033    
Iter=  1970  Move(A)=  0.014788 E(kJ/mol)=  -98582.23     Grad=  0.2315615    
Iter=  1980  Move(A)=  0.022020 E(kJ/mol)=  -98582.70     Grad=  0.3699903    
Iter=  1990  Move(A)=  0.066243 E(kJ/mol)=  -98583.77     Grad=  0.5140963    
Iter=  2000  Move(A)=  0.044074 E(kJ/mol)=  -98585.21     Grad=  0.4329348    
Iter=  2010  Move(A)=  0.024030 E(kJ/mol)=  -98586.08     Grad=  0.3498454    
Iter=  2020  Move(A)=  0.017447 E(kJ/mol)=  -98586.62     Grad=  0.2790214    
Iter=  2030  Move(A)=  0.014514 E(kJ/mol)=  -98587.09     Grad=  0.2546781    
Iter=  2040  Move(A)=  0.016214 E(kJ/mol)=  -98587.54     Grad=  0.2705571    
Iter=  2050  Move(A)=  0.016804 E(kJ/mol)=  -98587.95     Grad=  0.2525973    
Iter=  2060  Move(A)=  0.016978 E(kJ/mol)=  -98588.35     Grad=  0.2415291    
Iter=  2070  Move(A)=  0.016973 E(kJ/mol)=  -98588.70     Grad=  0.2279448    
Iter=  2080  Move(A)=  0.015925 E(kJ/mol)=  -98589.01     Grad=  0.2150647    
Iter=  2090  Move(A)=  0.013299 E(kJ/mol)=  -98589.24     Grad=  0.1761483    
Iter=  2100  Move(A)=  0.012264 E(kJ/mol)=  -98589.45     Grad=  0.1732565    
Iter=  2110  Move(A)=  0.011942 E(kJ/mol)=  -98589.63     Grad=  0.1641454    
Iter=  2120  Move(A)=  0.011968 E(kJ/mol)=  -98589.80     Grad=  0.1624200    
Iter=  2130  Move(A)=  0.012091 E(kJ/mol)=  -98589.95     Grad=  0.1595926    
Iter=  2140  Move(A)=  0.013173 E(kJ/mol)=  -98590.12     Grad=  0.1642056    
Iter=  2150  Move(A)=  0.014034 E(kJ/mol)=  -98590.28     Grad=  0.1666230    
Iter=  2160  Move(A)=  0.016133 E(kJ/mol)=  -98590.50     Grad=  0.1929057    
Iter=  2170  Move(A)=  0.021658 E(kJ/mol)=  -98590.86     Grad=  0.2778693    
Iter=  2180  Move(A)=  0.067210 E(kJ/mol)=  -98592.88     Grad=  0.3969575    
Iter=  2190  Move(A)=  0.020417 E(kJ/mol)=  -98596.02     Grad=  0.6047655    
Iter=  2200  Move(A)=  0.008098 E(kJ/mol)=  -98596.73     Grad=  0.3385683    
Iter=  2210  Move(A)=  0.009897 E(kJ/mol)=  -98597.21     Grad=  0.2407541    
Iter=  2220  Move(A)=  0.009695 E(kJ/mol)=  -98597.55     Grad=  0.2162541    
Iter=  2230  Move(A)=  0.011221 E(kJ/mol)=  -98597.85     Grad=  0.2108952    
Iter=  2240  Move(A)=  0.012167 E(kJ/mol)=  -98598.13     Grad=  0.1944869    
Iter=  2250  Move(A)=  0.010017 E(kJ/mol)=  -98598.33     Grad=  0.1679270    
Iter=  2260  Move(A)=  0.009445 E(kJ/mol)=  -98598.49     Grad=  0.1538197    
Iter=  2270  Move(A)=  0.008502 E(kJ/mol)=  -98598.62     Grad=  0.1391857    
Iter=  2280  Move(A)=  0.008629 E(kJ/mol)=  -98598.74     Grad=  0.1386313    
Iter=  2290  Move(A)=  0.009549 E(kJ/mol)=  -98598.85     Grad=  0.1271368    
Iter=  2300  Move(A)=  0.008072 E(kJ/mol)=  -98598.95     Grad=  0.1171749    
Iter=  2310  Move(A)=  0.007810 E(kJ/mol)=  -98599.02     Grad=  0.1095652    
Iter=  2320  Move(A)=  0.009345 E(kJ/mol)=  -98599.11     Grad=  0.1185166    
Iter=  2330  Move(A)=  0.007970 E(kJ/mol)=  -98599.18     Grad=  0.1049543    
Iter=  2340  Move(A)=  0.005630 E(kJ/mol)=  -98599.23     Grad=  0.8968797E-01
Iter=  2350  Move(A)=  0.004765 E(kJ/mol)=  -98599.26     Grad=  0.7366168E-01
Iter=  2360  Move(A)=  0.004524 E(kJ/mol)=  -98599.29     Grad=  0.7220044E-01
Iter=  2370  Move(A)=  0.004159 E(kJ/mol)=  -98599.31     Grad=  0.6532736E-01
Iter=  2380  Move(A)=  0.003839 E(kJ/mol)=  -98599.34     Grad=  0.6533441E-01
Iter=  2390  Move(A)=  0.004814 E(kJ/mol)=  -98599.36     Grad=  0.6102842E-01
Iter=  2400  Move(A)=  0.005255 E(kJ/mol)=  -98599.39     Grad=  0.7110430E-01
Iter=  2410  Move(A)=  0.006674 E(kJ/mol)=  -98599.42     Grad=  0.7726943E-01
Iter=  2420  Move(A)=  0.008195 E(kJ/mol)=  -98599.45     Grad=  0.7545818E-01
Iter=  2430  Move(A)=  0.008135 E(kJ/mol)=  -98599.49     Grad=  0.8273605E-01
Iter=  2440  Move(A)=  0.009342 E(kJ/mol)=  -98599.53     Grad=  0.8241867E-01
Iter=  2450  Move(A)=  0.011327 E(kJ/mol)=  -98599.58     Grad=  0.1001480    
Iter=  2460  Move(A)=  0.016574 E(kJ/mol)=  -98599.64     Grad=  0.1327855    
Iter=  2470  Move(A)=  0.026255 E(kJ/mol)=  -98599.78     Grad=  0.2086579    
Iter=  2480  Move(A)=  0.100812 E(kJ/mol)=  -98600.04     Grad=  0.2589714    
Iter=  2490  Move(A)=  0.007094 E(kJ/mol)=  -98600.52     Grad=  0.2340283    
Iter=  2500  Move(A)=  0.009110 E(kJ/mol)=  -98600.92     Grad=  0.2333994    
Iter=  2510  Move(A)=  0.008657 E(kJ/mol)=  -98601.20     Grad=  0.1829609    
Iter=  2520  Move(A)=  0.006881 E(kJ/mol)=  -98601.36     Grad=  0.1480155    
Iter=  2530  Move(A)=  0.007338 E(kJ/mol)=  -98601.49     Grad=  0.1241722    
Iter=  2540  Move(A)=  0.005943 E(kJ/mol)=  -98601.78     Grad=  0.1126749    
Iter=  2550  Move(A)=  0.005640 E(kJ/mol)=  -98601.85     Grad=  0.1060396    
Iter=  2560  Move(A)=  0.005674 E(kJ/mol)=  -98601.91     Grad=  0.9218499E-01
Iter=  2570  Move(A)=  0.005903 E(kJ/mol)=  -98601.97     Grad=  0.9812583E-01
Iter=  2580  Move(A)=  0.006010 E(kJ/mol)=  -98602.02     Grad=  0.8117504E-01
Iter=  2590  Move(A)=  0.005604 E(kJ/mol)=  -98602.05     Grad=  0.8155087E-01
Iter=  2600  Move(A)=  0.006043 E(kJ/mol)=  -98602.09     Grad=  0.7686629E-01
Iter=  2610  Move(A)=  0.004620 E(kJ/mol)=  -98602.12     Grad=  0.6065729E-01
Iter=  2620  Move(A)=  0.003681 E(kJ/mol)=  -98602.14     Grad=  0.5534233E-01
Iter=  2630  Move(A)=  0.003956 E(kJ/mol)=  -98602.16     Grad=  0.5492558E-01
Iter=  2640  Move(A)=  0.004682 E(kJ/mol)=  -98602.19     Grad=  0.5798689E-01
Iter=  2650  Move(A)=  0.004448 E(kJ/mol)=  -98602.20     Grad=  0.5511637E-01
Iter=  2660  Move(A)=  0.004731 E(kJ/mol)=  -98602.22     Grad=  0.5610667E-01
Iter=  2670  Move(A)=  0.004383 E(kJ/mol)=  -98602.24     Grad=  0.4919905E-01
Iter=  2680  Move(A)=  0.004313 E(kJ/mol)=  -98602.26     Grad=  0.5097141E-01
Iter=  2690  Move(A)=  0.004249 E(kJ/mol)=  -98602.27     Grad=  0.4787512E-01
Iter=  2700  Move(A)=  0.004267 E(kJ/mol)=  -98602.28     Grad=  0.4797181E-01
Iter=  2710  Move(A)=  0.004250 E(kJ/mol)=  -98602.30     Grad=  0.4824188E-01
Iter=  2720  Move(A)=  0.004844 E(kJ/mol)=  -98602.31     Grad=  0.5017386E-01
Iter=  2730  Move(A)=  0.005097 E(kJ/mol)=  -98602.33     Grad=  0.4985528E-01
Iter=  2740  Move(A)=  0.004877 E(kJ/mol)=  -98602.34     Grad=  0.4691769E-01
Iter=  2750  Move(A)=  0.004294 E(kJ/mol)=  -98602.35     Grad=  0.4109006E-01
 Minimization converged; gradient = 0.411E-01 .LT.  0.418E-01
                   Total Energy =   -98581.6094 kJ/mol
                        Stretch =     1238.0288 kJ/mol
                           Bend =     4371.3647 kJ/mol
                        Torsion =     2483.4915 kJ/mol
               Improper Torsion =      139.0378 kJ/mol
                            VDW =    -5675.8672 kJ/mol
                  Electrostatic =   -90176.7812 kJ/mol
        Explicit Hydrogen Bonds =        0.0000 kJ/mol
                    Cross Terms =        0.0000 kJ/mol
                    Solvation =   -10960.8848 kJ/mol
  
 T.E. for cross-checking:    -98581.6094 kJ/mol
 Iterations =        2750  out of        10000
 Conf    1 E =  -98581.609 (  0.041) kJ/mol
 Total number of structures processed =           1
 
BatchMin: normal termination                           29-Oct-2021 11:46:42
1519.96user 113.21system 30:10.93elapsed 90%CPU (0avgtext+0avgdata 1144808maxresident)k
67408inputs+3912outputs (69major+118080439minor)pagefaults 0swaps
