Interface Mode ON
Loaded 200 structures
Using complex_191w.pdb as reference
Read 2 chains from contacts file: AB
Symmetry option on. Checking chain lengths: WARNING!! Chains have different lengths! (B:73 != A:428)
You main run into problems later on...
OK!
Generating ZONE definitions..
Symmetry option was turned on, but chains are not identical: Turning symmetry off
Defined 1 zone(s)
ZONE CLEAR \n ZONE A1483-A1483:A1483-A1483 ZONE A1484-A1484:A1484-A1484 ZONE A1485-A1485:A1485-A1485 ZONE A1486-A1486:A1486-A1486 ZONE A1625-A1625:A1625-A1625 ZONE A1627-A1627:A1627-A1627 ZONE A1630-A1630:A1630-A1630 ZONE A1657-A1657:A1657-A1657 ZONE A1660-A1660:A1660-A1660 ZONE A1662-A1662:A1662-A1662 ZONE A1663-A1663:A1663-A1663 ZONE A1665-A1665:A1665-A1665 ZONE A1668-A1668:A1668-A1668 ZONE A1669-A1669:A1669-A1669 ZONE A1670-A1670:A1670-A1670 ZONE A1713-A1713:A1713-A1713 ZONE A1714-A1714:A1714-A1714 ZONE A1715-A1715:A1715-A1715 ZONE A1716-A1716:A1716-A1716 ZONE A1717-A1717:A1717-A1717 ZONE A1718-A1718:A1718-A1718 ZONE A1719-A1719:A1719-A1719 ZONE A1720-A1720:A1720-A1720 ZONE A1721-A1721:A1721-A1721 ZONE A1722-A1722:A1722-A1722 ZONE A1723-A1723:A1723-A1723 ZONE A1724-A1724:A1724-A1724 ZONE A1725-A1725:A1725-A1725 ZONE A1726-A1726:A1726-A1726 ZONE A1727-A1727:A1727-A1727 ZONE A1728-A1728:A1728-A1728 ZONE A1729-A1729:A1729-A1729 ZONE A1730-A1730:A1730-A1730 ZONE A1731-A1731:A1731-A1731 ZONE A1732-A1732:A1732-A1732 ZONE A1752-A1752:A1752-A1752 ZONE A1753-A1753:A1753-A1753 ZONE A1754-A1754:A1754-A1754 ZONE A1755-A1755:A1755-A1755 ZONE A1756-A1756:A1756-A1756 ZONE A1757-A1757:A1757-A1757 ZONE A1758-A1758:A1758-A1758 ZONE A1759-A1759:A1759-A1759 ZONE A1760-A1760:A1760-A1760 ZONE A1761-A1761:A1761-A1761 ZONE A1762-A1762:A1762-A1762 ZONE A1763-A1763:A1763-A1763 ZONE A1764-A1764:A1764-A1764 ZONE A1765-A1765:A1765-A1765 ZONE A1771-A1771:A1771-A1771 ZONE A1773-A1773:A1773-A1773 ZONE A1775-A1775:A1775-A1775 ZONE A1777-A1777:A1777-A1777 ZONE A1787-A1787:A1787-A1787 ZONE A1789-A1789:A1789-A1789 ZONE A1790-A1790:A1790-A1790 ZONE A1791-A1791:A1791-A1791 ZONE A1792-A1792:A1792-A1792 ZONE A1793-A1793:A1793-A1793 ZONE A1794-A1794:A1794-A1794 ZONE A1795-A1795:A1795-A1795 ZONE A1796-A1796:A1796-A1796 ZONE A1797-A1797:A1797-A1797 ZONE A1798-A1798:A1798-A1798 ZONE A1799-A1799:A1799-A1799 ZONE A1800-A1800:A1800-A1800 ZONE A1801-A1801:A1801-A1801 ZONE A1802-A1802:A1802-A1802 ZONE A1803-A1803:A1803-A1803 ZONE A1804-A1804:A1804-A1804 ZONE A1829-A1829:A1829-A1829 ZONE A1830-A1830:A1830-A1830 ZONE A1831-A1831:A1831-A1831 ZONE A1832-A1832:A1832-A1832 ZONE A1833-A1833:A1833-A1833 ZONE A1834-A1834:A1834-A1834 ZONE A1835-A1835:A1835-A1835 ZONE A1836-A1836:A1836-A1836 ZONE A1837-A1837:A1837-A1837 ZONE A1838-A1838:A1838-A1838 ZONE A1839-A1839:A1839-A1839 ZONE A1840-A1840:A1840-A1840 ZONE A1865-A1865:A1865-A1865 ZONE A1866-A1866:A1866-A1866 ZONE A1867-A1867:A1867-A1867 ZONE A1868-A1868:A1868-A1868 ZONE A1869-A1869:A1869-A1869 ZONE A1870-A1870:A1870-A1870 ZONE A1872-A1872:A1872-A1872\n ZONE B1404-B1404:B1404-B1404 ZONE B1406-B1406:B1406-B1406 ZONE B1410-B1410:B1410-B1410 ZONE B1417-B1417:B1417-B1417 ZONE B1427-B1427:B1427-B1427 ZONE B1428-B1428:B1428-B1428 ZONE B1429-B1429:B1429-B1429 ZONE B1430-B1430:B1430-B1430 ZONE B1431-B1431:B1431-B1431 ZONE B1432-B1432:B1432-B1432 ZONE B1433-B1433:B1433-B1433 ZONE B1434-B1434:B1434-B1434 ZONE B1435-B1435:B1435-B1435 ZONE B1436-B1436:B1436-B1436 ZONE B1437-B1437:B1437-B1437 ZONE B1438-B1438:B1438-B1438 ZONE B1439-B1439:B1439-B1439 ZONE B1440-B1440:B1440-B1440 ZONE B1441-B1441:B1441-B1441 ZONE B1442-B1442:B1442-B1442 ZONE B1443-B1443:B1443-B1443 ZONE B1444-B1444:B1444-B1444 ZONE B1446-B1446:B1446-B1446 ZONE B1447-B1447:B1447-B1447 ZONE B1450-B1450:B1450-B1450 ZONE B1455-B1455:B1455-B1455 ZONE B1456-B1456:B1456-B1456 ZONE B1457-B1457:B1457-B1457 ZONE B1458-B1458:B1458-B1458 ZONE B1459-B1459:B1459-B1459 ZONE B1460-B1460:B1460-B1460 ZONE B1461-B1461:B1461-B1461 ZONE B1462-B1462:B1462-B1462 ZONE B1463-B1463:B1463-B1463 ZONE B1464-B1464:B1464-B1464 ZONE B1465-B1465:B1465-B1465 ZONE B1466-B1466:B1466-B1466 ZONE B1467-B1467:B1467-B1467 ZONE B1468-B1468:B1468-B1468 ZONE B1469-B1469:B1469-B1469 ZONE B1470-B1470:B1470-B1470 ZONE B1471-B1471:B1471-B1471 ZONE B1472-B1472:B1472-B1472 ZONE B1473-B1473:B1473-B1473 ZONE B1474-B1474:B1474-B1474 ZONE B1475-B1475:B1475-B1475 ZONE B1476-B1476:B1476-B1476\n FIT
RMS: 0.000
1
RMS: 9.724
1
RMS: 0.662
1
RMS: 13.445
1
RMS: 11.589
1
RMS: 12.698
1
RMS: 3.715
1
RMS: 11.376
1
RMS: 11.555
1
RMS: 9.768
1
RMS: 9.709
1
RMS: 4.748
1
RMS: 13.595
1
RMS: 10.551
1
RMS: 9.929
1
RMS: 13.485
1
RMS: 10.395
1
RMS: 12.549
1
RMS: 7.677
1
RMS: 11.555
1
RMS: 13.296
1
RMS: 9.695
1
RMS: 9.849
1
RMS: 10.915
1
RMS: 14.652
1
RMS: 10.431
1
RMS: 11.864
1
RMS: 11.931
1
RMS: 11.870
1
RMS: 13.301
1
RMS: 10.284
1
RMS: 4.351
1
RMS: 17.677
1
RMS: 10.900
1
RMS: 12.752
1
RMS: 11.761
1
RMS: 10.819
1
RMS: 2.071
1
RMS: 13.594
1
RMS: 10.800
1
RMS: 14.118
1
RMS: 6.916
1
RMS: 12.084
1
RMS: 16.227
1
RMS: 10.280
1
RMS: 11.961
1
RMS: 10.856
1
RMS: 13.483
1
RMS: 12.762
1
RMS: 10.378
1
RMS: 19.437
1
RMS: 18.617
1
RMS: 19.603
1
RMS: 11.568
1
RMS: 12.216
1
RMS: 19.174
1
RMS: 21.267
1
RMS: 19.735
1
RMS: 21.826
1
RMS: 20.125
1
RMS: 19.641
1
RMS: 10.516
1
RMS: 8.882
1
RMS: 14.418
1
RMS: 20.254
1
RMS: 21.046
1
RMS: 19.723
1
RMS: 16.029
1
RMS: 20.408
1
RMS: 16.017
1
RMS: 20.160
1
RMS: 4.802
1
RMS: 22.693
1
RMS: 19.539
1
RMS: 17.241
1
RMS: 19.069
1
RMS: 14.253
1
RMS: 16.599
1
RMS: 19.335
1
RMS: 18.106
1
RMS: 8.129
1
RMS: 17.047
1
RMS: 16.846
1
RMS: 9.848
1
RMS: 18.171
1
RMS: 21.572
1
RMS: 19.354
1
RMS: 20.272
1
RMS: 19.801
1
RMS: 18.623
1
RMS: 20.110
1
RMS: 19.071
1
RMS: 20.253
1
RMS: 19.036
1
RMS: 21.186
1
RMS: 19.664
1
RMS: 9.990
1
RMS: 18.886
1
RMS: 19.789
1
RMS: 18.072
1
RMS: 19.875
1
RMS: 19.760
1
RMS: 20.389
1
RMS: 20.415
1
RMS: 18.418
1
RMS: 19.529
1
RMS: 22.242
1
RMS: 19.575
1
RMS: 19.596
1
RMS: 20.146
1
RMS: 20.240
1
RMS: 18.334
1
RMS: 19.593
1
RMS: 10.440
1
RMS: 19.850
1
RMS: 19.239
1
RMS: 17.869
1
RMS: 19.524
1
RMS: 19.766
1
RMS: 18.695
1
RMS: 21.261
1
RMS: 20.112
1
RMS: 18.842
1
RMS: 20.342
1
RMS: 19.172
1
RMS: 18.306
1
RMS: 20.730
1
RMS: 19.689
1
RMS: 21.402
1
RMS: 19.856
1
RMS: 18.790
1
RMS: 20.549
1
RMS: 19.340
1
RMS: 19.366
1
RMS: 19.735
1
RMS: 20.199
1
RMS: 19.503
1
RMS: 18.544
1
RMS: 21.489
1
RMS: 17.018
1
RMS: 19.726
1
RMS: 19.028
1
RMS: 20.466
1
RMS: 20.352
1
RMS: 20.939
1
RMS: 21.670
1
RMS: 19.321
1
RMS: 20.698
1
RMS: 18.285
1
RMS: 21.310
1
RMS: 21.260
1
RMS: 21.540
1
RMS: 19.926
1
RMS: 16.051
1
RMS: 17.942
1
RMS: 21.827
1
RMS: 22.558
1
RMS: 18.635
1
RMS: 19.159
1
RMS: 20.253
1
RMS: 19.645
1
RMS: 20.728
1
RMS: 19.509
1
RMS: 18.600
1
RMS: 20.139
1
RMS: 18.781
1
RMS: 21.076
1
RMS: 20.951
1
RMS: 20.691
1
RMS: 20.066
1
RMS: 14.232
1
RMS: 16.424
1
RMS: 17.424
1
RMS: 18.653
1
RMS: 19.576
1
RMS: 22.143
1
RMS: 17.185
1
RMS: 9.288
1
RMS: 19.278
1
RMS: 17.415
1
RMS: 19.274
1
RMS: 19.449
1
RMS: 18.968
1
RMS: 16.731
1
RMS: 20.837
1
RMS: 23.217
1
RMS: 20.252
1
RMS: 19.697
1
RMS: 16.692
1
RMS: 17.601
1
RMS: 18.207
1
RMS: 19.452
1
RMS: 9.688
1
RMS: 19.913
1
RMS: 18.999
1
RMS: 18.273
1
RMS: 20.046
1
RMS: 17.219
1
RMS: 17.282
1
RMS: 17.642
1

