Ligand Mode ON
Loaded 200 structures
Using complex_191w.pdb as reference
Read 2 chains from reference file: AB
Symmetry option on. Checking chain lengths: WARNING!! Chains have different lengths! (B:73 != A:428)
You main run into problems later on...
OK!
Generating ZONE definitions..
Symmetry option was turned on, but chains are not identical: Turning symmetry off
Defined 1 zone(s)
ZONE CLEAR \n ZONE A* \n FIT \nRZONE B*\n
RMS: 0.000
1
RMS: 14.805
1
RMS: 2.698
1
RMS: 18.346
1
RMS: 16.104
1
RMS: 16.441
1
RMS: 3.491
1
RMS: 17.483
1
RMS: 15.728
1
RMS: 14.940
1
RMS: 17.481
1
RMS: 5.488
1
RMS: 18.267
1
RMS: 15.468
1
RMS: 18.021
1
RMS: 15.156
1
RMS: 17.760
1
RMS: 18.099
1
RMS: 11.345
1
RMS: 17.851
1
RMS: 18.476
1
RMS: 17.581
1
RMS: 17.724
1
RMS: 17.569
1
RMS: 19.073
1
RMS: 15.707
1
RMS: 17.731
1
RMS: 17.933
1
RMS: 17.886
1
RMS: 18.399
1
RMS: 17.968
1
RMS: 4.893
1
RMS: 22.402
1
RMS: 18.183
1
RMS: 18.362
1
RMS: 16.126
1
RMS: 17.912
1
RMS: 4.103
1
RMS: 19.180
1
RMS: 17.742
1
RMS: 18.724
1
RMS: 16.892
1
RMS: 17.983
1
RMS: 20.874
1
RMS: 18.491
1
RMS: 18.480
1
RMS: 17.546
1
RMS: 18.451
1
RMS: 19.035
1
RMS: 19.125
1
RMS: 29.738
1
RMS: 23.954
1
RMS: 30.149
1
RMS: 18.918
1
RMS: 14.701
1
RMS: 23.899
1
RMS: 33.224
1
RMS: 30.772
1
RMS: 33.455
1
RMS: 31.207
1
RMS: 31.302
1
RMS: 18.572
1
RMS: 20.190
1
RMS: 20.830
1
RMS: 31.107
1
RMS: 32.124
1
RMS: 30.367
1
RMS: 20.242
1
RMS: 30.469
1
RMS: 21.297
1
RMS: 24.810
1
RMS: 6.563
1
RMS: 34.255
1
RMS: 23.786
1
RMS: 21.536
1
RMS: 31.685
1
RMS: 18.696
1
RMS: 21.285
1
RMS: 28.732
1
RMS: 23.124
1
RMS: 18.852
1
RMS: 21.486
1
RMS: 21.431
1
RMS: 18.775
1
RMS: 30.127
1
RMS: 32.431
1
RMS: 30.189
1
RMS: 30.685
1
RMS: 30.932
1
RMS: 30.014
1
RMS: 31.537
1
RMS: 30.490
1
RMS: 32.114
1
RMS: 29.734
1
RMS: 32.265
1
RMS: 30.983
1
RMS: 19.805
1
RMS: 23.095
1
RMS: 31.250
1
RMS: 22.594
1
RMS: 31.344
1
RMS: 32.377
1
RMS: 31.862
1
RMS: 31.982
1
RMS: 29.914
1
RMS: 31.129
1
RMS: 32.960
1
RMS: 29.083
1
RMS: 30.916
1
RMS: 30.913
1
RMS: 24.850
1
RMS: 23.288
1
RMS: 31.274
1
RMS: 17.989
1
RMS: 30.593
1
RMS: 30.507
1
RMS: 22.113
1
RMS: 24.428
1
RMS: 30.149
1
RMS: 22.986
1
RMS: 33.229
1
RMS: 30.859
1
RMS: 31.124
1
RMS: 31.856
1
RMS: 30.698
1
RMS: 23.433
1
RMS: 31.002
1
RMS: 31.363
1
RMS: 32.587
1
RMS: 30.515
1
RMS: 23.348
1
RMS: 31.670
1
RMS: 31.353
1
RMS: 30.490
1
RMS: 30.176
1
RMS: 31.806
1
RMS: 30.257
1
RMS: 30.625
1
RMS: 32.895
1
RMS: 22.234
1
RMS: 30.235
1
RMS: 30.867
1
RMS: 30.750
1
RMS: 31.603
1
RMS: 32.969
1
RMS: 33.661
1
RMS: 29.846
1
RMS: 31.454
1
RMS: 23.217
1
RMS: 33.875
1
RMS: 32.146
1
RMS: 34.497
1
RMS: 31.790
1
RMS: 20.467
1
RMS: 29.684
1
RMS: 32.352
1
RMS: 33.831
1
RMS: 24.876
1
RMS: 31.189
1
RMS: 31.842
1
RMS: 30.816
1
RMS: 32.971
1
RMS: 30.527
1
RMS: 23.853
1
RMS: 32.457
1
RMS: 30.791
1
RMS: 31.933
1
RMS: 33.840
1
RMS: 32.854
1
RMS: 31.714
1
RMS: 19.995
1
RMS: 21.349
1
RMS: 21.914
1
RMS: 23.143
1
RMS: 31.210
1
RMS: 33.182
1
RMS: 22.291
1
RMS: 17.896
1
RMS: 30.356
1
RMS: 29.720
1
RMS: 31.231
1
RMS: 24.752
1
RMS: 30.220
1
RMS: 22.299
1
RMS: 32.591
1
RMS: 34.256
1
RMS: 25.629
1
RMS: 24.800
1
RMS: 22.172
1
RMS: 22.988
1
RMS: 22.964
1
RMS: 32.042
1
RMS: 18.390
1
RMS: 25.102
1
RMS: 24.362
1
RMS: 22.607
1
RMS: 32.371
1
RMS: 23.008
1
RMS: 21.864
1
RMS: 22.242
1

