Molecular Dynamics
Job launching command:
$SCHRODINGER/utilities/multisim -VIEWNAME desmond_molecular_dynamics_gui.MDApp -JOBNAME desmond_md_job_7_4pwv_final_relax_then_10ns_at_300k_w_5ps_slices -HOST localhost -maxjob 1 -cpu 1 -m desmond_md_job_7_4pwv_final_relax_then_10ns_at_300k_w_5ps_slices.msj -c desmond_md_job_7_4pwv_final_relax_then_10ns_at_300k_w_5ps_slices.cfg -description "Molecular Dynamics" desmond_md_job_7_4pwv_final_relax_then_10ns_at_300k_w_5ps_slices.cms -mode umbrella -PROJ /media/adgnann/870_EVO_1TB/dissertation/appendix/homology_modeling_files/hmwp2-pcp2/hmwp2-pcp2_homology_modeling_20210714.prj -DISP append -o desmond_md_job_7_4pwv_final_relax_then_10ns_at_300k_w_5ps_slices-out.cms -lic DESMOND_GPGPU:16

Multisim runs in the umbrella mode.
Booting the multisim workflow engine...
           multisim version: 3.8.5.19
            mmshare version: 5.2
                    Jobname: desmond_md_job_7_4pwv_final_relax_then_10ns_at_300k_w_5ps_slices
                   Username: adgnann
            Master job host: undetected
                Subjob host: Pauling
                     Job ID: Pauling-0-60f55dbc
            multisim script: desmond_md_job_7_4pwv_final_relax_then_10ns_at_300k_w_5ps_slices.msj
       Structure input file: desmond_md_job_7_4pwv_final_relax_then_10ns_at_300k_w_5ps_slices.cms
            CPUs per subjob: "1"
             Job start time: Mon Jul 19 07:10:54 2021
           Launch directory: /media/adgnann/870_EVO_1TB/dissertation/appendix/homology_modeling_files/hmwp2-pcp2/desmond_md_job_7_4pwv_final_relax_then_10ns_at_300k_w_5ps_slices
               $SCHRODINGER: /home/adgnann/schrodinger2020-4

Parsing the multisim script file...

Summary of user stages:
  stage 1 - task
  stage 2 - simulate, Brownian Dynamics NVT, T = 10 K, small timesteps, and restraints on solute heavy atoms, 100ps
  stage 3 - simulate, NVT, T = 10 K, small timesteps, and restraints on solute heavy atoms, 12ps
  stage 4 - simulate, NPT, T = 10 K, and restraints on solute heavy atoms, 12ps
  stage 5 - simulate, NPT and restraints on solute heavy atoms, 12ps
  stage 6 - simulate, NPT and no restraints, 24ps
  stage 7 - simulate
(7 stages in total)

Workflow is started now.

Stage 1 - task
stage[1] task: Detecting system type...
stage[1] task:   It seems a mature model system created for regular molecular dynamics simulations
stage[1] task: Recognizing traits of system...
stage[1] task:   (none)

Stage 1 completed successfully.
Stage 1 duration: 0h 0' 0"


Stage 2 - simulate

Running subjobs on hosts:
  Pauling (Max: 1)
Number of jobs:       1
Max retries per job:  3
Max allowed failures: unlimited
Run with -LOCAL:      False
Verbosity:            normal

Starting JobDJ...

Keep one job on driver host: False
JobDJ columns:
  C: Number of completed subjobs
  A: Number of active subjobs (e.g., submitted, running)
  W: Number of waiting/pending subjobs

C A W | Activity  JobId  JobName  JobHost
- - - | --------- -----------------------
0 1 0 | launched  Pauling-0-60f55dc1 desmond_md_job_7_4pwv_final_relax_then_10ns_at_300k_w_5ps_slices_2 Pauling
1 0 0 | finished  Pauling-0-60f55dc1 desmond_md_job_7_4pwv_final_relax_then_10ns_at_300k_w_5ps_slices_2 Pauling

All jobs have completed.

1 of 1 job(s) succeeded; 0 job(s) failed.


Job("Pauling-0-60f55dc1") was successfully finished.
  Host       : localhost
  Launch time: Mon Jul 19 07:10:57 2021
  Start time : Mon Jul 19 07:10:57 2021
  End time   : Mon Jul 19 07:14:16 2021
  Duration   : 0h 3' 19"
  CPUs       : 1
  CPU time   : 0h 3' 19"
  Exit code  : 0
  Jobname    : desmond_md_job_7_4pwv_final_relax_then_10ns_at_300k_w_5ps_slices_2
  Stage      : 2 (simulate)

Stage 2 completed successfully.
Stage 2 duration: 0h 3' 22"


Stage 3 - simulate

Running subjobs on hosts:
  Pauling (Max: 1)
Number of jobs:       1
Max retries per job:  3
Max allowed failures: unlimited
Run with -LOCAL:      False
Verbosity:            normal

Starting JobDJ...

Keep one job on driver host: False
JobDJ columns:
  C: Number of completed subjobs
  A: Number of active subjobs (e.g., submitted, running)
  W: Number of waiting/pending subjobs

C A W | Activity  JobId  JobName  JobHost
- - - | --------- -----------------------
0 1 0 | launched  Pauling-0-60f55e8b desmond_md_job_7_4pwv_final_relax_then_10ns_at_300k_w_5ps_slices_3 Pauling
1 0 0 | finished  Pauling-0-60f55e8b desmond_md_job_7_4pwv_final_relax_then_10ns_at_300k_w_5ps_slices_3 Pauling

All jobs have completed.

1 of 1 job(s) succeeded; 0 job(s) failed.


Job("Pauling-0-60f55e8b") was successfully finished.
  Host       : localhost
  Launch time: Mon Jul 19 07:14:19 2021
  Start time : Mon Jul 19 07:14:19 2021
  End time   : Mon Jul 19 07:17:13 2021
  Duration   : 0h 2' 54"
  CPUs       : 1
  CPU time   : 0h 2' 54"
  Exit code  : 0
  Jobname    : desmond_md_job_7_4pwv_final_relax_then_10ns_at_300k_w_5ps_slices_3
  Stage      : 3 (simulate)

Stage 3 completed successfully.
Stage 3 duration: 0h 2' 57"


Stage 4 - simulate

Running subjobs on hosts:
  Pauling (Max: 1)
Number of jobs:       1
Max retries per job:  3
Max allowed failures: unlimited
Run with -LOCAL:      False
Verbosity:            normal

Starting JobDJ...

Keep one job on driver host: False
JobDJ columns:
  C: Number of completed subjobs
  A: Number of active subjobs (e.g., submitted, running)
  W: Number of waiting/pending subjobs

C A W | Activity  JobId  JobName  JobHost
- - - | --------- -----------------------
0 1 0 | launched  Pauling-0-60f55f3c desmond_md_job_7_4pwv_final_relax_then_10ns_at_300k_w_5ps_slices_4 Pauling
1 0 0 | finished  Pauling-0-60f55f3c desmond_md_job_7_4pwv_final_relax_then_10ns_at_300k_w_5ps_slices_4 Pauling

All jobs have completed.

1 of 1 job(s) succeeded; 0 job(s) failed.


Job("Pauling-0-60f55f3c") was successfully finished.
  Host       : localhost
  Launch time: Mon Jul 19 07:17:16 2021
  Start time : Mon Jul 19 07:17:17 2021
  End time   : Mon Jul 19 07:20:09 2021
  Duration   : 0h 2' 52"
  CPUs       : 1
  CPU time   : 0h 2' 52"
  Exit code  : 0
  Jobname    : desmond_md_job_7_4pwv_final_relax_then_10ns_at_300k_w_5ps_slices_4
  Stage      : 4 (simulate)

Stage 4 completed successfully.
Stage 4 duration: 0h 2' 55"


Stage 5 - simulate

Running subjobs on hosts:
  Pauling (Max: 1)
Number of jobs:       1
Max retries per job:  3
Max allowed failures: unlimited
Run with -LOCAL:      False
Verbosity:            normal

Starting JobDJ...

Keep one job on driver host: False
JobDJ columns:
  C: Number of completed subjobs
  A: Number of active subjobs (e.g., submitted, running)
  W: Number of waiting/pending subjobs

C A W | Activity  JobId  JobName  JobHost
- - - | --------- -----------------------
0 1 0 | launched  Pauling-0-60f55fec desmond_md_job_7_4pwv_final_relax_then_10ns_at_300k_w_5ps_slices_5 Pauling
1 0 0 | finished  Pauling-0-60f55fec desmond_md_job_7_4pwv_final_relax_then_10ns_at_300k_w_5ps_slices_5 Pauling

All jobs have completed.

1 of 1 job(s) succeeded; 0 job(s) failed.


Job("Pauling-0-60f55fec") was successfully finished.
  Host       : localhost
  Launch time: Mon Jul 19 07:20:12 2021
  Start time : Mon Jul 19 07:20:12 2021
  End time   : Mon Jul 19 07:23:05 2021
  Duration   : 0h 2' 53"
  CPUs       : 1
  CPU time   : 0h 2' 53"
  Exit code  : 0
  Jobname    : desmond_md_job_7_4pwv_final_relax_then_10ns_at_300k_w_5ps_slices_5
  Stage      : 5 (simulate)

Stage 5 completed successfully.
Stage 5 duration: 0h 2' 56"


Stage 6 - simulate

Running subjobs on hosts:
  Pauling (Max: 1)
Number of jobs:       1
Max retries per job:  3
Max allowed failures: unlimited
Run with -LOCAL:      False
Verbosity:            normal

Starting JobDJ...

Keep one job on driver host: False
JobDJ columns:
  C: Number of completed subjobs
  A: Number of active subjobs (e.g., submitted, running)
  W: Number of waiting/pending subjobs

C A W | Activity  JobId  JobName  JobHost
- - - | --------- -----------------------
0 1 0 | launched  Pauling-0-60f5609c desmond_md_job_7_4pwv_final_relax_then_10ns_at_300k_w_5ps_slices_6 Pauling
1 0 0 | finished  Pauling-0-60f5609c desmond_md_job_7_4pwv_final_relax_then_10ns_at_300k_w_5ps_slices_6 Pauling

All jobs have completed.

1 of 1 job(s) succeeded; 0 job(s) failed.


Job("Pauling-0-60f5609c") was successfully finished.
  Host       : localhost
  Launch time: Mon Jul 19 07:23:08 2021
  Start time : Mon Jul 19 07:23:08 2021
  End time   : Mon Jul 19 07:26:03 2021
  Duration   : 0h 2' 55"
  CPUs       : 1
  CPU time   : 0h 2' 55"
  Exit code  : 0
  Jobname    : desmond_md_job_7_4pwv_final_relax_then_10ns_at_300k_w_5ps_slices_6
  Stage      : 6 (simulate)

Stage 6 completed successfully.
Stage 6 duration: 0h 2' 57"


Stage 7 - simulate

Running subjobs on hosts:
  Pauling (Max: 1)
Number of jobs:       1
Max retries per job:  3
Max allowed failures: unlimited
Run with -LOCAL:      False
Verbosity:            normal

Starting JobDJ...

Keep one job on driver host: False
JobDJ columns:
  C: Number of completed subjobs
  A: Number of active subjobs (e.g., submitted, running)
  W: Number of waiting/pending subjobs

C A W | Activity  JobId  JobName  JobHost
- - - | --------- -----------------------
0 1 0 | launched  Pauling-0-60f5614e desmond_md_job_7_4pwv_final_relax_then_10ns_at_300k_w_5ps_slices Pauling
1 0 0 | finished  Pauling-0-60f5614e desmond_md_job_7_4pwv_final_relax_then_10ns_at_300k_w_5ps_slices Pauling

All jobs have completed.

1 of 1 job(s) succeeded; 0 job(s) failed.


Job("Pauling-0-60f5614e") was successfully finished.
  Host       : localhost
  Launch time: Mon Jul 19 07:26:06 2021
  Start time : Mon Jul 19 07:26:06 2021
  End time   : Mon Jul 19 07:56:50 2021
  Duration   : 0h 30' 44"
  CPUs       : 1
  CPU time   : 0h 30' 44"
  Exit code  : 0
  Jobname    : desmond_md_job_7_4pwv_final_relax_then_10ns_at_300k_w_5ps_slices
  Stage      : 7 (simulate)

Stage 7 completed successfully.
Stage 7 duration: 0h 30' 46"

Cleaning up files...

Multisim summary (Mon Jul 19 07:56:50 2021):
  Stage 1 completed.
  Stage 2 completed.
  Stage 3 completed.
  Stage 4 completed.
  Stage 5 completed.
  Stage 6 completed.
  Stage 7 completed.
  Total duration: 0h 45' 56"
  Total GPU time: 0h 45' 37" (used by 6 subjob(s))
Multisim completed.
[running at reduced cpu priority]
