==============================================================================
  Prime version 6.2 (r144) Refine Structure: Minimization
==============================================================================
        
--------------------------------------------------------------------------------
JobId          : Pauling-0-60f95b88
Name           : prime_mini_2_full_cy2_A_1513B_1812rot30_R1812-only
Program        : RefineStructure
Host           : Pauling
Dir            : /media/adgnann/870_EVO_1TB/dissertation/appendix/crystal_structure_files/hmwp2-cy2
HostEntry      : localhost
JobHost        : Pauling
JobDir         : /home/adgnann/tmp/adgnann/prime_mini_2_full_cy2_A_1513B_1812rot30_R1812-only
JobSchrodinger : /home/adgnann/schrodinger2020-4
Commandline    : /home/adgnann/schrodinger2020-4/prime -VIEWNAME prime -HOST localhost:5 prime_mini_2_full_cy2_A_1513B_1812rot30_R1812-only
StartTime      : 2021-07-22-07:50:32
--------------------------------------------------------------------------------
Using the following input parameters:
   EXT_DIEL	80.00
   JOB_TYPE	refine
   MINIM_METHOD	au
   MINIM_NITER	2
   MINIM_NSTEP	65
   MINIM_RMSG	0.010000
   OPLS_VERSION	opls3e
   SEED	0
   SELECT	asl = fillres atom.num 5264
   STRUCT_FILE	prime_mini_2_full_cy2_A_1513B_1812rot30_R1812-only.mae
   USE_CRYSTAL_SYMMETRY	no
   USE_MEMBRANE	no
   USE_RANDOM_SEED	no

Number of CPU cores to use: 1

Using OPLS version opls3e for force-field parameters.

Pre-processing input
  Treating with residue ID check...
    Complete:  0 min  0 sec
  Treating with asl parsing...
    Complete:  0 min  0 sec
  Treating with naming consistency detection...
    Complete:  0 min  0 sec

 Random Number Seed Set to:    237866326
 
 Contents of the control file:
   
   
   file outdir "/home/adgnann/tmp/adgnann/prime_mini_2_full_cy2_A_1513B_1812rot30_R1812-only/"
   file datadir "/home/adgnann/schrodinger2020-4/psp-v6.2/data/pop/"
   file vddir "/home/adgnann/schrodinger2020-4/psp-v6.2/data/pop/"
   file tempdir "templates/"
   file protempdir "templates/"
   file usrtempdir "/home/adgnann/tmp/adgnann/prime_mini_2_full_cy2_A_1513B_1812rot30_R1812-only/"
   file gluefile "params.glue"
   file logfile stdout
   
   rand seed 0
   
   
   
   load simple prime_mini_2_full_cy2_A_1513B_1812rot30_R1812-only_0 Structure(38)  het yes ions yes wat yes mse2met no sym none   highest_occ no     opls_version opls3e
   
   
   constraints load_from_ct
   energy param solv vsgb2.1
   
   
   
   
   energy param nbcut2_nn  40.0
   energy param nbcut2_cn  40.0
   energy param nbcut2_cc  40.0
   
   
   
   
   
   
   
   energy total
   minimization asl "atom.i_psp_select_atom 1"  verbose yes  rmsg 0.010000 iter 2 mxitn 65 alg au
   
   energy total
   
   
   write mae SWIG_OUTPUT_STRUCTURE
   finalize yes
   
--Checked out   8 PSP Plop Tokens--
 Random number seed reset to :            0
[running at reduced cpu priority]
 
 Parameters chosen for PDB loading:
   All protein chains will be loaded.
   Sequence read from ATOM lines.
   Ions from PDB file INCLUDED.
   PDB file assumed to be experimental data.
   Waters from PDB file INCLUDED.
   HETATMs from PDB file INCLUDED.
   Hydrogens from PDB file INCLUDED.
   NO symmetry will be used.
   Atoms not in PDB file will NOT be optimized.
   Atomtyping Parameters (when reading directly from mae)
      OPLS Version opls3e              
      Planarity       None
      Using Force Field Charges
 
 STARTING TO WORK ON FILE prime_mini_2_full_cy2_A_1513B_1812rot30_R1812-only_0
 Crystal symmetry data not present
 Reading residue sequence from atoms in mae file
 
 Amino acid sequence, chain: A A:GLN_1483   A:GLN_1910  
    0 GLNB PRO  PHE  VAL  HIE  SER  PRO  GLU  ASP  ARG 
   10 TYR  GLN  PRO  PHE  ALA  LEU  THR  ASP  VAL  GLN 
   20 GLN  ALA  TYR  LEU  VAL  GLY  ARG  GLN  PRO  GLY 
   30 PHE  ALA  LEU  GLY  GLY  VAL  GLY  SER  HIE  PHE 
   40 PHE  VAL  GLU  PHE  GLU  ILE  ALA  ASP  LEU  ASP 
   50 LEU  THR  ARG  LEU  GLU  THR  VAL  TRP  ASN  ARG 
   60 LEU  ILE  ALA  ARG  HIE  ASP  MET  LEU  ARG  ALA 
   70 ILE  VAL  ARG  ASP  GLY  GLN  GLN  GLN  VAL  LEU 
   80 GLU  GLN  THR  PRO  PRO  TRP  VAL  ILE  PRO  ALA 
   90 HIE  THR  LEU  HIP  THR  PRO  GLU  GLU  ALA  LEU 
  100 ARG  VAL  ARG  GLU  LYS  LEU  ALA  HIE  GLN  VAL 
  110 LEU  ASN  PRO  GLU  VAL  TRP  PRO  VAL  PHE  ASP 
  120 LEU  GLN  VAL  GLY  TYR  VAL  ASP  GLY  MET  PRO 
  130 ALA  ARG  LEU  TRP  LEU  CYS  LEU  ASP  ASN  LEU 
  140 LEU  LEU  ASP  GLY  LEU  SER  MET  GLN  ILE  LEU 
  150 LEU  ALA  GLU  LEU  GLU  HID  GLY  TYR  ARG  TYR 
  160 PRO  GLN  GLN  LEU  LEU  PRO  PRO  LEU  PRO  VAL 
  170 THR  PHE  ARG  ASP  TYR  LEU  GLN  GLN  PRO  SER 
  180 LEU  GLN  SER  PRO  ASN  PRO  ASP  SER  LEU  ALA 
  190 TRP  TRP  GLN  ALA  GLN  LEU  ASP  ASP  ILE  PRO 
  200 PRO  ALA  PRO  ALA  LEU  PRO  LEU  ARG  CYS  LEU 
  210 PRO  GLN  GLU  VAL  GLU  THR  PRO  ARG  PHE  ALA 
  220 ARG  LEU  ASN  GLY  ALA  LEU  ASP  SER  THR  ARG 
  230 TRP  HID  ARG  LEU  LYS  LYS  ARG  ALA  ALA  ASP 
  240 ALA  HIE  LEU  THR  PRO  SER  ALA  VAL  LEU  LEU 
  250 SER  VAL  TRP  SER  THR  VAL  LEU  SER  ALA  TRP 
  260 SER  ALA  GLN  PRO  GLU  PHE  THR  LEU  ASN  LEU 
  270 THR  LEU  PHE  ASP  ARG  ARG  PRO  LEU  HIE  PRO 
  280 GLN  ILE  ASN  GLN  ILE  LEU  GLY  ASP  PHE  THR 
  290 SER  LEU  MET  LEU  LEU  SER  TRP  HIE  PRO  GLY 
  300 GLU  SER  TRP  LEU  HIE  SER  ALA  GLN  SER  LEU 
  310 GLN  GLN  ARG  LEU  SER  GLN  ASN  LEU  ASN  HID 
  320 ARG  ASP  VAL  SER  ALA  ILE  ARG  VAL  MET  ARG 
  330 GLN  LEU  ALA  GLN  ARG  GLN  ASN  VAL  PRO  ALA 
  340 VAL  PRO  MET  PRO  VAL  VAL  PHE  THR  SER  ALA 
  350 LEU  GLY  PHE  GLU  GLN  ASP  ASN  PHE  LEU  ALA 
  360 ARG  ARG  ASN  LEU  LEU  LYS  PRO  VAL  TRP  GLY 
  370 ILE  SER  GLN  THR  PRO  GLN  VAL  TRP  LEU  ASP 
  380 HID  GLN  ILE  TYR  GLU  SER  GLU  GLY  GLU  LEU 
  390 ARG  PHE  ASN  TRP  ASP  PHE  VAL  ALA  ALA  LEU 
  400 PHE  PRO  ALA  GLY  GLN  VAL  GLU  ARG  GLN  PHE 
  410 GLU  GLN  TYR  CYS  ALA  LEU  LEU  ASN  ARG  MET 
  420 ALA  GLU  ASP  GLU  SER  GLY  TRP  GLNE
 
 Nonbonded initialization ...
 Time for loading nb parameters:   1.373000000000957E-003
 Build extended structure ...
 Charged terminal template did not match, trying neutral terminal template for  A:GLN_1483  
 Generating crosslinks ...
 Initialize 1/4 list ...
 Initialize parent/child list ...
 Initialize covalent pointers ...
 Initialize resinfo list ...
 Initialize special atoms ...
 Initialize rank list ...
 Initialize sparse atom list ...
 
 Times for various book-keeping steps:
     build   1.718s
     cross   0.079s
     child   0.028s
      iper   0.000s
       rev   0.029s
      info   0.008s
     resat   0.000s
      rank   0.000s
     covpt   0.000s
    sparse   0.039s
 
 Times for steps in loading structure:
           Load sequence    0.08s
    Initialize structure    1.92s
      Assign coordinates    0.06s
     Initialize symmetry    0.00s
 
 Preparing for first energy calculation ...
 
 Time for assigning nb parameters:    0.013s
 
 Number of protein chains       1
   Number of residues         428
       (charged)               83
        (polar)               163
       (glycine)               18
     (hydrophobic)            164
 
 Number of RNA chains           0
   Number of nucleotides        0
 Number of DNA chains           0
   Number of nucleotides        0
 
 Number of waters               0
 Number of ions                 0
 Number of HET                  0
 
 Number of atoms             6996
   [sparse atoms]             578
 
 Number of bonds             7114
 Number of angles           12796
 Number of torsions         20477
 Number of 1/4s             18552
 
 Partial charges and molecular weights:
  Protein chain            A     -12.0000   49141.5
  Entire system                  -12.0000   49141.5
 
 Time for secondary structure initialization   0.002s
 
 Results of parameter assignment
    type    tot   time
    BOND   7114   0.00
    ANGL  12796   0.01
    TORS  21007   0.03
 
 Here are the parameters that will be used:
                      Solvent model   SGB
               Variable Dielectric:   ENABLED
                               LYS:    4.33
                               GLU:    2.39
                               ASP:    2.29
                               HIP:    2.00
                               HIS:    1.00
                               ARG:    2.01
                      Penalty terms   EXCLUDED
                Internal dielectric    1.00
                 Solvent dielectric   80.00
                 Ionic strength (M)    0.00
                 Debye length (Ang)     Inf
     Short NB cut (neutral/neutral)   10.00
      Long NB cut (neutral/neutral)   40.00
      Short NB cut (charge/neutral)   10.00
       Long NB cut (charge/neutral)   40.00
       Short NB cut (charge/charge)   15.00
        Long NB cut (charge/charge)   40.00
             Short NB cut (reduced)    6.00
              Long NB cut (reduced)   36.00
          Rotamer Frequency Scoring   OFF
 
 NOW REPORTING THE ENERGY (KCAL/MOL): 
 COVALENT ENERGIES:
                BOND           ANGLE             TOR           TOTAL
     COV      283.735050      973.138196      858.902441     2115.775687
     SGB    32334.187951   -15307.531233    -7740.760690     9285.896028
   TOTAL    32617.923001   -14334.393037    -6881.858248    11401.671715
    TIME        0.000s          0.000s          0.000s          0.000s   
 
 NONBONDED (INTRAMOLECULAR) ENERGIES:
                  14           SHORT            LONG           TOTAL
      LJ     2823.660294    -3070.512455     -199.740603     -446.592764
    LIPO        0.000000    -1182.049676        0.000000    -1182.049676
      EL    10825.936186   -25632.692409      343.285606   -14463.470617
     SGB    -7740.760690    11174.580212     -295.989574     3137.829949
   TOTAL     5908.835790   -18710.674329     -152.444570   -12954.283109
    TIME        0.000s          0.000s          0.000s          0.000s   
 
 OTHER:
SGB SELF   -22216.500827
NONPOLAR        0.000000
PROT COR        0.000000
   HBOND     -240.630471
 PACKING      -67.334398
SelfCont      -29.261859
 
 SUM:
 SGB TOT    -2052.014161
SOLV TOT    -2052.014161
LIPO TOT    -1182.049676
  TOTALE  -16365.57825924    
 [NOTE: TOTAL ENERGY = COV_TOT + NB_TOT + OTHER - SGB_14|SGB_TOR]
 
 NOW REPORTING THE ENERGY (KCAL/MOL): 
 COVALENT ENERGIES:
                BOND           ANGLE             TOR           TOTAL
     COV      283.735050      973.138196      858.902441     2115.775687
     SGB    32334.187951   -15307.531233    -7740.760690     9285.896028
   TOTAL    32617.923001   -14334.393037    -6881.858248    11401.671715
    TIME        0.000s          0.000s          0.000s          0.000s   
 
 NONBONDED (INTRAMOLECULAR) ENERGIES:
                  14           SHORT            LONG           TOTAL
      LJ     2823.660294    -3070.512455     -199.740603     -446.592764
    LIPO        0.000000    -1182.049676        0.000000    -1182.049676
      EL    10825.936186   -25632.692409      343.285606   -14463.470617
     SGB    -7740.760690    11174.580212     -295.989574     3137.829949
   TOTAL     5908.835790   -18710.674329     -152.444570   -12954.283109
    TIME        0.000s          0.000s          0.000s          0.000s   
 
 OTHER:
SGB SELF   -22216.500827
NONPOLAR        0.000000
PROT COR        0.000000
   HBOND     -240.630471
 PACKING      -67.334398
SelfCont      -29.261859
 
 SUM:
 SGB TOT    -2052.014161
SOLV TOT    -2052.014161
LIPO TOT    -1182.049676
  TOTALE  -16365.57825924    
 [NOTE: TOTAL ENERGY = COV_TOT + NB_TOT + OTHER - SGB_14|SGB_TOR]
 
 Preparing for first energy calculation ...
 
 
 NOW REPORTING THE ENERGY (KCAL/MOL): 
 COVALENT ENERGIES:
                BOND           ANGLE             TOR           TOTAL
     COV      283.735050      973.138196      858.902441     2115.775687
     SGB    32334.187951   -15307.531233    -7740.760690     9285.896028
   TOTAL    32617.923001   -14334.393037    -6881.858248    11401.671715
    TIME        0.000s          0.000s          0.000s          0.000s   
 
 NONBONDED (INTRAMOLECULAR) ENERGIES:
                  14           SHORT            LONG           TOTAL
      LJ     2823.660294    -3070.512455     -199.740603     -446.592764
    LIPO        0.000000    -1182.049676        0.000000    -1182.049676
      EL    10825.936186   -25632.692409      343.285606   -14463.470617
     SGB    -7740.760690    11174.580212     -295.989574     3137.829949
   TOTAL     5908.835790   -18710.674329     -152.444570   -12954.283109
    TIME        0.000s          0.000s          0.000s          0.000s   
 
 OTHER:
SGB SELF   -22216.500827
NONPOLAR        0.000000
PROT COR        0.000000
   HBOND     -240.630471
 PACKING      -67.334398
SelfCont      -29.261859
 
 SUM:
 SGB TOT    -2052.014161
SOLV TOT    -2052.014161
LIPO TOT    -1182.049676
  TOTALE  -16365.57825924    
 [NOTE: TOTAL ENERGY = COV_TOT + NB_TOT + OTHER - SGB_14|SGB_TOR]
 
 ATTN:  large bond energies found:
     206    200 A:GLN_1494:_CD_        201 A:GLN_1494:_OE1          6.18
     207    200 A:GLN_1494:_CD_        202 A:GLN_1494:_NE2          5.69
    1253   1233 A:GLN_1558:_CD_       1234 A:GLN_1558:_OE1          6.09
    3048   2997 A:GLN_1664:_CD_       2998 A:GLN_1664:_OE1          5.72
    3049   2997 A:GLN_1664:_CD_       2999 A:GLN_1664:_NE2          5.31
    3121   3059 A:ASP_1669:_C__       3069 A:SER_1670:_N__         25.54
    5250   5158 A:GLN_1798:_CD_       5159 A:GLN_1798:_OE1          5.77
    5251   5158 A:GLN_1798:_CD_       5160 A:GLN_1798:_NE2          5.14
    5610   5516 A:ASN_1819:_CG_       5517 A:ASN_1819:_OD1          5.73
    5611   5516 A:ASN_1819:_CG_       5518 A:ASN_1819:_ND2          5.00
    6023   5923 A:ASN_1845:_CG_       5924 A:ASN_1845:_OD1          5.88
    6024   5923 A:ASN_1845:_CG_       5925 A:ASN_1845:_ND2          5.94
 
 Options chosen for the minimization:
   Minimization Algorithm: Automatic
   Desired final RMS gradient:  1.000000000000000E-002
   Maximum number of iterations to achieve self-consistency:            2
   Energy cutoff for determining self-consistency  0.100kcals/mol
   Maximum number of TN iterations:           65
   Iterations between NBlist/LR updates:            2
   LR forces will be updated less frequently than SR.
   NB list will be updated during minim.
   SGB will be updated during minim.
   Option for SGB update:            1
   Born alpha will NOT be updated during minim
   NB Clashes will be used in the preconditioning
 
 STARTING TO WORK ON MINIMIZATION: 
 Dynamic memory allocation:     0.00s
 number of degrees of freedom:               72
 number of sparse matrix elements:         1152
 memory allocated for hessian ME:         12000
 
  itn.     f            |g|      #cg    mode    |r|       lambda     nfg  time   rmsd
    0  -16365.57826     5.02591
    1  -16368.17942     4.96651    10     2    31.56278    0.19603    3   0.02s  0.084
    2  -16371.01125     0.75797     6     0     4.87737    1.00000    4   0.02s  0.131
    3  -16371.72876     1.67766    11     2   411.20604    0.01116   11   0.05s  0.229
    4  -16372.23425     3.56923    10     3     3.81607    1.00000   12   0.06s  0.424
    5  -16373.58556     0.42992    10     3     1.51857    1.00000   13   0.08s  0.461
    6  -16373.90071     1.80765    15     3     6.16445    0.12991   15   0.10s  0.523
    7  -16374.50019     2.60533    10     3     3.35179    1.00000   16   0.12s  0.608
    8  -16375.11517     0.66522    10     3     1.82356    1.00000   17   0.13s  0.664
    9  -16375.27116     1.79171    15     3     0.80249    1.00000   18   0.16s  0.774
   10  -16375.51797     0.06499     8     0     0.30292    1.00000   19   0.16s  0.770
final  -16375.5179676   0.06499   105     0     0.30292    1.00000   19   0.16s
 
   Total time elapsed    0.163s
   Preliminaries         0.011s
   PCG Hd products       0.072s
   Long Range Forces     0.065s
   Preconditioning       0.002s
   Line searches         0.012s
 
 MINIMIZATION COMPLETED 
 
 NOW REPORTING THE ENERGY (KCAL/MOL): 
 COVALENT ENERGIES:
                BOND           ANGLE             TOR           TOTAL
     COV      283.906193      975.390010      859.169264     2118.465467
     SGB    32304.084443   -15286.574706    -7750.890860     9266.618878
   TOTAL    32587.990637   -14311.184695    -6891.721596    11385.084345
    TIME        0.000s          0.000s          0.000s          0.000s   
 
 NONBONDED (INTRAMOLECULAR) ENERGIES:
                  14           SHORT            LONG           TOTAL
      LJ     2819.605879    -3075.476321     -199.568416     -455.438857
    LIPO        0.000000    -1181.941867        0.000000    -1181.941867
      EL    10825.604823   -25640.024592      341.490688   -14472.929081
     SGB    -7750.890860    11180.448014     -294.199514     3135.357639
   TOTAL     5894.319842   -18716.994766     -152.277242   -12974.952166
    TIME        0.000s          0.000s          0.000s          0.000s   
 
 OTHER:
SGB SELF   -22196.940465
NONPOLAR        0.000000
PROT COR        0.000000
   HBOND     -241.835944
 PACKING      -67.334398
SelfCont      -29.261859
 
 SUM:
 SGB TOT    -2044.073088
SOLV TOT    -2044.073088
LIPO TOT    -1181.941867
  TOTALE  -16374.34962797    
 [NOTE: TOTAL ENERGY = COV_TOT + NB_TOT + OTHER - SGB_14|SGB_TOR]
 Completed Iteration            1  of            2
Minimization not yet converged, dE (   9.940kcals/mol)  >   0.100
 
 STARTING TO WORK ON MINIMIZATION: 
 Dynamic memory allocation:     0.00s
 number of degrees of freedom:               72
 number of sparse matrix elements:         1152
 memory allocated for hessian ME:         12000
 
  itn.     f            |g|      #cg    mode    |r|       lambda     nfg  time   rmsd
    0  -16374.34963     0.28834
    1  -16374.37453     0.15541     8     0     0.45094    1.00000    2   0.02s  0.025
    2  -16374.37783     0.01183     9     0     0.09970    1.00000    3   0.02s  0.025
    3  -16374.37792     0.00100    14     0     0.00790    1.00000    4   0.03s  0.026
final  -16374.3779239   0.00100    31     0     0.00790    1.00000    4   0.03s
 
   Total time elapsed    0.034s
   Preliminaries         0.011s
   PCG Hd products       0.021s
   Long Range Forces     0.000s
   Preconditioning       0.000s
   Line searches         0.002s
 
 MINIMIZATION COMPLETED 
 
 NOW REPORTING THE ENERGY (KCAL/MOL): 
 COVALENT ENERGIES:
                BOND           ANGLE             TOR           TOTAL
     COV      283.901949      975.444889      859.176766     2118.523603
     SGB    32302.642492   -15285.702457    -7750.988530     9265.951505
   TOTAL    32586.544441   -14310.257568    -6891.811764    11384.475108
    TIME        0.000s          0.000s          0.000s          0.000s   
 
 NONBONDED (INTRAMOLECULAR) ENERGIES:
                  14           SHORT            LONG           TOTAL
      LJ     2819.619465    -3075.449267     -199.568598     -455.398401
    LIPO        0.000000    -1181.939921        0.000000    -1181.939921
      EL    10825.593378   -25640.181700      341.516120   -14473.072202
     SGB    -7750.988530    11180.378179     -294.231988     3135.157660
   TOTAL     5894.224312   -18717.192709     -152.284466   -12975.252863
    TIME        0.000s          0.000s          0.000s          0.000s   
 
 OTHER:
SGB SELF   -22196.038180
NONPOLAR        0.000000
PROT COR        0.000000
   HBOND     -241.848631
 PACKING      -67.334398
SelfCont      -29.261859
 
 SUM:
 SGB TOT    -2043.940484
SOLV TOT    -2043.940484
LIPO TOT    -1181.939921
  TOTALE  -16374.27229313    
 [NOTE: TOTAL ENERGY = COV_TOT + NB_TOT + OTHER - SGB_14|SGB_TOR]
 Completed Iteration            2  of            2
Minimization converged, dE (   0.028kcals/mol)  <   0.100
  Total minimization time for all iterations    0.452s
 
 Preparing for first energy calculation ...
 
 
 NOW REPORTING THE ENERGY (KCAL/MOL): 
 COVALENT ENERGIES:
                BOND           ANGLE             TOR           TOTAL
     COV      283.901949      975.444889      859.176766     2118.523603
     SGB    32302.642492   -15285.702457    -7750.988530     9265.951505
   TOTAL    32586.544441   -14310.257568    -6891.811764    11384.475108
    TIME        0.000s          0.000s          0.000s          0.000s   
 
 NONBONDED (INTRAMOLECULAR) ENERGIES:
                  14           SHORT            LONG           TOTAL
      LJ     2819.619465    -3075.449267     -199.568598     -455.398401
    LIPO        0.000000    -1181.939921        0.000000    -1181.939921
      EL    10825.593378   -25640.181700      341.516120   -14473.072202
     SGB    -7750.988530    11180.378179     -294.231988     3135.157660
   TOTAL     5894.224312   -18717.192709     -152.284466   -12975.252863
    TIME        0.000s          0.000s          0.000s          0.000s   
 
 OTHER:
SGB SELF   -22196.038180
NONPOLAR        0.000000
PROT COR        0.000000
   HBOND     -241.848631
 PACKING      -67.334398
SelfCont      -29.261859
 
 SUM:
 SGB TOT    -2043.940484
SOLV TOT    -2043.940484
LIPO TOT    -1181.939921
  TOTALE  -16374.27229313    
 [NOTE: TOTAL ENERGY = COV_TOT + NB_TOT + OTHER - SGB_14|SGB_TOR]
 
 NOW REPORTING THE ENERGY (KCAL/MOL): 
 COVALENT ENERGIES:
                BOND           ANGLE             TOR           TOTAL
     COV      283.901949      975.444889      859.176766     2118.523603
     SGB    32302.642492   -15285.702457    -7750.988530     9265.951505
   TOTAL    32586.544441   -14310.257568    -6891.811764    11384.475108
    TIME        0.000s          0.000s          0.000s          0.000s   
 
 NONBONDED (INTRAMOLECULAR) ENERGIES:
                  14           SHORT            LONG           TOTAL
      LJ     2819.619465    -3075.449267     -199.568598     -455.398401
    LIPO        0.000000    -1181.939921        0.000000    -1181.939921
      EL    10825.593378   -25640.181700      341.516120   -14473.072202
     SGB    -7750.988530    11180.383550     -294.253261     3135.141759
   TOTAL     5894.224312   -18717.187337     -152.305739   -12975.268765
    TIME        0.000s          0.000s          0.000s          0.000s   
 
 OTHER:
SGB SELF   -22196.038180
NONPOLAR        0.000000
PROT COR        0.000000
   HBOND     -241.848631
 PACKING      -67.334398
SelfCont      -29.261859
 
 SUM:
 SGB TOT    -2043.956386
SOLV TOT    -2043.956386
LIPO TOT    -1181.939921
  TOTALE  -16374.28819446    
 [NOTE: TOTAL ENERGY = COV_TOT + NB_TOT + OTHER - SGB_14|SGB_TOR]
 TOTAL TIME ELAPSED: prime_mini_2_full_cy2_A_1513B_1812rot30_R1812-only_0          30.173s
 RETURNED LICENSE
Post-processing output...
  Processing output structure #1
Post-processing complete.


