Minimization
Job launching command:
$SCHRODINGER/utilities/multisim -VIEWNAME desmond_minimization_gui.MiniApp -JOBNAME desmond_min_job_1_pcp2_from_4pwv_representative_frame1741_100ps -HOST localhost -maxjob 1 -cpu 1 -m desmond_min_job_1_pcp2_from_4pwv_representative_frame1741_100ps.msj -c desmond_min_job_1_pcp2_from_4pwv_representative_frame1741_100ps.cfg -description Minimization desmond_min_job_1_pcp2_from_4pwv_representative_frame1741_100ps.cms -mode umbrella -PROJ /media/adgnann/870_EVO_1TB/dissertation/appendix/homology_modeling_files/hmwp2-pcp2/hmwp2-pcp2_homology_modeling_20210714.prj -DISP append -o desmond_min_job_1_pcp2_from_4pwv_representative_frame1741_100ps-out.cms -lic DESMOND_GPGPU:16

Multisim runs in the umbrella mode.
Booting the multisim workflow engine...
           multisim version: 3.8.5.19
            mmshare version: 5.2
                    Jobname: desmond_min_job_1_pcp2_from_4pwv_representative_frame1741_100ps
                   Username: adgnann
            Master job host: undetected
                Subjob host: Pauling
                     Job ID: Pauling-0-60f5e9e0
            multisim script: desmond_min_job_1_pcp2_from_4pwv_representative_frame1741_100ps.msj
       Structure input file: desmond_min_job_1_pcp2_from_4pwv_representative_frame1741_100ps.cms
            CPUs per subjob: "1"
             Job start time: Mon Jul 19 17:08:50 2021
           Launch directory: /media/adgnann/870_EVO_1TB/dissertation/appendix/homology_modeling_files/hmwp2-pcp2/desmond_min_job_1_pcp2_from_4pwv_representative_frame1741_100ps
               $SCHRODINGER: /home/adgnann/schrodinger2020-4

Parsing the multisim script file...

Summary of user stages:
  stage 1 - task
  stage 2 - simulate
(2 stages in total)

Workflow is started now.

Stage 1 - task
stage[1] task: Detecting system type...
stage[1] task:   It seems a mature model system created for regular molecular dynamics simulations
stage[1] task: Recognizing traits of system...
stage[1] task:   (none)

Stage 1 completed successfully.
Stage 1 duration: 0h 0' 0"


Stage 2 - simulate

Running subjobs on hosts:
  Pauling (Max: 1)
Number of jobs:       1
Max retries per job:  3
Max allowed failures: unlimited
Run with -LOCAL:      False
Verbosity:            normal

Starting JobDJ...

Keep one job on driver host: False
JobDJ columns:
  C: Number of completed subjobs
  A: Number of active subjobs (e.g., submitted, running)
  W: Number of waiting/pending subjobs

C A W | Activity  JobId  JobName  JobHost
- - - | --------- -----------------------
0 1 0 | launched  Pauling-0-60f5e9e4 desmond_min_job_1_pcp2_from_4pwv_representative_frame1741_100ps Pauling
1 0 0 | finished  Pauling-0-60f5e9e4 desmond_min_job_1_pcp2_from_4pwv_representative_frame1741_100ps Pauling

All jobs have completed.

1 of 1 job(s) succeeded; 0 job(s) failed.


Job("Pauling-0-60f5e9e4") was successfully finished.
  Host       : localhost
  Launch time: Mon Jul 19 17:08:52 2021
  Start time : Mon Jul 19 17:08:53 2021
  End time   : Mon Jul 19 17:10:46 2021
  Duration   : 0h 1' 53"
  CPUs       : 1
  CPU time   : 0h 1' 53"
  Exit code  : 0
  Jobname    : desmond_min_job_1_pcp2_from_4pwv_representative_frame1741_100ps
  Stage      : 2 (simulate)

Stage 2 completed successfully.
Stage 2 duration: 0h 1' 55"

Cleaning up files...

Multisim summary (Mon Jul 19 17:10:46 2021):
  Stage 1 completed.
  Stage 2 completed.
  Total duration: 0h 1' 56"
  Total GPU time: 0h 1' 53" (used by 1 subjob(s))
Multisim completed.
[running at reduced cpu priority]
