--------------------------------------------------------------------------------
    
    Covalent Docking v1.3

--------------------------------------------------------------------------------
JobId          : Pauling-0-6125255b
Name           : covalent_docking_6_receptor_2_no_water_initial_cyclo_int_docking
Program        : 
Host           : Pauling
Dir            : /media/adgnann/870_EVO_1TB/dissertation/appendix/substrate_docking_files/final_docking_work_20210803/last_fresh_substrate_20210822/covalent_docking_6_receptor_2_no_water_initial_cyclo_int_docking
HostEntry      : localhost
JobHost        : Pauling
JobDir         : /home/adgnann/tmp/adgnann/covalent_docking_6_receptor_2_no_water_initial_cyclo_int_docking
JobSchrodinger : /home/adgnann/schrodinger2020-4
Commandline    : /home/adgnann/schrodinger2020-4/covalent_docking covalent_docking_6_receptor_2_no_water_initial_cyclo_int_docking.inp -OVERWRITE -HOST localhost:3 -NJOBS 3 -PROJ /media/adgnann/870_EVO_1TB/dissertation/appendix/substrate_docking_files/final_docking_work_20210803/last_fresh_substrate_20210822/cy2_covalent_docking_and_followup_20210822.prj -DISP append -VIEWNAME covalent_docking_gui.CovalentDockingPanel -TMPLAUNCHDIR
StartTime      : 2021-08-24-12:59:07
--------------------------------------------------------------------------------
--------------------------------------------------------------------------------

[running at reduced cpu priority]

Running subjobs on hosts:
  localhost (Max: 3)
Number of jobs:       3
Max retries per job:  3
Max allowed failures: 0
Run with -LOCAL:      False
Verbosity:            verbose

Starting JobDJ...

Keep one job on driver host: False
JobDJ columns:
  C: Number of completed subjobs
  A: Number of active subjobs (e.g., submitted, running)
  W: Number of waiting/pending subjobs

C A W | Activity  JobId  JobName  JobHost
- - - | --------- -----------------------
0 1 2 | launched  Pauling-1-61252704 covalent_docking_6_receptor_2_no_water_initial_cyclo_int_docking.00001 localhost [Pauling]
0 2 1 | launched  Pauling-0-6125272a covalent_docking_6_receptor_2_no_water_initial_cyclo_int_docking.00002 localhost [Pauling]
0 3 0 | launched  Pauling-0-61252752 covalent_docking_6_receptor_2_no_water_initial_cyclo_int_docking.00003 localhost [Pauling]
1 2 0 | finished  Pauling-0-61252752 covalent_docking_6_receptor_2_no_water_initial_cyclo_int_docking.00003 localhost [Pauling]
2 1 0 | finished  Pauling-0-6125272a covalent_docking_6_receptor_2_no_water_initial_cyclo_int_docking.00002 localhost [Pauling]
3 0 0 | finished  Pauling-1-61252704 covalent_docking_6_receptor_2_no_water_initial_cyclo_int_docking.00001 localhost [Pauling]

All jobs have completed.

3 of 3 job(s) succeeded; 0 job(s) failed.

Combining subjob outputs: covalent_docking_6_receptor_2_no_water_initial_cyclo_int_docking-out.maegz
All Entries Succesfully Processed
Total Time Elapsed (hours:minutes:seconds)   41:21:06
