Interface Mode ON
Loaded 200 structures
Using complex_164w.pdb as reference
Read 2 chains from contacts file: AC
Symmetry option on. Checking chain lengths: WARNING!! Chains have different lengths! (C:73 != A:428)
You main run into problems later on...
OK!
Generating ZONE definitions..
Symmetry option was turned on, but chains are not identical: Turning symmetry off
Defined 1 zone(s)
ZONE CLEAR \n ZONE A1495-A1495:A1495-A1495 ZONE A1496-A1496:A1496-A1496 ZONE A1497-A1497:A1497-A1497 ZONE A1498-A1498:A1498-A1498 ZONE A1499-A1499:A1499-A1499 ZONE A1500-A1500:A1500-A1500 ZONE A1501-A1501:A1501-A1501 ZONE A1502-A1502:A1502-A1502 ZONE A1503-A1503:A1503-A1503 ZONE A1504-A1504:A1504-A1504 ZONE A1505-A1505:A1505-A1505 ZONE A1506-A1506:A1506-A1506 ZONE A1507-A1507:A1507-A1507 ZONE A1508-A1508:A1508-A1508 ZONE A1509-A1509:A1509-A1509 ZONE A1510-A1510:A1510-A1510 ZONE A1511-A1511:A1511-A1511 ZONE A1512-A1512:A1512-A1512 ZONE A1513-A1513:A1513-A1513 ZONE A1514-A1514:A1514-A1514 ZONE A1515-A1515:A1515-A1515 ZONE A1516-A1516:A1516-A1516 ZONE A1517-A1517:A1517-A1517 ZONE A1553-A1553:A1553-A1553 ZONE A1554-A1554:A1554-A1554 ZONE A1555-A1555:A1555-A1555 ZONE A1556-A1556:A1556-A1556 ZONE A1557-A1557:A1557-A1557 ZONE A1558-A1558:A1558-A1558 ZONE A1559-A1559:A1559-A1559 ZONE A1595-A1595:A1595-A1595 ZONE A1596-A1596:A1596-A1596 ZONE A1622-A1622:A1622-A1622 ZONE A1664-A1664:A1664-A1664 ZONE A1666-A1666:A1666-A1666 ZONE A1671-A1671:A1671-A1671 ZONE A1675-A1675:A1675-A1675 ZONE A1678-A1678:A1678-A1678 ZONE A1694-A1694:A1694-A1694 ZONE A1808-A1808:A1808-A1808 ZONE A1809-A1809:A1809-A1809 ZONE A1810-A1810:A1810-A1810 ZONE A1811-A1811:A1811-A1811 ZONE A1812-A1812:A1812-A1812 ZONE A1813-A1813:A1813-A1813 ZONE A1814-A1814:A1814-A1814 ZONE A1815-A1815:A1815-A1815 ZONE A1816-A1816:A1816-A1816 ZONE A1817-A1817:A1817-A1817 ZONE A1818-A1818:A1818-A1818 ZONE A1819-A1819:A1819-A1819 ZONE A1820-A1820:A1820-A1820 ZONE A1821-A1821:A1821-A1821 ZONE A1822-A1822:A1822-A1822 ZONE A1823-A1823:A1823-A1823 ZONE A1824-A1824:A1824-A1824 ZONE A1825-A1825:A1825-A1825 ZONE A1826-A1826:A1826-A1826 ZONE A1857-A1857:A1857-A1857 ZONE A1858-A1858:A1858-A1858 ZONE A1859-A1859:A1859-A1859 ZONE A1860-A1860:A1860-A1860\n ZONE C1956-C1956:C1956-C1956 ZONE C1962-C1962:C1962-C1962 ZONE C1965-C1965:C1965-C1965 ZONE C1966-C1966:C1966-C1966 ZONE C1967-C1967:C1967-C1967 ZONE C1968-C1968:C1968-C1968 ZONE C1969-C1969:C1969-C1969 ZONE C1970-C1970:C1970-C1970 ZONE C1971-C1971:C1971-C1971 ZONE C1972-C1972:C1972-C1972 ZONE C1973-C1973:C1973-C1973 ZONE C1974-C1974:C1974-C1974 ZONE C1975-C1975:C1975-C1975 ZONE C1976-C1976:C1976-C1976 ZONE C1977-C1977:C1977-C1977 ZONE C1978-C1978:C1978-C1978 ZONE C1979-C1979:C1979-C1979 ZONE C1980-C1980:C1980-C1980 ZONE C1981-C1981:C1981-C1981 ZONE C1997-C1997:C1997-C1997 ZONE C1998-C1998:C1998-C1998 ZONE C1999-C1999:C1999-C1999 ZONE C2000-C2000:C2000-C2000 ZONE C2001-C2001:C2001-C2001 ZONE C2002-C2002:C2002-C2002 ZONE C2003-C2003:C2003-C2003 ZONE C2004-C2004:C2004-C2004 ZONE C2005-C2005:C2005-C2005 ZONE C2006-C2006:C2006-C2006 ZONE C2007-C2007:C2007-C2007 ZONE C2008-C2008:C2008-C2008 ZONE C2009-C2009:C2009-C2009 ZONE C2010-C2010:C2010-C2010 ZONE C2011-C2011:C2011-C2011 ZONE C2012-C2012:C2012-C2012 ZONE C2013-C2013:C2013-C2013 ZONE C2014-C2014:C2014-C2014 ZONE C2015-C2015:C2015-C2015\n FIT
RMS: 0.000
1
RMS: 1.165
1
RMS: 3.087
1
RMS: 2.135
1
RMS: 2.297
1
RMS: 2.103
1
RMS: 3.379
1
RMS: 1.053
1
RMS: 4.042
1
RMS: 0.482
1
RMS: 1.599
1
RMS: 0.350
1
RMS: 0.528
1
RMS: 2.876
1
RMS: 2.509
1
RMS: 0.448
1
RMS: 1.665
1
RMS: 2.039
1
RMS: 1.148
1
RMS: 1.025
1
RMS: 2.637
1
RMS: 1.210
1
RMS: 3.133
1
RMS: 1.219
1
RMS: 2.931
1
RMS: 1.876
1
RMS: 1.621
1
RMS: 1.449
1
RMS: 3.016
1
RMS: 0.822
1
RMS: 3.675
1
RMS: 1.845
1
RMS: 1.829
1
RMS: 3.144
1
RMS: 1.356
1
RMS: 3.124
1
RMS: 1.320
1
RMS: 2.160
1
RMS: 3.572
1
RMS: 2.909
1
RMS: 3.199
1
RMS: 1.747
1
RMS: 3.077
1
RMS: 1.523
1
RMS: 3.788
1
RMS: 1.325
1
RMS: 2.154
1
RMS: 2.044
1
RMS: 2.000
1
RMS: 3.059
1
RMS: 2.771
1
RMS: 2.149
1
RMS: 2.087
1
RMS: 2.615
1
RMS: 1.467
1
RMS: 4.133
1
RMS: 2.531
1
RMS: 2.892
1
RMS: 1.680
1
RMS: 2.986
1
RMS: 3.410
1
RMS: 2.006
1
RMS: 1.781
1
RMS: 1.373
1
RMS: 3.337
1
RMS: 1.681
1
RMS: 3.546
1
RMS: 2.792
1
RMS: 2.329
1
RMS: 2.767
1
RMS: 4.260
1
RMS: 1.521
1
RMS: 1.636
1
RMS: 1.981
1
RMS: 3.797
1
RMS: 3.578
1
RMS: 2.951
1
RMS: 0.978
1
RMS: 3.792
1
RMS: 2.005
1
RMS: 2.488
1
RMS: 2.426
1
RMS: 3.508
1
RMS: 1.411
1
RMS: 4.131
1
RMS: 1.746
1
RMS: 1.715
1
RMS: 2.279
1
RMS: 4.085
1
RMS: 3.601
1
RMS: 1.482
1
RMS: 1.584
1
RMS: 3.274
1
RMS: 1.367
1
RMS: 2.198
1
RMS: 2.754
1
RMS: 4.319
1
RMS: 1.263
1
RMS: 4.533
1
RMS: 3.060
1
RMS: 1.331
1
RMS: 1.528
1
RMS: 2.282
1
RMS: 2.819
1
RMS: 1.616
1
RMS: 1.819
1
RMS: 4.132
1
RMS: 0.386
1
RMS: 2.402
1
RMS: 1.304
1
RMS: 1.224
1
RMS: 1.752
1
RMS: 4.420
1
RMS: 3.723
1
RMS: 3.825
1
RMS: 1.825
1
RMS: 8.098
1
RMS: 2.619
1
RMS: 1.933
1
RMS: 0.318
1
RMS: 2.216
1
RMS: 2.330
1
RMS: 2.668
1
RMS: 3.801
1
RMS: 2.337
1
RMS: 2.819
1
RMS: 1.699
1
RMS: 3.684
1
RMS: 1.975
1
RMS: 1.913
1
RMS: 1.297
1
RMS: 1.100
1
RMS: 1.353
1
RMS: 3.718
1
RMS: 1.783
1
RMS: 2.011
1
RMS: 2.007
1
RMS: 2.398
1
RMS: 2.543
1
RMS: 2.926
1
RMS: 1.913
1
RMS: 3.042
1
RMS: 2.116
1
RMS: 1.419
1
RMS: 1.498
1
RMS: 2.589
1
RMS: 2.839
1
RMS: 2.922
1
RMS: 2.032
1
RMS: 1.868
1
RMS: 1.387
1
RMS: 2.409
1
RMS: 2.440
1
RMS: 2.115
1
RMS: 2.469
1
RMS: 1.529
1
RMS: 2.231
1
RMS: 3.314
1
RMS: 2.914
1
RMS: 1.334
1
RMS: 1.559
1
RMS: 1.889
1
RMS: 3.280
1
RMS: 3.029
1
RMS: 3.396
1
RMS: 3.981
1
RMS: 5.025
1
RMS: 1.628
1
RMS: 3.884
1
RMS: 1.353
1
RMS: 1.736
1
RMS: 2.116
1
RMS: 3.310
1
RMS: 2.521
1
RMS: 3.373
1
RMS: 3.972
1
RMS: 1.400
1
RMS: 1.768
1
RMS: 2.918
1
RMS: 5.683
1
RMS: 1.309
1
RMS: 2.812
1
RMS: 1.763
1
RMS: 5.204
1
RMS: 1.996
1
RMS: 1.760
1
RMS: 2.074
1
RMS: 1.628
1
RMS: 2.056
1
RMS: 4.160
1
RMS: 3.225
1
RMS: 3.932
1
RMS: 1.915
1
RMS: 1.379
1
RMS: 0.918
1
RMS: 1.937
1
RMS: 3.756
1
RMS: 1.951
1
RMS: 2.371
1
RMS: 8.664
1

