Ligand Mode ON
Loaded 200 structures
Using complex_164w.pdb as reference
Read 2 chains from reference file: AC
Symmetry option on. Checking chain lengths: WARNING!! Chains have different lengths! (C:73 != A:428)
You main run into problems later on...
OK!
Generating ZONE definitions..
Symmetry option was turned on, but chains are not identical: Turning symmetry off
Defined 1 zone(s)
ZONE CLEAR \n ZONE A* \n FIT \nRZONE C*\n
RMS: 0.000
1
RMS: 3.312
1
RMS: 16.254
1
RMS: 16.361
1
RMS: 16.074
1
RMS: 15.254
1
RMS: 14.939
1
RMS: 4.330
1
RMS: 17.768
1
RMS: 4.670
1
RMS: 6.026
1
RMS: 3.360
1
RMS: 4.013
1
RMS: 17.795
1
RMS: 16.296
1
RMS: 2.891
1
RMS: 16.110
1
RMS: 17.869
1
RMS: 14.937
1
RMS: 4.811
1
RMS: 19.914
1
RMS: 16.658
1
RMS: 19.202
1
RMS: 16.925
1
RMS: 19.244
1
RMS: 16.983
1
RMS: 15.440
1
RMS: 16.394
1
RMS: 19.203
1
RMS: 5.328
1
RMS: 18.280
1
RMS: 20.552
1
RMS: 18.253
1
RMS: 18.952
1
RMS: 16.984
1
RMS: 18.264
1
RMS: 16.721
1
RMS: 15.002
1
RMS: 18.408
1
RMS: 19.244
1
RMS: 19.061
1
RMS: 16.856
1
RMS: 19.639
1
RMS: 18.976
1
RMS: 19.635
1
RMS: 16.966
1
RMS: 11.965
1
RMS: 17.382
1
RMS: 17.738
1
RMS: 17.289
1
RMS: 19.356
1
RMS: 15.635
1
RMS: 19.745
1
RMS: 19.514
1
RMS: 15.821
1
RMS: 19.272
1
RMS: 18.964
1
RMS: 18.551
1
RMS: 15.966
1
RMS: 19.706
1
RMS: 19.353
1
RMS: 20.313
1
RMS: 20.805
1
RMS: 16.056
1
RMS: 19.033
1
RMS: 17.638
1
RMS: 18.495
1
RMS: 19.033
1
RMS: 19.780
1
RMS: 18.744
1
RMS: 18.917
1
RMS: 17.828
1
RMS: 16.795
1
RMS: 19.260
1
RMS: 18.335
1
RMS: 19.053
1
RMS: 18.718
1
RMS: 3.387
1
RMS: 18.567
1
RMS: 19.755
1
RMS: 18.521
1
RMS: 19.495
1
RMS: 18.808
1
RMS: 17.552
1
RMS: 20.639
1
RMS: 16.895
1
RMS: 17.957
1
RMS: 19.467
1
RMS: 18.254
1
RMS: 13.290
1
RMS: 12.936
1
RMS: 17.436
1
RMS: 19.032
1
RMS: 17.933
1
RMS: 21.149
1
RMS: 18.607
1
RMS: 18.405
1
RMS: 16.194
1
RMS: 13.574
1
RMS: 18.750
1
RMS: 17.380
1
RMS: 18.587
1
RMS: 16.545
1
RMS: 19.458
1
RMS: 18.348
1
RMS: 17.442
1
RMS: 24.557
1
RMS: 4.312
1
RMS: 20.325
1
RMS: 18.010
1
RMS: 16.882
1
RMS: 19.100
1
RMS: 17.967
1
RMS: 18.263
1
RMS: 12.514
1
RMS: 16.194
1
RMS: 25.886
1
RMS: 18.023
1
RMS: 17.037
1
RMS: 5.075
1
RMS: 17.448
1
RMS: 18.822
1
RMS: 20.007
1
RMS: 24.008
1
RMS: 19.898
1
RMS: 18.880
1
RMS: 20.318
1
RMS: 20.022
1
RMS: 20.110
1
RMS: 21.064
1
RMS: 16.768
1
RMS: 15.579
1
RMS: 17.863
1
RMS: 18.449
1
RMS: 19.212
1
RMS: 20.997
1
RMS: 20.547
1
RMS: 19.328
1
RMS: 19.262
1
RMS: 24.509
1
RMS: 20.288
1
RMS: 18.442
1
RMS: 18.820
1
RMS: 18.256
1
RMS: 16.537
1
RMS: 18.963
1
RMS: 21.465
1
RMS: 18.539
1
RMS: 7.136
1
RMS: 20.046
1
RMS: 17.701
1
RMS: 20.245
1
RMS: 19.706
1
RMS: 16.480
1
RMS: 20.091
1
RMS: 18.216
1
RMS: 10.095
1
RMS: 18.090
1
RMS: 20.336
1
RMS: 18.594
1
RMS: 18.531
1
RMS: 20.458
1
RMS: 12.327
1
RMS: 23.562
1
RMS: 16.823
1
RMS: 10.943
1
RMS: 12.235
1
RMS: 19.485
1
RMS: 18.519
1
RMS: 17.664
1
RMS: 20.004
1
RMS: 21.715
1
RMS: 19.081
1
RMS: 19.518
1
RMS: 18.462
1
RMS: 18.719
1
RMS: 18.348
1
RMS: 19.869
1
RMS: 18.246
1
RMS: 14.948
1
RMS: 16.138
1
RMS: 18.751
1
RMS: 19.753
1
RMS: 15.178
1
RMS: 18.484
1
RMS: 18.276
1
RMS: 19.175
1
RMS: 17.943
1
RMS: 20.551
1
RMS: 18.487
1
RMS: 11.289
1
RMS: 11.295
1
RMS: 19.029
1
RMS: 18.522
1
RMS: 5.687
1
RMS: 19.681
1
RMS: 12.053
1
RMS: 20.022
1
RMS: 21.848
1
RMS: 22.604
1

