Reference: complex_164w.pdb
Working directory: /trinity/home/enmr/csb_webserver/data/results/haddock24/6130302451/77068-ds_4pwv_md_hom_final_water/structures/it1/water/CAPRI_analysis
List of PDB files: file.nam-analysis
Analysis directory: CAPRI_analysis
Scripts directory: /trinity/home/enmr/csb_webserver/data/results/haddock24/6130302451/77068-ds_4pwv_md_hom_final_water/structures/it1/water/CAPRI_analysis/../analysis/
Reference contact file (created later on): complex_164w.contacts
Contacts list: file.nam-analysis_contacts
Starts analysis script...
Contacts files creation...
DONE
FNAT calculation...
fnat file ok
DONE
i-RMSD calculation...
irmsd file ok
DONE
l-RMSD calculation...
lrmsd file ok
DONE
Values compiled file ok
DONE
