Job launching command:
$SCHRODINGER/utilities/multisim -JOBNAME desmond_setup_9_pcp2-SEP_based_on_4pwv_final_10ang_buff_9na_neut_150mm_nacl -m desmond_setup_9_pcp2-SEP_based_on_4pwv_final_10ang_buff_9na_neut_150mm_nacl.msj desmond_setup_9_pcp2-SEP_based_on_4pwv_final_10ang_buff_9na_neut_150mm_nacl.mae -o desmond_setup_9_pcp2-SEP_based_on_4pwv_final_10ang_buff_9na_neut_150mm_nacl-out.cms -HOST localhost -PROJ /media/adgnann/870_EVO_1TB/dissertation/appendix/homology_modeling_files/hmwp2-pcp2/hmwp2-pcp2_homology_modeling_20210714.prj -DISP append -VIEWNAME system_builder_gui.SystemBuilderPanel -TMPLAUNCHDIR

Booting the multisim workflow engine...
           multisim version: 3.8.5.19
            mmshare version: 5.2
                    Jobname: desmond_setup_9_pcp2-SEP_based_on_4pwv_final_10ang_buff_9na_neut_150mm_nacl
                   Username: adgnann
            Master job host: undetected
                Subjob host: localhost
                     Job ID: Pauling-0-60f55a08
            multisim script: desmond_setup_9_pcp2-SEP_based_on_4pwv_final_10ang_buff_9na_neut_150mm_nacl.msj
       Structure input file: desmond_setup_9_pcp2-SEP_based_on_4pwv_final_10ang_buff_9na_neut_150mm_nacl.mae
            CPUs per subjob: "1"
             Job start time: Mon Jul 19 06:55:05 2021
           Launch directory: /media/adgnann/870_EVO_1TB/dissertation/appendix/homology_modeling_files/hmwp2-pcp2/desmond_setup_9_pcp2-SEP_based_on_4pwv_final_10ang_buff_9na_neut_150mm_nacl
               $SCHRODINGER: /home/adgnann/schrodinger2020-4

Parsing the multisim script file...

Summary of user stages:
  stage 1 - task
  stage 2 - build_geometry
  stage 3 - assign_forcefield
(3 stages in total)

Workflow is started now.

Stage 1 - task
stage[1] task: Detecting system type...
stage[1] task:   It seems a raw geometry for regular molecular dynamics simulations
stage[1] task: Recognizing traits of system...
stage[1] task:   (none)

Stage 1 completed successfully.
Stage 1 duration: 0h 0' 0"


Stage 2 - build_geometry
[running at reduced cpu priority]

Running subjobs on hosts:
  localhost (Max: 1)
Number of jobs:       1
Max retries per job:  3
Max allowed failures: unlimited
Run with -LOCAL:      False
Verbosity:            normal

Starting JobDJ...

Keep one job on driver host: False
JobDJ columns:
  C: Number of completed subjobs
  A: Number of active subjobs (e.g., submitted, running)
  W: Number of waiting/pending subjobs

C A W | Activity  JobId  JobName  JobHost
- - - | --------- -----------------------
0 1 0 | launched  Pauling-0-60f55a0b desmond_setup_9_pcp2-SEP_based_on_4pwv_final_10ang_buff_9na_neut_150mm_nacl_2-in localhost [Pauling]
1 0 0 | finished  Pauling-0-60f55a0b desmond_setup_9_pcp2-SEP_based_on_4pwv_final_10ang_buff_9na_neut_150mm_nacl_2-in localhost [Pauling]

All jobs have completed.

1 of 1 job(s) succeeded; 0 job(s) failed.


Job("Pauling-0-60f55a0b") was successfully finished.
  Host       : localhost
  Launch time: Mon Jul 19 06:55:07 2021
  Start time : Mon Jul 19 06:55:07 2021
  End time   : Mon Jul 19 06:58:14 2021
  Duration   : 0h 3' 7"
  CPUs       : 1
  CPU time   : 0h 3' 7"
  Exit code  : 0
  Jobname    : desmond_setup_9_pcp2-SEP_based_on_4pwv_final_10ang_buff_9na_neut_150mm_nacl_2
  Stage      : 2 (build_geometry)

Stage 2 completed successfully.
Stage 2 duration: 0h 3' 9"


Stage 3 - assign_forcefield
Running force_field_builder version 52144

OPLS Version: OPLS3e
FEP mode: 2
FEP retain angle: 2
Skip creating the fepio_fep block
Reading input structures.
Creating New ffio_ff block...
Creating molsym
Creating New ffio_ff block...
Creating molsym
Creating New ffio_ff block...
Creating molsym
Creating New ffio_ff block...
Creating molsym
Creating New ffio_ff block...
Creating molsym

force_field_builder: job successfully run

viparr 1.5.1
All FF directories, in order:
 /home/adgnann/schrodinger2020-4/internal/lib/python3.8/site-packages/schrodinger/application/desmond/packages/viparr1/viparr-ff/ff/tip3p
Plug-in directory: /home/adgnann/schrodinger2020-4/internal/lib/python3.8/site-packages/schrodinger/application/desmond/packages/viparr1/plugins
Reading maestro file <desmond_setup_9_pcp2-SEP_based_on_4pwv_final_10ang_buff_9na_neut_150mm_nacl_3-out.cms_> ...
Done reading maestro file
Analyzing ct block 6
Warning: Missing backward edges...adding them now
******Constructing residue list for </home/adgnann/schrodinger2020-4/internal/lib/python3.8/site-packages/schrodinger/application/desmond/packages/viparr1/viparr-ff/ff/tip3p> Structure 6
Note: Struct 6, Res <" ",1> (T3P) matched (TIP3)
Note: Struct 6, Res <" ",2> (T3P) matched (TIP3)
Note: Struct 6, Res <" ",3> (T3P) matched (TIP3)
Note: Struct 6, Res <" ",4> (T3P) matched (TIP3)
Note: Struct 6, Res <" ",5> (T3P) matched (TIP3)
Ignoring further messages for (T3P) matching (TIP3)
******Main loop: Structure 6
Pre-processing force field </home/adgnann/schrodinger2020-4/internal/lib/python3.8/site-packages/schrodinger/application/desmond/packages/viparr1/viparr-ff/ff/tip3p> for rules and pseudos
Processing force field </home/adgnann/schrodinger2020-4/internal/lib/python3.8/site-packages/schrodinger/application/desmond/packages/viparr1/viparr-ff/ff/tip3p>
Compressing FF representation...
Building mae data structure...
Number of pseudo particles: 0
Writing maestro file <desmond_setup_9_pcp2-SEP_based_on_4pwv_final_10ang_buff_9na_neut_150mm_nacl_3-out.cms_vp>
4 ARITHMETIC/GEOMETRIC

Stage 3 completed successfully.
Stage 3 duration: 0h 2' 39"

Cleaning up files...

Multisim summary (Mon Jul 19 07:00:54 2021):
  Stage 1 completed.
  Stage 2 completed.
  Stage 3 completed.
  Total duration: 0h 5' 48"
Multisim completed.
