 
[running at reduced cpu priority]
 JobID: Pauling-0-617c2f5a
 BatchMin V13.0    Build  130144  Starting Time 29-Oct-2021 13:29:19
 MacroModel. Copyright Schrodinger, LLC.
 All rights reserved.

 Input filename:  low_modes_7jtj_warmed_5ns_merge_repframe4334_negeigwatremoved_prcg_to_0p0418kjmol.mae
 Output filename: low_modes_7jtj_warmed_5ns_merge_repframe4334_negeigwatremoved_prcg_to_0p0418kjmol.out.mae.gz
 Atom-type file: /home/adgnann/schrodinger2020-4/mmshare-v5.2/bin/Linux-x86_64/../../data/atom.typ
 Force field: /home/adgnann/schrodinger2020-4/macromodel-v13.0/bin/Linux-x86_64/../../data/OPLS_2005.fld
 Read  7590 atoms. Structure name, if any, appears on next line: 
 7JTJ - H-minimized - minimized - no peg - distant surface water removed - no active site sodium - charge offset with sodium in bulk - Frame 4334 - neg eig water removed
 Quality of Force Field Parameters in Use:
   Numbers of high, medium and low quality stretch parameters = 7462    0    0
   Numbers of high, medium and low quality bend parameters    =12885    0    0
   Numbers of high, medium and low quality torsion parameters =18683    0    1
   Interactions examined:      39031 of      39031 total, including unused params.
 WARNING - Conformational Energies May Not Be Accurate
      Stretch total=     7462   constrained=        0
         Bend total=    12885   constrained=        0        linear=        0
      Torsion total=    20163   constrained=        0  out-of-plane=     1479
    Nonbonded total=  3091068      H-bonded=        0      ordinary=  3091068
  Nonbonded cutoffs: CutVdw=   7.00    ;  CutEs=   12.0    
 Starting conjugate gradient minimization.
 Minimization converged; gradient = 0.483E-01 .LT.  0.500E-01
 Iterations =        2820  out of        10000
 Conf    1 E =  -10940.876 (  0.048) kJ/mol
Use Eplayer from the project table in Maestro
to animate the selected normal modes.
 HESSVEC: sparse Hess storage limit reached.
  Increasing storage. 
  Further increases will not be reported.
 Skipping mode, |displacement| = 0.0146
 Skipping mode, |displacement| = 0.00933
 Skipping mode, eigval = -0.00097
 Skipping mode, eigval = -0.000367
 Skipping mode, eigval = -0.000134
 Skipping mode, eigval = -2.6e-05
   Mode #  1, eigval = 0.0249
   Mode #  2, eigval = 0.0321
   Mode #  3, eigval = 0.0365
   Mode #  4, eigval = 0.0478
   Mode #  5, eigval = 0.0602
   Mode #  6, eigval = 0.0606
   Mode #  7, eigval = 0.0692
   Mode #  8, eigval = 0.0795
   Mode #  9, eigval = 0.0871
   Mode # 10, eigval = 0.0898
 Total number of structures processed =           1
 
BatchMin: normal termination                           29-Oct-2021 13:49:54
1165.32user 3.33system 20:56.34elapsed 93%CPU (0avgtext+0avgdata 1306748maxresident)k
0inputs+1109144outputs (0major+1759273minor)pagefaults 0swaps
