Molecular Dynamics
Job launching command:
$SCHRODINGER/utilities/multisim -VIEWNAME desmond_molecular_dynamics_gui.MDApp -JOBNAME desmond_md_job_7jtj_continue1_2ns_1ps_rec_300K -HOST localhost -maxjob 1 -cpu 1 -m desmond_md_job_7jtj_continue1_2ns_1ps_rec_300K.msj -c desmond_md_job_7jtj_continue1_2ns_1ps_rec_300K.cfg -description "Molecular Dynamics" desmond_md_job_7jtj_continue1_2ns_1ps_rec_300K.cms -mode umbrella -PROJ /media/adgnann/860EVO_int/cy_low_modes_20211022/cy_low_modes_20211022.prj -DISP append -o desmond_md_job_7jtj_continue1_2ns_1ps_rec_300K-out.cms -lic DESMOND_GPGPU:16

Multisim runs in the umbrella mode.
Booting the multisim workflow engine...
           multisim version: 3.8.5.19
            mmshare version: 5.2
                    Jobname: desmond_md_job_7jtj_continue1_2ns_1ps_rec_300K
                   Username: adgnann
            Master job host: undetected
                Subjob host: Pauling
                     Job ID: Pauling-0-617b75c3
            multisim script: desmond_md_job_7jtj_continue1_2ns_1ps_rec_300K.msj
       Structure input file: desmond_md_job_7jtj_continue1_2ns_1ps_rec_300K.cms
            CPUs per subjob: "1"
             Job start time: Fri Oct 29 00:17:28 2021
           Launch directory: /media/adgnann/860EVO_int/cy_low_modes_20211022/desmond_md_job_7jtj_continue1_2ns_1ps_rec_300K
               $SCHRODINGER: /home/adgnann/schrodinger2020-4

Parsing the multisim script file...

Summary of user stages:
  stage 1 - task
  stage 2 - simulate
(2 stages in total)

Workflow is started now.

Stage 1 - task
stage[1] task: Detecting system type...
stage[1] task:   It seems a mature model system created for regular molecular dynamics simulations
stage[1] task: Recognizing traits of system...
stage[1] task:   (none)

Stage 1 completed successfully.
Stage 1 duration: 0h 0' 2"


Stage 2 - simulate

Running subjobs on hosts:
  Pauling (Max: 1)
Number of jobs:       1
Max retries per job:  3
Max allowed failures: unlimited
Run with -LOCAL:      False
Verbosity:            normal

Starting JobDJ...

Keep one job on driver host: False
JobDJ columns:
  C: Number of completed subjobs
  A: Number of active subjobs (e.g., submitted, running)
  W: Number of waiting/pending subjobs

C A W | Activity  JobId  JobName  JobHost
- - - | --------- -----------------------
0 1 0 | launched  Pauling-0-617b75f2 desmond_md_job_7jtj_continue1_2ns_1ps_rec_300K Pauling
1 0 0 | finished  Pauling-0-617b75f2 desmond_md_job_7jtj_continue1_2ns_1ps_rec_300K Pauling

All jobs have completed.

1 of 1 job(s) succeeded; 0 job(s) failed.


Job("Pauling-0-617b75f2") was successfully finished.
  Host       : localhost
  Launch time: Fri Oct 29 00:17:54 2021
  Start time : Fri Oct 29 00:17:55 2021
  End time   : Fri Oct 29 00:40:50 2021
  Duration   : 0h 22' 55"
  CPUs       : 1
  CPU time   : 0h 22' 55"
  Exit code  : 0
  Jobname    : desmond_md_job_7jtj_continue1_2ns_1ps_rec_300K
  Stage      : 2 (simulate)

Stage 2 completed successfully.
Stage 2 duration: 0h 23' 22"

Cleaning up files...

Multisim summary (Fri Oct 29 00:40:53 2021):
  Stage 1 completed.
  Stage 2 completed.
  Total duration: 0h 23' 25"
  Total GPU time: 0h 22' 55" (used by 1 subjob(s))
Multisim completed.
[running at reduced cpu priority]
