Job launching command:
$SCHRODINGER/utilities/multisim -JOBNAME desmond_setup_7jtj_10ang_buf_t3p_box_11na_neut -m desmond_setup_7jtj_10ang_buf_t3p_box_11na_neut.msj desmond_setup_7jtj_10ang_buf_t3p_box_11na_neut.mae -o desmond_setup_7jtj_10ang_buf_t3p_box_11na_neut-out.cms -HOST localhost -PROJ /media/adgnann/860EVO_int/cy_low_modes_20211022/cy_low_modes_20211022.prj -DISP append -VIEWNAME system_builder_gui.SystemBuilderPanel -TMPLAUNCHDIR

Booting the multisim workflow engine...
           multisim version: 3.8.5.19
            mmshare version: 5.2
                    Jobname: desmond_setup_7jtj_10ang_buf_t3p_box_11na_neut
                   Username: adgnann
            Master job host: undetected
                Subjob host: localhost
                     Job ID: Pauling-0-6172e807
            multisim script: desmond_setup_7jtj_10ang_buf_t3p_box_11na_neut.msj
       Structure input file: desmond_setup_7jtj_10ang_buf_t3p_box_11na_neut.mae
            CPUs per subjob: "1"
             Job start time: Fri Oct 22 12:34:36 2021
           Launch directory: /media/adgnann/860EVO_int/cy_low_modes_20211022/desmond_setup_7jtj_10ang_buf_t3p_box_11na_neut
               $SCHRODINGER: /home/adgnann/schrodinger2020-4

Parsing the multisim script file...

Summary of user stages:
  stage 1 - task
  stage 2 - build_geometry
  stage 3 - assign_forcefield
(3 stages in total)

Workflow is started now.

Stage 1 - task
stage[1] task: Detecting system type...
stage[1] task:   It seems a raw geometry for regular molecular dynamics simulations
stage[1] task: Recognizing traits of system...
stage[1] task:   (none)

Stage 1 completed successfully.
Stage 1 duration: 0h 0' 0"


Stage 2 - build_geometry
[running at reduced cpu priority]

Running subjobs on hosts:
  localhost (Max: 1)
Number of jobs:       1
Max retries per job:  3
Max allowed failures: unlimited
Run with -LOCAL:      False
Verbosity:            normal

Starting JobDJ...

Keep one job on driver host: False
JobDJ columns:
  C: Number of completed subjobs
  A: Number of active subjobs (e.g., submitted, running)
  W: Number of waiting/pending subjobs

C A W | Activity  JobId  JobName  JobHost
- - - | --------- -----------------------
0 1 0 | launched  Pauling-0-6172e833 desmond_setup_7jtj_10ang_buf_t3p_box_11na_neut_2-in localhost [Pauling]
1 0 0 | finished  Pauling-0-6172e833 desmond_setup_7jtj_10ang_buf_t3p_box_11na_neut_2-in localhost [Pauling]

All jobs have completed.

1 of 1 job(s) succeeded; 0 job(s) failed.


Job("Pauling-0-6172e833") was successfully finished.
  Host       : localhost
  Launch time: Fri Oct 22 12:34:59 2021
  Start time : Fri Oct 22 12:34:59 2021
  End time   : Fri Oct 22 12:40:34 2021
  Duration   : 0h 5' 35"
  CPUs       : 1
  CPU time   : 0h 5' 35"
  Exit code  : 0
  Jobname    : desmond_setup_7jtj_10ang_buf_t3p_box_11na_neut_2
  Stage      : 2 (build_geometry)

Stage 2 completed successfully.
Stage 2 duration: 0h 5' 59"


Stage 3 - assign_forcefield
Running force_field_builder version 52144

OPLS Version: OPLS3e
FEP mode: 2
FEP retain angle: 2
Skip creating the fepio_fep block
Reading input structures.
Creating New ffio_ff block...
Creating molsym
Creating New ffio_ff block...
Creating molsym
Creating New ffio_ff block...
Creating molsym

force_field_builder: job successfully run

viparr 1.5.1
All FF directories, in order:
 /home/adgnann/schrodinger2020-4/internal/lib/python3.8/site-packages/schrodinger/application/desmond/packages/viparr1/viparr-ff/ff/tip3p
Plug-in directory: /home/adgnann/schrodinger2020-4/internal/lib/python3.8/site-packages/schrodinger/application/desmond/packages/viparr1/plugins
Reading maestro file <desmond_setup_7jtj_10ang_buf_t3p_box_11na_neut_3-out.cms_> ...
Done reading maestro file
Analyzing ct block 4
Warning: Missing backward edges...adding them now
******Constructing residue list for </home/adgnann/schrodinger2020-4/internal/lib/python3.8/site-packages/schrodinger/application/desmond/packages/viparr1/viparr-ff/ff/tip3p> Structure 4
Note: Struct 4, Res <" ",1> (T3P) matched (TIP3)
Note: Struct 4, Res <" ",2> (T3P) matched (TIP3)
Note: Struct 4, Res <" ",3> (T3P) matched (TIP3)
Note: Struct 4, Res <" ",4> (T3P) matched (TIP3)
Note: Struct 4, Res <" ",5> (T3P) matched (TIP3)
Ignoring further messages for (T3P) matching (TIP3)
******Main loop: Structure 4
Pre-processing force field </home/adgnann/schrodinger2020-4/internal/lib/python3.8/site-packages/schrodinger/application/desmond/packages/viparr1/viparr-ff/ff/tip3p> for rules and pseudos
Processing force field </home/adgnann/schrodinger2020-4/internal/lib/python3.8/site-packages/schrodinger/application/desmond/packages/viparr1/viparr-ff/ff/tip3p>
Compressing FF representation...
Building mae data structure...
Number of pseudo particles: 0
Writing maestro file <desmond_setup_7jtj_10ang_buf_t3p_box_11na_neut_3-out.cms_vp>
2 ARITHMETIC/GEOMETRIC

Stage 3 completed successfully.
Stage 3 duration: 0h 3' 53"

Cleaning up files...

Multisim summary (Fri Oct 22 12:44:29 2021):
  Stage 1 completed.
  Stage 2 completed.
  Stage 3 completed.
  Total duration: 0h 9' 52"
Multisim completed.
