==============================================================================
  Prime version 6.2 (r144) Refine Structure: Minimization
==============================================================================
        
--------------------------------------------------------------------------------
JobId          : Pauling-0-60ef3937
Name           : prime_mini_1_pcp1-phosphoserine-only
Program        : RefineStructure
Host           : Pauling
Dir            : /media/adgnann/870_EVO_1TB/dissertation/appendix/protein-protein_docking_files
HostEntry      : localhost
JobHost        : Pauling
JobDir         : /home/adgnann/tmp/adgnann/prime_mini_1_pcp1-phosphoserine-only
JobSchrodinger : /home/adgnann/schrodinger2020-4
Commandline    : /home/adgnann/schrodinger2020-4/prime -VIEWNAME prime -HOST localhost:12 prime_mini_1_pcp1-phosphoserine-only
StartTime      : 2021-07-14-15:21:28
--------------------------------------------------------------------------------
Using the following input parameters:
   EXT_DIEL	80.00
   JOB_TYPE	refine
   MINIM_METHOD	au
   MINIM_NITER	2
   MINIM_NSTEP	65
   MINIM_RMSG	0.010000
   OPLS_VERSION	opls3e
   SEED	0
   SELECT	asl = fillres atom.num 1134
   STRUCT_FILE	prime_mini_1_pcp1-phosphoserine-only.mae
   USE_CRYSTAL_SYMMETRY	no
   USE_MEMBRANE	no
   USE_RANDOM_SEED	no

Number of CPU cores to use: 1

Using OPLS version opls3e for force-field parameters.

Pre-processing input
  Treating with residue ID check...
    Complete:  0 min  0 sec
  Treating with asl parsing...
    Complete:  0 min  0 sec
  Treating with naming consistency detection...
    Complete:  0 min  0 sec

 Random Number Seed Set to:     38855245
 
 Contents of the control file:
   
   
   file outdir "/home/adgnann/tmp/adgnann/prime_mini_1_pcp1-phosphoserine-only/"
   file datadir "/home/adgnann/schrodinger2020-4/psp-v6.2/data/pop/"
   file vddir "/home/adgnann/schrodinger2020-4/psp-v6.2/data/pop/"
   file tempdir "templates/"
   file protempdir "templates/"
   file usrtempdir "/home/adgnann/tmp/adgnann/prime_mini_1_pcp1-phosphoserine-only/"
   file gluefile "params.glue"
   file logfile stdout
   
   rand seed 0
   
   
   
   load simple prime_mini_1_pcp1-phosphoserine-only_0 Structure(38)  het yes ions yes wat yes mse2met no sym none   highest_occ no     opls_version opls3e
   
   
   constraints load_from_ct
   energy param solv vsgb2.1
   
   
   
   
   energy param nbcut2_nn  40.0
   energy param nbcut2_cn  40.0
   energy param nbcut2_cc  40.0
   
   
   
   
   
   
   
   energy total
   minimization asl "atom.i_psp_select_atom 1"  verbose yes  rmsg 0.010000 iter 2 mxitn 65 alg au
   
   energy total
   
   
   write mae SWIG_OUTPUT_STRUCTURE
   finalize yes
   
--Checked out   8 PSP Plop Tokens--
 Random number seed reset to :            0
[running at reduced cpu priority]
 
 Parameters chosen for PDB loading:
   All protein chains will be loaded.
   Sequence read from ATOM lines.
   Ions from PDB file INCLUDED.
   PDB file assumed to be experimental data.
   Waters from PDB file INCLUDED.
   HETATMs from PDB file INCLUDED.
   Hydrogens from PDB file INCLUDED.
   NO symmetry will be used.
   Atoms not in PDB file will NOT be optimized.
   Atomtyping Parameters (when reading directly from mae)
      OPLS Version opls3e              
      Planarity       None
      Using Force Field Charges
 
 STARTING TO WORK ON FILE prime_mini_1_pcp1-phosphoserine-only_0
 Crystal symmetry data not present
 Reading residue sequence from atoms in mae file
 
 Amino acid sequence, chain: A A:LEU_1404   A:LYS_1476  
    0 LEUB PRO  GLN  GLY  ASP  ILE  GLU  LYS  GLN  VAL 
   10 ALA  ALA  LEU  TRP  GLN  GLN  LEU  LEU  SER  THR 
   20 GLY  ASN  VAL  THR  ARG  GLU  THR  ASP  PHE  PHE 
   30 GLN  GLN  GLY  GLY  ASP  SER  LEU  LEU  ALA  THR 
   40 ARG  LEU  THR  GLY  GLN  LEU  HIE  GLN  ALA  GLY 
   50 TYR  GLU  ALA  GLN  LEU  SER  ASP  LEU  PHE  ASN 
   60 HIP  PRO  ARG  LEU  ALA  ASP  PHE  ALA  ALA  THR 
   70 LEU  ARG  LYSE
 
 Nonbonded initialization ...
 Time for loading nb parameters:   1.477000000000395E-003
 Build extended structure ...
 Charged terminal template did not match, trying neutral terminal template for  A:LEU_1404  
 Standard template does not match for  A:SER_1439   making custom template
 Charged terminal template did not match, trying neutral terminal template for  A:LYS_1476  
 Generating crosslinks ...
 Initialize 1/4 list ...
 Initialize parent/child list ...
 Initialize covalent pointers ...
 Initialize resinfo list ...
 Initialize special atoms ...
 Initialize rank list ...
 Initialize sparse atom list ...
 
 Times for various book-keeping steps:
     build   0.275s
     cross   0.002s
     child   0.001s
      iper   0.000s
       rev   0.001s
      info   0.000s
     resat   0.000s
      rank   0.000s
     covpt   0.000s
    sparse   0.002s
 
 Times for steps in loading structure:
           Load sequence    0.00s
    Initialize structure    0.30s
      Assign coordinates    0.01s
     Initialize symmetry    0.00s
 
 Preparing for first energy calculation ...
 
 Time for assigning nb parameters:    0.002s
 
 Number of protein chains       1
   Number of residues          73
       (charged)               16
        (polar)                24
       (glycine)                6
     (hydrophobic)             27
 
 Number of RNA chains           0
   Number of nucleotides        0
 Number of DNA chains           0
   Number of nucleotides        0
 
 Number of waters               0
 Number of ions                 0
 Number of HET                  0
 
 Number of atoms             1155
   [sparse atoms]              98
 
 Number of bonds             1166
 Number of angles            2084
 Number of torsions          3298
 Number of 1/4s              3016
 
 Partial charges and molecular weights:
  Protein chain            A      -2.0000    8160.1
  Entire system                   -2.0000    8160.1
 
 Time for secondary structure initialization   0.000s
 
 Results of parameter assignment
    type    tot   time
    BOND   1166   0.00
    ANGL   2084   0.00
    TORS   3393   0.01
 
 Here are the parameters that will be used:
                      Solvent model   SGB
               Variable Dielectric:   ENABLED
                               LYS:    4.33
                               GLU:    2.39
                               ASP:    2.29
                               HIP:    2.00
                               HIS:    1.00
                               ARG:    2.01
                      Penalty terms   EXCLUDED
                Internal dielectric    1.00
                 Solvent dielectric   80.00
                 Ionic strength (M)    0.00
                 Debye length (Ang)     Inf
     Short NB cut (neutral/neutral)   10.00
      Long NB cut (neutral/neutral)   40.00
      Short NB cut (charge/neutral)   10.00
       Long NB cut (charge/neutral)   40.00
       Short NB cut (charge/charge)   15.00
        Long NB cut (charge/charge)   40.00
             Short NB cut (reduced)    6.00
              Long NB cut (reduced)   36.00
          Rotamer Frequency Scoring   OFF
 
 NOW REPORTING THE ENERGY (KCAL/MOL): 
 COVALENT ENERGIES:
                BOND           ANGLE             TOR           TOTAL
     COV       58.440198      162.839924      121.016826      342.296948
     SGB     6576.607829    -3186.380912    -1510.734604     1879.492313
   TOTAL     6635.048027    -3023.540988    -1389.717778     2221.789261
    TIME        0.000s          0.000s          0.000s          0.000s   
 
 NONBONDED (INTRAMOLECULAR) ENERGIES:
                  14           SHORT            LONG           TOTAL
      LJ      334.674331     -565.723876      -22.407505     -253.457049
    LIPO        0.000000     -175.569542        0.000000     -175.569542
      EL     1937.463926    -4505.769656       32.437027    -2535.868703
     SGB    -1510.734604     2264.279583      -34.510584      719.034395
   TOTAL      761.403654    -2982.783491      -24.481062    -2245.860899
    TIME        0.000s          0.000s          0.000s          0.000s   
 
 OTHER:
SGB SELF    -4479.973135
NONPOLAR        0.000000
PROT COR        0.000000
   HBOND      -34.779493
 PACKING       -6.850895
SelfCont       -0.044854
 
 SUM:
 SGB TOT     -370.711823
SOLV TOT     -370.711823
LIPO TOT     -175.569542
  TOTALE  -3034.985412096    
 [NOTE: TOTAL ENERGY = COV_TOT + NB_TOT + OTHER - SGB_14|SGB_TOR]
 
 NOW REPORTING THE ENERGY (KCAL/MOL): 
 COVALENT ENERGIES:
                BOND           ANGLE             TOR           TOTAL
     COV       58.440198      162.839924      121.016826      342.296948
     SGB     6576.607829    -3186.380912    -1510.734604     1879.492313
   TOTAL     6635.048027    -3023.540988    -1389.717778     2221.789261
    TIME        0.000s          0.000s          0.000s          0.000s   
 
 NONBONDED (INTRAMOLECULAR) ENERGIES:
                  14           SHORT            LONG           TOTAL
      LJ      334.674331     -565.723876      -22.407505     -253.457049
    LIPO        0.000000     -175.569542        0.000000     -175.569542
      EL     1937.463926    -4505.769656       32.437027    -2535.868703
     SGB    -1510.734604     2264.279583      -34.510584      719.034395
   TOTAL      761.403654    -2982.783491      -24.481062    -2245.860899
    TIME        0.000s          0.000s          0.000s          0.000s   
 
 OTHER:
SGB SELF    -4479.973135
NONPOLAR        0.000000
PROT COR        0.000000
   HBOND      -34.779493
 PACKING       -6.850895
SelfCont       -0.044854
 
 SUM:
 SGB TOT     -370.711823
SOLV TOT     -370.711823
LIPO TOT     -175.569542
  TOTALE  -3034.985412096    
 [NOTE: TOTAL ENERGY = COV_TOT + NB_TOT + OTHER - SGB_14|SGB_TOR]
 
 Preparing for first energy calculation ...
 
 
 NOW REPORTING THE ENERGY (KCAL/MOL): 
 COVALENT ENERGIES:
                BOND           ANGLE             TOR           TOTAL
     COV       58.440198      162.839924      121.016826      342.296948
     SGB     6576.607829    -3186.380912    -1510.734604     1879.492313
   TOTAL     6635.048027    -3023.540988    -1389.717778     2221.789261
    TIME        0.000s          0.000s          0.000s          0.000s   
 
 NONBONDED (INTRAMOLECULAR) ENERGIES:
                  14           SHORT            LONG           TOTAL
      LJ      334.674331     -565.723876      -22.407505     -253.457049
    LIPO        0.000000     -175.569542        0.000000     -175.569542
      EL     1937.463926    -4505.769656       32.437027    -2535.868703
     SGB    -1510.734604     2264.279583      -34.510584      719.034395
   TOTAL      761.403654    -2982.783491      -24.481062    -2245.860899
    TIME        0.000s          0.000s          0.000s          0.000s   
 
 OTHER:
SGB SELF    -4479.973135
NONPOLAR        0.000000
PROT COR        0.000000
   HBOND      -34.779493
 PACKING       -6.850895
SelfCont       -0.044854
 
 SUM:
 SGB TOT     -370.711823
SOLV TOT     -370.711823
LIPO TOT     -175.569542
  TOTALE  -3034.985412096    
 [NOTE: TOTAL ENERGY = COV_TOT + NB_TOT + OTHER - SGB_14|SGB_TOR]
 
 ATTN:  large bond energies found:
     561    556 A:SER_1439:_P__        557 A:SER_1439:_O5_         13.23
     562    556 A:SER_1439:_P__        558 A:SER_1439:_O6_         11.95
 
 ATTN:  large angle energies found:
 #,atoms,energy,angle,eq
    1000 A:SER_1439:_O5 A:SER_1439:_P_ A:SER_1439:_O6    9.9  110.1  125.4
    1003 A:SER_1439:_P_ A:SER_1439:_O4 A:SER_1439:_H4    6.9  101.9  124.3
    1004 A:SER_1439:_CB A:SER_1439:_O7 A:SER_1439:_P_    5.5  101.9  115.3
 
 ATTN:  large tor energies found:
    2676 A:HIP_1464:_CA A:HIP_1464:_CB A:HIP_1464:_CG A:HIP_1464:_ND      8.42
 
 ATTN:  large 14 energies found:
    1437 A:SER_1439:_HB2     A:SER_1439:_P__          9.34      3.31     -2.31
 
 Options chosen for the minimization:
   Minimization Algorithm: Automatic
   Desired final RMS gradient:  1.000000000000000E-002
   Maximum number of iterations to achieve self-consistency:            2
   Energy cutoff for determining self-consistency  0.100kcals/mol
   Maximum number of TN iterations:           65
   Iterations between NBlist/LR updates:            2
   LR forces will be updated less frequently than SR.
   NB list will be updated during minim.
   SGB will be updated during minim.
   Option for SGB update:            1
   Born alpha will NOT be updated during minim
   NB Clashes will be used in the preconditioning
 
 STARTING TO WORK ON MINIMIZATION: 
 Dynamic memory allocation:     0.00s
 number of degrees of freedom:               45
 number of sparse matrix elements:          630
 memory allocated for hessian ME:          7500
 
  itn.     f            |g|      #cg    mode    |r|       lambda     nfg  time   rmsd
    0   -3034.98541    83.31150
    1   -3091.84352    41.93555     7     2   232.26316    1.00000    2   0.01s  0.346
    2   -3138.78444    21.60569     5     0    26.00121    1.00000    3   0.01s  0.371
    3   -3151.87658     2.41321     5     0     4.57941    1.00000    4   0.01s  0.392
    4   -3152.96679     3.36271    10     3    14.16301    0.50211    6   0.02s  0.331
    5   -3153.96418     2.60596    10     3     5.04676    1.00000    7   0.03s  0.296
    6   -3154.33327     4.53666    10     3     6.60991    1.00000    8   0.03s  0.254
    7   -3155.19319     0.51561     9     0     0.91754    1.00000    9   0.04s  0.254
    8   -3155.41729     1.57107    15     3     1.52892    0.17641   11   0.05s  0.270
    9   -3155.67383     2.75895    10     3     2.65850    1.00000   12   0.05s  0.338
   10   -3156.02952     0.91104    10     3     0.98913    1.00000   13   0.06s  0.375
   11   -3156.03755     3.64129    15     3     0.86825    1.00000   14   0.07s  0.494
   12   -3156.35326     0.28079     7     0     0.44352    1.00000   15   0.07s  0.494
   13   -3156.39247     1.07905    15     3     0.95211    0.15891   17   0.08s  0.507
   14   -3156.45433     0.95211    10     3     0.81946    1.00000   18   0.09s  0.523
   15   -3156.47932     3.08294    15     3     0.53778    1.00000   19   0.10s  0.570
   16   -3156.64050     0.39153    10     0     0.32160    1.00000   20   0.10s  0.581
   17   -3156.68630     3.34231    14     2   596.13520    0.00100   22   0.11s  0.625
   18   -3156.92896     0.79806    10     3     0.58002    1.00000   23   0.12s  0.649
   19   -3157.03800     1.51471    15     3     0.56704    0.20688   25   0.13s  0.673
   20   -3157.16543     3.09488    10     3     1.24707    1.00000   26   0.13s  0.708
   21   -3157.33526     0.48386    10     3     0.46320    1.00000   27   0.14s  0.724
   22   -3157.34880     2.76449    15     3     0.31765    1.00000   28   0.15s  0.747
   23   -3157.36200     2.77148     9     2    26.34653    0.01895   32   0.16s  0.741
   24   -3157.47098     2.00426    10     3     0.78517    1.00000   33   0.16s  0.727
   25   -3157.60724     2.70072    10     3     6.23116    0.04882   37   0.17s  0.732
   26   -3157.88858     3.40989    10     3     1.33984    0.43536   39   0.18s  0.737
   27   -3158.37988     3.68285    10     3     0.32583    1.00000   40   0.18s  0.744
   28   -3158.79745     1.28929    10     3     0.45880    1.00000   41   0.19s  0.756
   29   -3158.80075     1.60117     1     1     8.64823    0.00100   43   0.19s  0.756
   30   -3158.82688     0.44278     1     1    10.74098    0.00045   46   0.20s  0.756
   31   -3158.92177     1.08141    15     3     1.57290    0.11897   48   0.21s  0.754
   32   -3159.06464     1.32010    10     3     0.70498    1.00000   49   0.21s  0.785
   33   -3159.12350     0.14670    10     3     0.37684    1.00000   50   0.22s  0.797
   34   -3159.13192     0.13806    15     3     0.01309    1.00000   51   0.23s  0.810
   35   -3159.13245     0.00257    15     3     0.00850    1.00000   52   0.24s  0.812
final   -3159.1324522   0.00257   363     3     0.00850    1.00000   52   0.24s
 
   Total time elapsed    0.237s
   Preliminaries         0.002s
   PCG Hd products       0.156s
   Long Range Forces     0.049s
   Preconditioning       0.006s
   Line searches         0.022s
 
 MINIMIZATION COMPLETED 
 
 NOW REPORTING THE ENERGY (KCAL/MOL): 
 COVALENT ENERGIES:
                BOND           ANGLE             TOR           TOTAL
     COV       32.399326      140.603217      120.468079      293.470622
     SGB     6576.824239    -3183.856799    -1513.490387     1879.477052
   TOTAL     6609.223564    -3043.253582    -1393.022308     2172.947674
    TIME        0.000s          0.000s          0.000s          0.000s   
 
 NONBONDED (INTRAMOLECULAR) ENERGIES:
                  14           SHORT            LONG           TOTAL
      LJ      324.305550     -624.702875      -22.356432     -322.753756
    LIPO        0.000000     -175.555177        0.000000     -175.555177
      EL     1939.156470    -4510.213281       31.639081    -2539.417730
     SGB    -1513.490387     2260.621067      -33.665298      713.465382
   TOTAL      749.971633    -3049.850266      -24.382649    -2324.261281
    TIME        0.000s          0.000s          0.000s          0.000s   
 
 OTHER:
SGB SELF    -4479.393065
NONPOLAR        0.000000
PROT COR        0.000000
   HBOND      -35.805666
 PACKING       -6.850895
SelfCont       -0.044854
 
 SUM:
 SGB TOT     -372.960243
SOLV TOT     -372.960243
LIPO TOT     -175.555177
  TOTALE  -3159.917700028    
 [NOTE: TOTAL ENERGY = COV_TOT + NB_TOT + OTHER - SGB_14|SGB_TOR]
 Completed Iteration            1  of            2
Minimization not yet converged, dE ( 124.147kcals/mol)  >   0.100
 
 STARTING TO WORK ON MINIMIZATION: 
 Dynamic memory allocation:     0.00s
 number of degrees of freedom:               45
 number of sparse matrix elements:          630
 memory allocated for hessian ME:          7500
 
  itn.     f            |g|      #cg    mode    |r|       lambda     nfg  time   rmsd
    0   -3159.91770     0.22261
    1   -3159.94331     0.20225    12     0     0.35963    1.00000    2   0.01s  0.036
    2   -3159.94526     0.01577     7     0     0.10151    1.00000    3   0.01s  0.038
    3   -3159.94559     0.00582    16     0     0.00446    1.00000    4   0.02s  0.043
final   -3159.9455898   0.00582    35     0     0.00446    1.00000    4   0.02s
 
   Total time elapsed    0.019s
   Preliminaries         0.002s
   PCG Hd products       0.015s
   Long Range Forces     0.000s
   Preconditioning       0.000s
   Line searches         0.001s
 
 MINIMIZATION COMPLETED 
 
 NOW REPORTING THE ENERGY (KCAL/MOL): 
 COVALENT ENERGIES:
                BOND           ANGLE             TOR           TOTAL
     COV       32.412347      140.637360      120.445973      293.495680
     SGB     6577.725373    -3184.188468    -1513.804068     1879.732837
   TOTAL     6610.137720    -3043.551108    -1393.358095     2173.228517
    TIME        0.000s          0.000s          0.000s          0.000s   
 
 NONBONDED (INTRAMOLECULAR) ENERGIES:
                  14           SHORT            LONG           TOTAL
      LJ      324.379470     -624.611628      -22.355875     -322.588033
    LIPO        0.000000     -175.553876        0.000000     -175.553876
      EL     1939.261767    -4510.385731       31.644231    -2539.479733
     SGB    -1513.804068     2260.978226      -33.668524      713.505634
   TOTAL      749.837169    -3049.573009      -24.380169    -2324.116009
    TIME        0.000s          0.000s          0.000s          0.000s   
 
 OTHER:
SGB SELF    -4479.982303
NONPOLAR        0.000000
PROT COR        0.000000
   HBOND      -35.839151
 PACKING       -6.850895
SelfCont       -0.044854
 
 SUM:
 SGB TOT     -372.939764
SOLV TOT     -372.939764
LIPO TOT     -175.553876
  TOTALE  -3159.800626725    
 [NOTE: TOTAL ENERGY = COV_TOT + NB_TOT + OTHER - SGB_14|SGB_TOR]
 ATTN:  Slight energy increase in tn minimization dE =   0.117073302664267     
 Will NOT revert to starting coordinates ...
 Completed Iteration            2  of            2
Minimization converged, dE (   0.028kcals/mol)  <   0.100
  Total minimization time for all iterations    0.313s
 
 Preparing for first energy calculation ...
 
 
 NOW REPORTING THE ENERGY (KCAL/MOL): 
 COVALENT ENERGIES:
                BOND           ANGLE             TOR           TOTAL
     COV       32.412347      140.637360      120.445973      293.495680
     SGB     6577.725373    -3184.188468    -1513.804068     1879.732837
   TOTAL     6610.137720    -3043.551108    -1393.358095     2173.228517
    TIME        0.000s          0.000s          0.000s          0.000s   
 
 NONBONDED (INTRAMOLECULAR) ENERGIES:
                  14           SHORT            LONG           TOTAL
      LJ      324.379470     -624.611628      -22.355875     -322.588033
    LIPO        0.000000     -175.553876        0.000000     -175.553876
      EL     1939.261767    -4510.385731       31.644231    -2539.479733
     SGB    -1513.804068     2260.978226      -33.668524      713.505634
   TOTAL      749.837169    -3049.573009      -24.380169    -2324.116009
    TIME        0.000s          0.000s          0.000s          0.000s   
 
 OTHER:
SGB SELF    -4479.982303
NONPOLAR        0.000000
PROT COR        0.000000
   HBOND      -35.839151
 PACKING       -6.850895
SelfCont       -0.044854
 
 SUM:
 SGB TOT     -372.939764
SOLV TOT     -372.939764
LIPO TOT     -175.553876
  TOTALE  -3159.800626725    
 [NOTE: TOTAL ENERGY = COV_TOT + NB_TOT + OTHER - SGB_14|SGB_TOR]
 
 NOW REPORTING THE ENERGY (KCAL/MOL): 
 COVALENT ENERGIES:
                BOND           ANGLE             TOR           TOTAL
     COV       32.412347      140.637360      120.445973      293.495680
     SGB     6577.725373    -3184.188468    -1513.804068     1879.732837
   TOTAL     6610.137720    -3043.551108    -1393.358095     2173.228517
    TIME        0.000s          0.000s          0.000s          0.000s   
 
 NONBONDED (INTRAMOLECULAR) ENERGIES:
                  14           SHORT            LONG           TOTAL
      LJ      324.379470     -624.611628      -22.355875     -322.588033
    LIPO        0.000000     -175.553876        0.000000     -175.553876
      EL     1939.261767    -4510.385731       31.644231    -2539.479733
     SGB    -1513.804068     2260.980813      -33.697096      713.479650
   TOTAL      749.837169    -3049.570421      -24.408740    -2324.141992
    TIME        0.000s          0.000s          0.000s          0.000s   
 
 OTHER:
SGB SELF    -4479.982303
NONPOLAR        0.000000
PROT COR        0.000000
   HBOND      -35.839151
 PACKING       -6.850895
SelfCont       -0.044854
 
 SUM:
 SGB TOT     -372.965748
SOLV TOT     -372.965748
LIPO TOT     -175.553876
  TOTALE  -3159.826610327    
 [NOTE: TOTAL ENERGY = COV_TOT + NB_TOT + OTHER - SGB_14|SGB_TOR]
 TOTAL TIME ELAPSED: prime_mini_1_pcp1-phosphoserine-only_0           5.824s
 RETURNED LICENSE
Post-processing output...
  Processing output structure #1
Post-processing complete.


