==============================================================================
  Prime version 6.2 (r144) Refine Structure: Minimization
==============================================================================
        
--------------------------------------------------------------------------------
JobId          : Pauling-0-6122edea
Name           : prime_mini_1_neg_dyad_xtal-comp70pcp2_complex_initial_chainC_and_within_5ang_refinement
Program        : RefineStructure
Host           : Pauling
Dir            : /media/adgnann/870_EVO_1TB/dissertation/appendix/substrate_docking_files/final_docking_work_20210803/last_fresh_substrate_20210822
HostEntry      : localhost
JobHost        : Pauling
JobDir         : /home/adgnann/tmp/adgnann/prime_mini_1_neg_dyad_xtal-comp70pcp2_complex_initial_chainC_and_within_5ang_refinement
JobSchrodinger : /home/adgnann/schrodinger2020-4
Commandline    : /home/adgnann/schrodinger2020-4/prime -VIEWNAME prime -HOST localhost:10 prime_mini_1_neg_dyad_xtal-comp70pcp2_complex_initial_chainC_and_within_5ang_refinement
StartTime      : 2021-08-22-20:38:02
--------------------------------------------------------------------------------
Using the following input parameters:
   EXT_DIEL	80.00
   JOB_TYPE	refine
   MINIM_METHOD	au
   MINIM_NITER	2
   MINIM_NSTEP	65
   MINIM_RMSG	0.010000
   OPLS_VERSION	opls3e
   SEED	0
   SELECT	asl = fillres within 5 ((chain.name C) )
   STRUCT_FILE	prime_mini_1_neg_dyad_xtal-comp70pcp2_complex_initial_chainC_and_within_5ang_refinement.mae
   USE_CRYSTAL_SYMMETRY	no
   USE_MEMBRANE	no
   USE_RANDOM_SEED	no

Number of CPU cores to use: 1

Using OPLS version opls3e for force-field parameters.

Pre-processing input
  Treating with residue ID check...
    Complete:  0 min  0 sec
  Treating with asl parsing...
    Complete:  0 min  0 sec
  Treating with naming consistency detection...
    Complete:  0 min  0 sec

 Random Number Seed Set to:   1712805151
 
 Contents of the control file:
   
   
   file outdir "/home/adgnann/tmp/adgnann/prime_mini_1_neg_dyad_xtal-comp70pcp2_complex_initial_chainC_and_within_5ang_refinement/"
   file datadir "/home/adgnann/schrodinger2020-4/psp-v6.2/data/pop/"
   file vddir "/home/adgnann/schrodinger2020-4/psp-v6.2/data/pop/"
   file tempdir "templates/"
   file protempdir "templates/"
   file usrtempdir "/home/adgnann/tmp/adgnann/prime_mini_1_neg_dyad_xtal-comp70pcp2_complex_initial_chainC_and_within_5ang_refinement/"
   file gluefile "params.glue"
   file logfile stdout
   
   rand seed 0
   
   
   
   load simple prime_mini_1_neg_dyad_xtal-comp70pcp2_complex_initial_chainC_0 Structure(38)  het yes ions yes wat yes mse2met no sym none   highest_occ no     opls_version opls3e
   
   
   constraints load_from_ct
   energy param solv vsgb2.1
   
   
   
   
   energy param nbcut2_nn  40.0
   energy param nbcut2_cn  40.0
   energy param nbcut2_cc  40.0
   
   
   
   
   
   
   
   energy total
   minimization asl "atom.i_psp_select_atom 1"  verbose yes  rmsg 0.010000 iter 2 mxitn 65 alg au
   
   energy total
   
   
   write mae SWIG_OUTPUT_STRUCTURE
   finalize yes
   
--Checked out   8 PSP Plop Tokens--
 Random number seed reset to :            0
[running at reduced cpu priority]
 
 Parameters chosen for PDB loading:
   All protein chains will be loaded.
   Sequence read from ATOM lines.
   Ions from PDB file INCLUDED.
   PDB file assumed to be experimental data.
   Waters from PDB file INCLUDED.
   HETATMs from PDB file INCLUDED.
   Hydrogens from PDB file INCLUDED.
   NO symmetry will be used.
   Atoms not in PDB file will NOT be optimized.
   Atomtyping Parameters (when reading directly from mae)
      OPLS Version opls3e              
      Planarity       None
      Using Force Field Charges
 
 STARTING TO WORK ON FILE 
 prime_mini_1_neg_dyad_xtal-comp70pcp2_complex_initial_chainC_0
 Crystal symmetry data not present
 Reading residue sequence from atoms in mae file
 
 Amino acid sequence, chain: A A:GLN_1483   A:GLN_1910  
    0 GLNB PRO  PHE  VAL  HIE  SER  PRO  GLU  ASP  ARG 
   10 TYR  GLN  PRO  PHE  ALA  LEU  THR  ASP  VAL  GLN 
   20 GLN  ALA  TYR  LEU  VAL  GLY  ARG  GLN  PRO  GLY 
   30 PHE  ALA  LEU  GLY  GLY  VAL  GLY  SER  HIE  PHE 
   40 PHE  VAL  GLU  PHE  GLU  ILE  ALA  ASP  LEU  ASP 
   50 LEU  THR  ARG  LEU  GLU  THR  VAL  TRP  ASN  ARG 
   60 LEU  ILE  ALA  ARG  HIE  ASP  MET  LEU  ARG  ALA 
   70 ILE  VAL  ARG  ASP  GLY  GLN  GLN  GLN  VAL  LEU 
   80 GLU  GLN  THR  PRO  PRO  TRP  VAL  ILE  PRO  ALA 
   90 HIE  THR  LEU  HIP  THR  PRO  GLU  GLU  ALA  LEU 
  100 ARG  VAL  ARG  GLU  LYS  LEU  ALA  HID  GLN  VAL 
  110 LEU  ASN  PRO  GLU  VAL  TRP  PRO  VAL  PHE  ASP 
  120 LEU  GLN  VAL  GLY  TYR  VAL  ASP  GLY  MET  PRO 
  130 ALA  ARG  LEU  TRP  LEU  CYS  LEU  ASP  ASN  LEU 
  140 LEU  LEU  ASP  GLY  LEU  SER  MET  GLN  ILE  LEU 
  150 LEU  ALA  GLU  LEU  GLU  HID  GLY  TYR  ARG  TYR 
  160 PRO  GLN  GLN  LEU  LEU  PRO  PRO  LEU  PRO  VAL 
  170 THR  PHE  ARG  ASP  TYR  LEU  GLN  GLN  PRO  SER 
  180 LEU  GLN  SER  PRO  ASN  PRO  ASP  SER  LEU  ALA 
  190 TRP  TRP  GLN  ALA  GLN  LEU  ASP  ASP  ILE  PRO 
  200 PRO  ALA  PRO  ALA  LEU  PRO  LEU  ARG  CYS  LEU 
  210 PRO  GLN  GLU  VAL  GLU  THR  PRO  ARG  PHE  ALA 
  220 ARG  LEU  ASN  GLY  ALA  LEU  ASP  SER  THR  ARG 
  230 TRP  HIE  ARG  LEU  LYS  LYS  ARG  ALA  ALA  ASP 
  240 ALA  HIE  LEU  THR  PRO  SER  ALA  VAL  LEU  LEU 
  250 SER  VAL  TRP  SER  THR  VAL  LEU  SER  ALA  TRP 
  260 SER  ALA  GLN  PRO  GLU  PHE  THR  LEU  ASN  LEU 
  270 THR  LEU  PHE  ASP  ARG  ARG  PRO  LEU  HIE  PRO 
  280 GLN  ILE  ASN  GLN  ILE  LEU  GLY  ASP  PHE  THR 
  290 SER  LEU  MET  LEU  LEU  SER  TRP  HIE  PRO  GLY 
  300 GLU  SER  TRP  LEU  HIE  SER  ALA  GLN  SER  LEU 
  310 GLN  GLN  ARG  LEU  SER  GLN  ASN  LEU  ASN  HID 
  320 ARG  ASP  VAL  SER  ALA  ILE  ARG  VAL  MET  ARG 
  330 GLN  LEU  ALA  GLN  ARG  GLN  ASN  VAL  PRO  ALA 
  340 VAL  PRO  MET  PRO  VAL  VAL  PHE  THR  SER  ALA 
  350 LEU  GLY  PHE  GLU  GLN  ASP  ASN  PHE  LEU  ALA 
  360 ARG  ARG  ASN  LEU  LEU  LYS  PRO  VAL  TRP  GLY 
  370 ILE  SER  GLN  THR  PRO  GLN  VAL  TRP  LEU  ASP 
  380 HID  GLN  ILE  TYR  GLU  SER  GLU  GLY  GLU  LEU 
  390 ARG  PHE  ASN  TRP  ASP  PHE  VAL  ALA  ALA  LEU 
  400 PHE  PRO  ALA  GLY  GLN  VAL  GLU  ARG  GLN  PHE 
  410 GLU  GLN  TYR  CYS  ALA  LEU  LEU  ASN  ARG  MET 
  420 ALA  GLU  ASP  GLU  SER  GLY  TRP  GLNE
 
 Amino acid sequence, chain: C C:ALA_1943   C:GLY_2015  
    0 ALAB ALA  ASP  GLU  SER  THR  VAL  SER  LEU  ILE 
   10 CYS  ASP  ALA  PHE  ARG  GLU  VAL  VAL  GLY  GLU 
   20 SER  VAL  THR  PRO  ALA  GLU  ASN  PHE  PHE  GLU 
   30 ALA  GLY  ALA  THR  SEP  LEU  ASN  LEU  VAL  GLN 
   40 LEU  HID  VAL  LEU  LEU  GLN  ARG  HID  GLU  PHE 
   50 SER  THR  LEU  THR  LEU  LEU  ASP  LEU  PHE  THR 
   60 HID  PRO  SER  PRO  ALA  ALA  LEU  ALA  ASP  TYR 
   70 LEU  ALA  GLYE
 
 Nonbonded initialization ...
 Time for loading nb parameters:   1.443999999999335E-003
 Build extended structure ...
 Charged terminal template did not match, trying neutral terminal template for  A:GLN_1483  
 Standard template does not match for  C:SEP_1977   making custom template
 Charged terminal template did not match, trying neutral terminal template for  C:GLY_2015  
 Generating crosslinks ...
 Initialize 1/4 list ...
 Initialize parent/child list ...
 Initialize covalent pointers ...
 Initialize resinfo list ...
 Initialize special atoms ...
 Initialize rank list ...
 Initialize sparse atom list ...
 
 Times for various book-keeping steps:
     build   2.222s
     cross   0.126s
     child   0.046s
      iper   0.000s
       rev   0.046s
      info   0.012s
     resat   0.000s
      rank   0.000s
     covpt   0.001s
    sparse   0.059s
 
 Times for steps in loading structure:
           Load sequence    3.27s
    Initialize structure    2.53s
      Assign coordinates    0.08s
     Initialize symmetry    0.00s
 
 Preparing for first energy calculation ...
 
 Time for assigning nb parameters:    0.019s
 
 Number of protein chains       2
   Number of residues         501
       (charged)               96
        (polar)               186
       (glycine)               21
     (hydrophobic)            198
 
 Number of RNA chains           0
   Number of nucleotides        0
 Number of DNA chains           0
   Number of nucleotides        0
 
 Number of waters             374
 Number of ions                 0
 Number of HET                  0
 
 Number of atoms             9235
   [sparse atoms]            1039
 
 Number of bonds             8993
 Number of angles           15197
 Number of torsions         23685
 Number of 1/4s             21493
 
 Partial charges and molecular weights:
  Protein chain            A     -12.0000   49141.5
  Protein chain            C      -8.0000    7887.8
  Entire system                  -20.0000   63767.0
 
 Time for secondary structure initialization   0.002s
 
 Results of parameter assignment
    type    tot   time
    BOND   8993   0.00
    ANGL  15197   0.01
    TORS  24299   0.04
 
 Here are the parameters that will be used:
                      Solvent model   SGB
               Variable Dielectric:   ENABLED
                               LYS:    4.33
                               GLU:    2.39
                               ASP:    2.29
                               HIP:    2.00
                               HIS:    1.00
                               ARG:    2.01
                      Penalty terms   EXCLUDED
                Internal dielectric    1.00
                 Solvent dielectric   80.00
                 Ionic strength (M)    0.00
                 Debye length (Ang)     Inf
     Short NB cut (neutral/neutral)   10.00
      Long NB cut (neutral/neutral)   40.00
      Short NB cut (charge/neutral)   10.00
       Long NB cut (charge/neutral)   40.00
       Short NB cut (charge/charge)   15.00
        Long NB cut (charge/charge)   40.00
             Short NB cut (reduced)    6.00
              Long NB cut (reduced)   36.00
          Rotamer Frequency Scoring   OFF
 
 NOW REPORTING THE ENERGY (KCAL/MOL): 
 COVALENT ENERGIES:
                BOND           ANGLE             TOR           TOTAL
     COV      475.737732     1158.921877     1067.136887     2701.796496
     SGB    58631.996363   -21845.681038    -8451.331004    28334.984321
   TOTAL    59107.734095   -20686.759161    -7384.194117    31036.780816
    TIME        0.000s          0.000s          0.000s          0.000s   
 
 NONBONDED (INTRAMOLECULAR) ENERGIES:
                  14           SHORT            LONG           TOTAL
      LJ     3323.614173   191168.986294     -261.028466   194231.572001
    LIPO        0.000000    -1366.616605        0.000000    -1366.616605
      EL    13108.998330   -34838.309913      671.842694   -21057.468889
     SGB    -8451.331004    12335.005042     -432.533247     3451.140791
   TOTAL     7981.281498   167299.064818      -21.719019   175258.627298
    TIME        0.000s          0.000s          0.000s          0.000s   
 
 OTHER:
SGB SELF   -42374.569648
NONPOLAR        0.000000
PROT COR        0.000000
   HBOND     -666.561504
 PACKING      -72.272635
SelfCont      -31.959100
 
 SUM:
 SGB TOT    -2137.113532
SOLV TOT    -2137.113532
LIPO TOT    -1366.616605
  TOTALE   171601.3762320    
 [NOTE: TOTAL ENERGY = COV_TOT + NB_TOT + OTHER - SGB_14|SGB_TOR]
 
 NOW REPORTING THE ENERGY (KCAL/MOL): 
 COVALENT ENERGIES:
                BOND           ANGLE             TOR           TOTAL
     COV      475.737732     1158.921877     1067.136887     2701.796496
     SGB    58631.996363   -21845.681038    -8451.331004    28334.984321
   TOTAL    59107.734095   -20686.759161    -7384.194117    31036.780816
    TIME        0.000s          0.000s          0.000s          0.000s   
 
 NONBONDED (INTRAMOLECULAR) ENERGIES:
                  14           SHORT            LONG           TOTAL
      LJ     3323.614173   191168.986294     -261.028466   194231.572001
    LIPO        0.000000    -1366.616605        0.000000    -1366.616605
      EL    13108.998330   -34838.309913      671.842694   -21057.468889
     SGB    -8451.331004    12335.005042     -432.533247     3451.140791
   TOTAL     7981.281498   167299.064818      -21.719019   175258.627298
    TIME        0.000s          0.000s          0.000s          0.000s   
 
 OTHER:
SGB SELF   -42374.569648
NONPOLAR        0.000000
PROT COR        0.000000
   HBOND     -666.561504
 PACKING      -72.272635
SelfCont      -31.959100
 
 SUM:
 SGB TOT    -2137.113532
SOLV TOT    -2137.113532
LIPO TOT    -1366.616605
  TOTALE   171601.3762320    
 [NOTE: TOTAL ENERGY = COV_TOT + NB_TOT + OTHER - SGB_14|SGB_TOR]
 
 Preparing for first energy calculation ...
 
 
 NOW REPORTING THE ENERGY (KCAL/MOL): 
 COVALENT ENERGIES:
                BOND           ANGLE             TOR           TOTAL
     COV      475.737732     1158.921877     1067.136887     2701.796496
     SGB    58631.996363   -21845.681038    -8451.331004    28334.984321
   TOTAL    59107.734095   -20686.759161    -7384.194117    31036.780816
    TIME        0.000s          0.000s          0.000s          0.000s   
 
 NONBONDED (INTRAMOLECULAR) ENERGIES:
                  14           SHORT            LONG           TOTAL
      LJ     3323.614173   191168.986294     -261.028466   194231.572001
    LIPO        0.000000    -1366.616605        0.000000    -1366.616605
      EL    13108.998330   -34838.309913      671.842694   -21057.468889
     SGB    -8451.331004    12335.005042     -432.533247     3451.140791
   TOTAL     7981.281498   167299.064818      -21.719019   175258.627298
    TIME        0.000s          0.000s          0.000s          0.000s   
 
 OTHER:
SGB SELF   -42374.569648
NONPOLAR        0.000000
PROT COR        0.000000
   HBOND     -666.561504
 PACKING      -72.272635
SelfCont      -31.959100
 
 SUM:
 SGB TOT    -2137.113532
SOLV TOT    -2137.113532
LIPO TOT    -1366.616605
  TOTALE   171601.3762320    
 [NOTE: TOTAL ENERGY = COV_TOT + NB_TOT + OTHER - SGB_14|SGB_TOR]
 
 ATTN:  large bond energies found:
     954   1322 A:GLN_1494:_CD_       1323 A:GLN_1494:_OE1          6.18
     955   1322 A:GLN_1494:_CD_       1324 A:GLN_1494:_NE2          5.69
    3062   3396 A:ASN_1621:_CG_       3397 A:ASN_1621:_OD1          6.43
    3063   3396 A:ASN_1621:_CG_       3398 A:ASN_1621:_ND2          6.02
    3796   4119 A:GLN_1664:_CD_       4120 A:GLN_1664:_OE1          5.72
    3797   4119 A:GLN_1664:_CD_       4121 A:GLN_1664:_NE2          5.31
    3869   4181 A:ASP_1669:_C__       4191 A:SER_1670:_N__         25.54
    5474   5766 A:GLN_1766:_CD_       5767 A:GLN_1766:_OE1          6.77
    5475   5766 A:GLN_1766:_CD_       5768 A:GLN_1766:_NE2          5.52
    5998   6280 A:GLN_1798:_CD_       6281 A:GLN_1798:_OE1          5.77
    5999   6280 A:GLN_1798:_CD_       6282 A:GLN_1798:_NE2          5.14
    6045   6327 A:ASN_1801:_CG_       6328 A:ASN_1801:_OD1          6.16
    6046   6327 A:ASN_1801:_CG_       6329 A:ASN_1801:_ND2          5.03
    6303   6583 A:GLN_1816:_CD_       6584 A:GLN_1816:_OE1          5.74
    6304   6583 A:GLN_1816:_CD_       6585 A:GLN_1816:_NE2          5.79
    6358   6638 A:ASN_1819:_CG_       6639 A:ASN_1819:_OD1          5.73
    6359   6638 A:ASN_1819:_CG_       6640 A:ASN_1819:_ND2          5.00
    8366   8618 C:SEP_1977:_P__       8621 C:SEP_1977:_O2P         13.35
    8451   8703 C:GLN_1982:_CD_       8704 C:GLN_1982:_OE1          5.09
    8452   8703 C:GLN_1982:_CD_       8705 C:GLN_1982:_NE2          5.22
    8562   8811 C:GLN_1988:_CD_       8813 C:GLN_1988:_NE2          5.44
 
 ATTN:  large angle energies found:
 #,atoms,energy,angle,eq
   14064 C:SEP_1977:_O1 C:SEP_1977:_P_ C:SEP_1977:_O3   18.8  104.4  125.4
 
 Options chosen for the minimization:
   Minimization Algorithm: Automatic
   Desired final RMS gradient:  1.000000000000000E-002
   Maximum number of iterations to achieve self-consistency:            2
   Energy cutoff for determining self-consistency  0.100kcals/mol
   Maximum number of TN iterations:           65
   Iterations between NBlist/LR updates:            2
   LR forces will be updated less frequently than SR.
   NB list will be updated during minim.
   SGB will be updated during minim.
   Option for SGB update:            1
   Born alpha will NOT be updated during minim
   NB Clashes will be used in the preconditioning
 
 STARTING TO WORK ON MINIMIZATION: 
 Dynamic memory allocation:     0.00s
 number of degrees of freedom:             4581
 number of sparse matrix elements:        79632
 memory allocated for hessian ME:        763500
 
  itn.     f            |g|      #cg    mode    |r|       lambda     nfg  time   rmsd
    0  171600.02636    68.75785
    1  171101.58838    28.33338     2     0  1052.70766    1.00000    2   0.72s  0.007
    2  171048.75771    26.12351     7     2  1107.94823    0.09459    5   0.99s  0.017
    3  170856.01845    19.00766     8     2  1155.67094    0.31423    7   1.92s  0.035
    4  170814.79018    17.74302     5     2  1059.93761    0.14661    9   2.11s  0.040
    5  170783.77162    16.99122     6     2  2328.15153    0.11916   11   2.98s  0.057
    6  170611.04457    18.03148     9     2  4449.12795    0.09761   13   3.28s  0.071
    7  170313.78560     7.59787     6     2   499.13061    1.00000   14   4.13s  0.087
    8  170193.14722     6.10038     8     2   298.91376    1.00000   15   4.37s  0.142
    9  170131.77939     3.06142     9     2   336.15627    0.37795   17   5.33s  0.152
   10  170086.31130     1.78392     9     2   228.47349    0.43714   19   5.62s  0.169
   11  170068.62515     2.81691    15     2  1404.69278    0.03233   23   6.78s  0.194
   12  170058.20070     2.84277    20     3  2291.46194    0.00605   25   7.36s  0.211
   13  170026.44644     2.31952    20     3    70.59053    0.32706   27   8.60s  0.263
   14  170000.52130     2.03029    20     3    30.53593    0.52907   29   9.18s  0.303
   15  169985.67080     1.83042    20     3    44.47123    0.31772   31  10.43s  0.329
   16  169983.65269     1.81018    20     3   116.45782    0.01826   35  11.07s  0.332
   17  169966.43012     2.78650    20     3    19.90448    1.00000   36  12.30s  0.383
   18  169957.50294     2.24660    20     3    26.06574    0.27699   38  12.89s  0.396
   19  169946.61435     2.31142    20     3    16.74164    1.00000   39  14.12s  0.446
   20  169945.48516     2.28505    17     2    90.21848    0.02592   43  14.69s  0.447
   21  169938.07001     1.71599    20     3    11.32774    0.38856   45  15.94s  0.453
   22  169933.54279     2.59228    20     3    13.44769    1.00000   46  16.52s  0.477
   23  169932.13569     2.47232     7     2   154.67457    0.04594   50  17.49s  0.477
   24  169927.68317     2.22762    20     3    21.71871    0.14983   52  18.08s  0.482
   25  169917.79740     2.27108    20     3    13.08902    1.00000   53  19.32s  0.509
   26  169917.29118     2.90537    20     3  3763.70472    0.00928   60  20.05s  0.509
   27  169910.49560     2.23833    20     3    10.34167    0.30194   62  21.32s  0.513
   28  169901.62320     1.39264    20     3     9.71028    1.00000   63  21.89s  0.529
   29  169900.47898     1.25776     6     2   126.38666    0.07194   67  22.84s  0.529
   30  169898.78833     1.47675    20     3    29.42051    0.16585   69  23.43s  0.536
   31  169897.40855     1.46545    20     3  1254.04794    0.00417   73  24.76s  0.544
   32  169894.99364     1.23867    20     3    12.20108    1.00000   74  25.34s  0.575
   33  169894.68130     1.22090    20     3    82.30237    0.02234   78  26.66s  0.576
   34  169891.33982     1.11133    20     3     8.83845    0.48708   80  27.26s  0.581
   35  169888.26862     1.17812    20     3    10.34876    1.00000   81  28.51s  0.603
   36  169888.25003     1.60618    20     3    15.25767    0.13338   84  29.14s  0.604
   37  169885.61959     1.20917    20     3     9.88104    1.00000   85  30.39s  0.620
   38  169885.53561     1.59946    20     3   682.42396    0.00500   88  31.02s  0.621
   39  169884.24441     1.28252    20     3    12.38989    0.23640   90  32.30s  0.625
   40  169882.40035     0.89669    20     3    10.55745    0.48009   92  32.91s  0.639
   41  169880.51685     0.81452    30     3    11.59270    0.49072   94  34.47s  0.665
   42  169879.26779     1.80503    30     3     8.82664    1.00000   95  35.34s  0.702
   43  169876.39272     0.68095    20     3     4.56344    1.00000   96  36.64s  0.707
   44  169875.95609     0.71850     9     2   150.91877    0.01564  101  37.05s  0.708
   45  169875.20469     0.71078    30     3     7.51892    0.19972  103  38.66s  0.712
   46  169874.42067     1.01340    30     3     7.24718    1.00000  104  39.54s  0.745
   47  169872.93484     0.72235    20     3     2.51334    1.00000  105  40.85s  0.747
   48  169872.74553     0.72395    24     2    83.19799    0.01769  109  41.65s  0.749
   49  169872.38442     0.76541    26     2   164.27800    0.00959  118  43.34s  0.752
   50  169872.22532     1.06460    30     3    47.69743    0.06542  123  44.34s  0.757
   51  169870.21165     0.26920    20     3     3.54742    1.00000  124  45.63s  0.760
   52  169870.14205     0.29594    30     3    14.11808    0.02905  128  46.61s  0.761
   53  169869.81587     0.52758    30     3     3.28818    1.00000  129  48.18s  0.771
   54  169869.34802     0.60187    30     3     2.58120    1.00000  130  49.07s  0.777
   55  169869.29072     0.55599    17     2    25.24363    0.13315  132  50.32s  0.778
   56  169869.17408     0.57142    30     3    53.21221    0.00610  137  51.31s  0.779
   57  169868.67288     0.18370    30     3     1.19301    1.00000  138  52.89s  0.782
   58  169868.61077     0.24199    30     3     1.83175    1.00000  139  53.78s  0.788
   59  169868.38265     0.04908    30     3     1.01632    1.00000  140  55.36s  0.792
final  169868.3826483   0.04908  1130     3     1.01632    1.00000  140  55.36s
 
   Total time elapsed   55.357s
   Preliminaries         0.635s
   PCG Hd products      30.635s
   Long Range Forces    19.520s
   Preconditioning       0.805s
   Line searches         3.748s
 
 MINIMIZATION COMPLETED 
 
 NOW REPORTING THE ENERGY (KCAL/MOL): 
 COVALENT ENERGIES:
                BOND           ANGLE             TOR           TOTAL
     COV      394.700515     1161.340890      963.064877     2519.106283
     SGB    57934.293877   -21594.995675    -8306.503974    28032.794229
   TOTAL    58328.994393   -20433.654784    -7343.439096    30551.900512
    TIME        0.000s          0.000s          0.000s          0.000s   
 
 NONBONDED (INTRAMOLECULAR) ENERGIES:
                  14           SHORT            LONG           TOTAL
      LJ     3127.451774   189979.098531     -264.354842   192842.195464
    LIPO        0.000000    -1390.412483        0.000000    -1390.412483
      EL    13039.814940   -34955.482559      721.007491   -21194.660128
     SGB    -8306.503974    12194.497099     -478.297064     3409.696061
   TOTAL     7860.762740   165827.700588      -21.644414   173666.818914
    TIME        0.000s          0.000s          0.000s          0.000s   
 
 OTHER:
SGB SELF   -41847.079714
NONPOLAR        0.000000
PROT COR        0.000000
   HBOND     -681.751504
 PACKING      -75.533896
SelfCont      -32.104409
 
 SUM:
 SGB TOT    -2098.085449
SOLV TOT    -2098.085449
LIPO TOT    -1390.412483
  TOTALE   169888.7538771    
 [NOTE: TOTAL ENERGY = COV_TOT + NB_TOT + OTHER - SGB_14|SGB_TOR]
 Completed Iteration            1  of            2
Minimization not yet converged, dE ( *******kcals/mol)  >   0.100
 
 STARTING TO WORK ON MINIMIZATION: 
 Dynamic memory allocation:     0.00s
 number of degrees of freedom:             4581
 number of sparse matrix elements:        79632
 memory allocated for hessian ME:        763500
 
  itn.     f            |g|      #cg    mode    |r|       lambda     nfg  time   rmsd
    0  169888.75388     0.27098
    1  169888.08565     0.94470    13     0     4.49021    1.00000    2   1.07s  0.012
    2  169887.42816     0.07221     4     0     4.92718    1.00000    3   1.22s  0.012
final  169887.4281572   0.07221    17     0     4.92718    1.00000    3   1.22s
 
   Total time elapsed    1.219s
   Preliminaries         0.671s
   PCG Hd products       0.475s
   Long Range Forces     0.000s
   Preconditioning       0.016s
   Line searches         0.057s
 
 MINIMIZATION COMPLETED 
 
 NOW REPORTING THE ENERGY (KCAL/MOL): 
 COVALENT ENERGIES:
                BOND           ANGLE             TOR           TOTAL
     COV      394.787030     1161.742259      963.513208     2520.042498
     SGB    57937.267761   -21596.296608    -8307.186482    28033.784671
   TOTAL    58332.054791   -20434.554348    -7343.673274    30553.827169
    TIME        0.000s          0.000s          0.000s          0.000s   
 
 NONBONDED (INTRAMOLECULAR) ENERGIES:
                  14           SHORT            LONG           TOTAL
      LJ     3127.403359   189981.787167     -264.394140   192844.796386
    LIPO        0.000000    -1390.414929        0.000000    -1390.414929
      EL    13039.843901   -34972.748522      730.753830   -21202.150792
     SGB    -8307.186482    12206.433083     -489.182380     3410.064222
   TOTAL     7860.060778   165825.056799      -22.822689   173662.294888
    TIME        0.000s          0.000s          0.000s          0.000s   
 
 OTHER:
SGB SELF   -41849.065625
NONPOLAR        0.000000
PROT COR        0.000000
   HBOND     -681.756214
 PACKING      -75.506573
SelfCont      -32.090940
 
 SUM:
 SGB TOT    -2098.030251
SOLV TOT    -2098.030251
LIPO TOT    -1390.414929
  TOTALE   169884.8891872    
 [NOTE: TOTAL ENERGY = COV_TOT + NB_TOT + OTHER - SGB_14|SGB_TOR]
 Completed Iteration            2  of            2
Minimization not yet converged, dE (   1.326kcals/mol)  >   0.100
 WARNING: Reached maximum number of iterations for minimization
Large dE between iterations:   1.326kcals/mol
  Total minimization time for all iterations   61.715s
 
 Preparing for first energy calculation ...
 
 
 NOW REPORTING THE ENERGY (KCAL/MOL): 
 COVALENT ENERGIES:
                BOND           ANGLE             TOR           TOTAL
     COV      394.787030     1161.742259      963.513208     2520.042498
     SGB    57937.267761   -21596.296608    -8307.186482    28033.784671
   TOTAL    58332.054791   -20434.554348    -7343.673274    30553.827169
    TIME        0.000s          0.000s          0.000s          0.000s   
 
 NONBONDED (INTRAMOLECULAR) ENERGIES:
                  14           SHORT            LONG           TOTAL
      LJ     3127.403359   189981.787167     -264.394140   192844.796386
    LIPO        0.000000    -1390.414929        0.000000    -1390.414929
      EL    13039.843901   -34972.748522      730.753830   -21202.150792
     SGB    -8307.186482    12206.433083     -489.182380     3410.064222
   TOTAL     7860.060778   165825.056799      -22.822689   173662.294888
    TIME        0.000s          0.000s          0.000s          0.000s   
 
 OTHER:
SGB SELF   -41849.065625
NONPOLAR        0.000000
PROT COR        0.000000
   HBOND     -681.756214
 PACKING      -75.506573
SelfCont      -32.090940
 
 SUM:
 SGB TOT    -2098.030251
SOLV TOT    -2098.030251
LIPO TOT    -1390.414929
  TOTALE   169884.8891872    
 [NOTE: TOTAL ENERGY = COV_TOT + NB_TOT + OTHER - SGB_14|SGB_TOR]
 
 NOW REPORTING THE ENERGY (KCAL/MOL): 
 COVALENT ENERGIES:
                BOND           ANGLE             TOR           TOTAL
     COV      394.787030     1161.742259      963.513208     2520.042498
     SGB    57937.267761   -21596.296608    -8307.186482    28033.784671
   TOTAL    58332.054791   -20434.554348    -7343.673274    30553.827169
    TIME        0.000s          0.000s          0.000s          0.000s   
 
 NONBONDED (INTRAMOLECULAR) ENERGIES:
                  14           SHORT            LONG           TOTAL
      LJ     3127.403359   189981.787167     -264.394140   192844.796386
    LIPO        0.000000    -1390.414929        0.000000    -1390.414929
      EL    13039.843901   -34972.748522      730.753830   -21202.150792
     SGB    -8307.186482    12205.989770     -486.847675     3411.955613
   TOTAL     7860.060778   165824.613486      -20.487985   173664.186279
    TIME        0.000s          0.000s          0.000s          0.000s   
 
 OTHER:
SGB SELF   -41849.065625
NONPOLAR        0.000000
PROT COR        0.000000
   HBOND     -681.756214
 PACKING      -74.156699
SelfCont      -32.090940
 
 SUM:
 SGB TOT    -2096.138859
SOLV TOT    -2096.138859
LIPO TOT    -1390.414929
  TOTALE   169888.1304527    
 [NOTE: TOTAL ENERGY = COV_TOT + NB_TOT + OTHER - SGB_14|SGB_TOR]
 TOTAL TIME ELAPSED: prime_mini_1_neg_dyad_xtal-comp70pcp2_complex_initial_chainC_0         107.259s
 RETURNED LICENSE
Post-processing output...
  Processing output structure #1
Post-processing complete.


