{ 
 s_m_m2io_version
 :::
 2.0.0 
} 

f_psp_align { 
 :::
 m_psp_seq { 
  s_psp_seq_name
  s_psp_seq_description
  s_psp_seq_accession_number
  i_psp_seq_type
  b_psp_seq_visible
  b_psp_seq_editable
  b_psp_seq_selected
  b_psp_seq_modified
  :::
  QUERY_NAME 
   QUERY_DESC 
   QUERY_ACC 
   1
   0
   0
   0
   0
  psp_sequence[73] { 
   # First column is code index #
   s_psp_seq_code
   s_psp_seq_code_id
   b_psp_res_selected
   b_psp_res_core_region
   b_psp_res_is_gap
   b_psp_res_is_gap_locked
   b_psp_res_in_use
   b_psp_res_template_region
   s_psp_res_template_id
   i_psp_res_fore_color
   i_psp_res_back_color
   :::
   1 A     1 0 0 0 0 1 1 ""  0 0
   2 A     2 0 0 0 0 1 1 ""  0 0
   3 D     3 0 0 0 0 1 1 ""  0 0
   4 E     4 0 0 0 0 1 1 ""  0 0
   5 S     5 0 0 0 0 1 1 ""  0 0
   6 T     6 0 0 0 0 1 1 ""  0 0
   7 V     7 0 0 0 0 1 1 ""  0 0
   8 S     8 0 0 0 0 1 1 ""  0 0
   9 L     9 0 0 0 0 1 1 ""  0 0
   10 I    10 0 0 0 0 1 1 ""  0 0
   11 C    11 0 0 0 0 1 1 ""  0 0
   12 D    12 0 0 0 0 1 1 ""  0 0
   13 A    13 0 0 0 0 1 1 ""  0 0
   14 F    14 0 0 0 0 1 1 ""  0 0
   15 R    15 0 0 0 0 1 1 ""  0 0
   16 E    16 0 0 0 0 1 1 ""  0 0
   17 V    17 0 0 0 0 1 1 ""  0 0
   18 V    18 0 0 0 0 1 1 ""  0 0
   19 G    19 0 0 0 0 1 1 ""  0 0
   20 E    20 0 0 0 0 1 1 ""  0 0
   21 S    21 0 0 0 0 1 1 ""  0 0
   22 V    22 0 0 0 0 1 1 ""  0 0
   23 T    23 0 0 0 0 1 1 ""  0 0
   24 P    24 0 0 0 0 1 1 ""  0 0
   25 A    25 0 0 0 0 1 1 ""  0 0
   26 E    26 0 0 0 0 1 1 ""  0 0
   27 N    27 0 0 0 0 1 1 ""  0 0
   28 F    28 0 0 0 0 1 1 ""  0 0
   29 F    29 0 0 0 0 1 1 ""  0 0
   30 E    30 0 0 0 0 1 1 ""  0 0
   31 A    31 0 0 0 0 1 1 ""  0 0
   32 G    32 0 0 0 0 1 1 ""  0 0
   33 A    33 0 0 0 0 1 1 ""  0 0
   34 T    34 0 0 0 0 1 1 ""  0 0
   35 S    35 0 0 0 0 1 1 ""  0 0
   36 L    36 0 0 0 0 1 1 ""  0 0
   37 N    37 0 0 0 0 1 1 ""  0 0
   38 L    38 0 0 0 0 1 1 ""  0 0
   39 V    39 0 0 0 0 1 1 ""  0 0
   40 Q    40 0 0 0 0 1 1 ""  0 0
   41 L    41 0 0 0 0 1 1 ""  0 0
   42 H    42 0 0 0 0 1 1 ""  0 0
   43 V    43 0 0 0 0 1 1 ""  0 0
   44 L    44 0 0 0 0 1 1 ""  0 0
   45 L    45 0 0 0 0 1 1 ""  0 0
   46 Q    46 0 0 0 0 1 1 ""  0 0
   47 R    47 0 0 0 0 1 1 ""  0 0
   48 H    48 0 0 0 0 1 1 ""  0 0
   49 E    49 0 0 0 0 1 1 ""  0 0
   50 F    50 0 0 0 0 1 1 ""  0 0
   51 S    51 0 0 0 0 1 1 ""  0 0
   52 T    52 0 0 0 0 1 1 ""  0 0
   53 L    53 0 0 0 0 1 1 ""  0 0
   54 T    54 0 0 0 0 1 1 ""  0 0
   55 L    55 0 0 0 0 1 1 ""  0 0
   56 L    56 0 0 0 0 1 1 ""  0 0
   57 D    57 0 0 0 0 1 1 ""  0 0
   58 L    58 0 0 0 0 1 1 ""  0 0
   59 F    59 0 0 0 0 1 1 ""  0 0
   60 T    60 0 0 0 0 1 1 ""  0 0
   61 H    61 0 0 0 0 1 1 ""  0 0
   62 P    62 0 0 0 0 1 1 ""  0 0
   63 S    63 0 0 0 0 1 1 ""  0 0
   64 P    64 0 0 0 0 1 1 ""  0 0
   65 A    65 0 0 0 0 1 1 ""  0 0
   66 A    66 0 0 0 0 1 1 ""  0 0
   67 L    67 0 0 0 0 1 1 ""  0 0
   68 A    68 0 0 0 0 1 1 ""  0 0
   69 D    69 0 0 0 0 1 1 ""  0 0
   70 Y    70 0 0 0 0 1 1 ""  0 0
   71 L    71 0 0 0 0 1 1 ""  0 0
   72 A    72 0 0 0 0 1 1 ""  0 0
   73 G    73 0 0 0 0 1 1 ""  0 0
   :::
  } 
 } 
 m_psp_seq { 
  s_psp_seq_name
  s_psp_seq_description
  s_psp_seq_accession_number
  i_psp_seq_type
  b_psp_seq_visible
  b_psp_seq_editable
  b_psp_seq_selected
  b_psp_seq_modified
  i_psp_align_start_position
  i_psp_align_end_position
  r_psp_align_score
  i_psp_align_percent_identity
  i_psp_align_percent_positive
  i_psp_align_percent_gaps
  r_psp_align_evalue
  :::
  PRED_NAME 
   SSPro 
   PRED_ACC 
   2
   0
   0
   0
   0
   0
   0
   0
   0
   0
   0
   0
  psp_sequence[73] { 
   # First column is code index #
   s_psp_seq_code
   s_psp_seq_code_id
   b_psp_res_selected
   b_psp_res_core_region
   b_psp_res_is_gap
   b_psp_res_is_gap_locked
   b_psp_res_in_use
   b_psp_res_template_region
   s_psp_res_template_id
   i_psp_res_fore_color
   i_psp_res_back_color
   :::
   1 -     1 0 0 0 0 1 1 ""  0 0
   2 -     2 0 0 0 0 1 1 ""  0 0
   3 -     3 0 0 0 0 1 1 ""  0 0
   4 H     4 0 0 0 0 1 1 ""  0 0
   5 H     5 0 0 0 0 1 1 ""  0 0
   6 H     6 0 0 0 0 1 1 ""  0 0
   7 H     7 0 0 0 0 1 1 ""  0 0
   8 H     8 0 0 0 0 1 1 ""  0 0
   9 H     9 0 0 0 0 1 1 ""  0 0
   10 H    10 0 0 0 0 1 1 ""  0 0
   11 H    11 0 0 0 0 1 1 ""  0 0
   12 H    12 0 0 0 0 1 1 ""  0 0
   13 H    13 0 0 0 0 1 1 ""  0 0
   14 H    14 0 0 0 0 1 1 ""  0 0
   15 H    15 0 0 0 0 1 1 ""  0 0
   16 H    16 0 0 0 0 1 1 ""  0 0
   17 H    17 0 0 0 0 1 1 ""  0 0
   18 H    18 0 0 0 0 1 1 ""  0 0
   19 -    19 0 0 0 0 1 1 ""  0 0
   20 -    20 0 0 0 0 1 1 ""  0 0
   21 -    21 0 0 0 0 1 1 ""  0 0
   22 -    22 0 0 0 0 1 1 ""  0 0
   23 -    23 0 0 0 0 1 1 ""  0 0
   24 -    24 0 0 0 0 1 1 ""  0 0
   25 H    25 0 0 0 0 1 1 ""  0 0
   26 H    26 0 0 0 0 1 1 ""  0 0
   27 H    27 0 0 0 0 1 1 ""  0 0
   28 H    28 0 0 0 0 1 1 ""  0 0
   29 H    29 0 0 0 0 1 1 ""  0 0
   30 H    30 0 0 0 0 1 1 ""  0 0
   31 H    31 0 0 0 0 1 1 ""  0 0
   32 -    32 0 0 0 0 1 1 ""  0 0
   33 H    33 0 0 0 0 1 1 ""  0 0
   34 H    34 0 0 0 0 1 1 ""  0 0
   35 H    35 0 0 0 0 1 1 ""  0 0
   36 H    36 0 0 0 0 1 1 ""  0 0
   37 H    37 0 0 0 0 1 1 ""  0 0
   38 H    38 0 0 0 0 1 1 ""  0 0
   39 H    39 0 0 0 0 1 1 ""  0 0
   40 H    40 0 0 0 0 1 1 ""  0 0
   41 H    41 0 0 0 0 1 1 ""  0 0
   42 H    42 0 0 0 0 1 1 ""  0 0
   43 H    43 0 0 0 0 1 1 ""  0 0
   44 H    44 0 0 0 0 1 1 ""  0 0
   45 H    45 0 0 0 0 1 1 ""  0 0
   46 H    46 0 0 0 0 1 1 ""  0 0
   47 H    47 0 0 0 0 1 1 ""  0 0
   48 H    48 0 0 0 0 1 1 ""  0 0
   49 H    49 0 0 0 0 1 1 ""  0 0
   50 H    50 0 0 0 0 1 1 ""  0 0
   51 -    51 0 0 0 0 1 1 ""  0 0
   52 H    52 0 0 0 0 1 1 ""  0 0
   53 H    53 0 0 0 0 1 1 ""  0 0
   54 H    54 0 0 0 0 1 1 ""  0 0
   55 H    55 0 0 0 0 1 1 ""  0 0
   56 H    56 0 0 0 0 1 1 ""  0 0
   57 H    57 0 0 0 0 1 1 ""  0 0
   58 H    58 0 0 0 0 1 1 ""  0 0
   59 -    59 0 0 0 0 1 1 ""  0 0
   60 -    60 0 0 0 0 1 1 ""  0 0
   61 -    61 0 0 0 0 1 1 ""  0 0
   62 -    62 0 0 0 0 1 1 ""  0 0
   63 -    63 0 0 0 0 1 1 ""  0 0
   64 H    64 0 0 0 0 1 1 ""  0 0
   65 H    65 0 0 0 0 1 1 ""  0 0
   66 H    66 0 0 0 0 1 1 ""  0 0
   67 H    67 0 0 0 0 1 1 ""  0 0
   68 H    68 0 0 0 0 1 1 ""  0 0
   69 H    69 0 0 0 0 1 1 ""  0 0
   70 H    70 0 0 0 0 1 1 ""  0 0
   71 H    71 0 0 0 0 1 1 ""  0 0
   72 -    72 0 0 0 0 1 1 ""  0 0
   73 -    73 0 0 0 0 1 1 ""  0 0
   :::
  } 
 } 
} 

